11:28:47 **** Incremental Build of configuration Debug for project lab3test ****
make all 
Building file: ../src/lab3test.cu
Invoking: NVCC Compiler
/usr/local/cuda-7.0/bin/nvcc -I/usr/local/cuda/samples/common/inc -G -g -lineinfo -O0 -gencode arch=compute_20,code=sm_20  -odir "src" -M -o "src/lab3test.d" "../src/lab3test.cu"
/usr/local/cuda-7.0/bin/nvcc -m64 -I/usr/local/cuda/samples/common/inc -G -g -lineinfo -O0 --compile --relocatable-device-code=false -gencode arch=compute_20,code=compute_20 -gencode arch=compute_20,code=sm_20  -x cu -o  "src/lab3test.o" "../src/lab3test.cu"
../src/lab3test.cu(417): warning: variable "d_vector" was declared but never referenced

../src/lab3test.cu(421): warning: variable "testSize" was declared but never referenced

../src/lab3test.cu(453): warning: variable "beta" was set but never used

../src/lab3test.cu(417): warning: variable "d_vector" was declared but never referenced

../src/lab3test.cu(421): warning: variable "testSize" was declared but never referenced

../src/lab3test.cu(453): warning: variable "beta" was set but never used

Finished building: ../src/lab3test.cu
 
Building target: lab3test
Invoking: NVCC Linker
/usr/local/cuda-7.0/bin/nvcc --cudart static --relocatable-device-code=false -gencode arch=compute_20,code=compute_20 -gencode arch=compute_20,code=sm_20 -link -o  "lab3test"  ./src/lab3test.o   -lcublas -lcusparse
Finished building target: lab3test
 
11:28:53 **** Incremental Build of configuration Debug for project lab3test ****
make all 
make: Nie ma nic do zrobienia w `all'.
11:38:30 **** Incremental Build of configuration Debug for project lab3test ****
make all 
make: Nie ma nic do zrobienia w `all'.
15:01:18 **** Incremental Build of configuration Debug for project lab3test ****
make all 
make: Nie ma nic do zrobienia w `all'.
15:01:34 **** Incremental Build of configuration Debug for project lab3test ****
make all 
make: Nie ma nic do zrobienia w `all'.
15:01:36 **** Incremental Build of configuration Debug for project lab3test ****
make all 
make: Nie ma nic do zrobienia w `all'.
15:02:00 **** Incremental Build of configuration Debug for project lab3test ****
make all 
Building file: ../src/lab3test.cu
Invoking: NVCC Compiler
/usr/local/cuda-7.0/bin/nvcc -I/usr/local/cuda/samples/common/inc -G -g -lineinfo -O0 -gencode arch=compute_20,code=sm_20  -odir "src" -M -o "src/lab3test.d" "../src/lab3test.cu"
/usr/local/cuda-7.0/bin/nvcc -m64 -I/usr/local/cuda/samples/common/inc -G -g -lineinfo -O0 --compile --relocatable-device-code=false -gencode arch=compute_20,code=compute_20 -gencode arch=compute_20,code=sm_20  -x cu -o  "src/lab3test.o" "../src/lab3test.cu"
../src/lab3test.cu(417): warning: variable "d_vector" was declared but never referenced

../src/lab3test.cu(421): warning: variable "testSize" was declared but never referenced

../src/lab3test.cu(453): warning: variable "beta" was set but never used

../src/lab3test.cu(417): warning: variable "d_vector" was declared but never referenced

../src/lab3test.cu(421): warning: variable "testSize" was declared but never referenced

../src/lab3test.cu(453): warning: variable "beta" was set but never used

Finished building: ../src/lab3test.cu
 
Building target: lab3test
Invoking: NVCC Linker
/usr/local/cuda-7.0/bin/nvcc --cudart static --relocatable-device-code=false -gencode arch=compute_20,code=compute_20 -gencode arch=compute_20,code=sm_20 -link -o  "lab3test"  ./src/lab3test.o   -lcublas -lcusparse
Finished building target: lab3test
 
15:02:30 **** Incremental Build of configuration Debug for project lab3test ****
make all 
Building file: ../src/lab3test.cu
Invoking: NVCC Compiler
/usr/local/cuda-7.0/bin/nvcc -I/usr/local/cuda/samples/common/inc -G -g -lineinfo -O0 -gencode arch=compute_20,code=sm_20  -odir "src" -M -o "src/lab3test.d" "../src/lab3test.cu"
/usr/local/cuda-7.0/bin/nvcc -m64 -I/usr/local/cuda/samples/common/inc -G -g -lineinfo -O0 --compile --relocatable-device-code=false -gencode arch=compute_20,code=compute_20 -gencode arch=compute_20,code=sm_20  -x cu -o  "src/lab3test.o" "../src/lab3test.cu"
../src/lab3test.cu(417): warning: variable "d_vector" was declared but never referenced

../src/lab3test.cu(421): warning: variable "testSize" was declared but never referenced

../src/lab3test.cu(453): warning: variable "beta" was set but never used

../src/lab3test.cu(417): warning: variable "d_vector" was declared but never referenced

../src/lab3test.cu(421): warning: variable "testSize" was declared but never referenced

../src/lab3test.cu(453): warning: variable "beta" was set but never used

Finished building: ../src/lab3test.cu
 
Building target: lab3test
Invoking: NVCC Linker
/usr/local/cuda-7.0/bin/nvcc --cudart static --relocatable-device-code=false -gencode arch=compute_20,code=compute_20 -gencode arch=compute_20,code=sm_20 -link -o  "lab3test"  ./src/lab3test.o   -lcublas -lcusparse
Finished building target: lab3test
 
15:03:07 **** Incremental Build of configuration Debug for project lab3test ****
make all 
Building file: ../src/lab3test.cu
Invoking: NVCC Compiler
/usr/local/cuda-7.0/bin/nvcc -I/usr/local/cuda/samples/common/inc -G -g -lineinfo -O0 -gencode arch=compute_20,code=sm_20  -odir "src" -M -o "src/lab3test.d" "../src/lab3test.cu"
/usr/local/cuda-7.0/bin/nvcc -m64 -I/usr/local/cuda/samples/common/inc -G -g -lineinfo -O0 --compile --relocatable-device-code=false -gencode arch=compute_20,code=compute_20 -gencode arch=compute_20,code=sm_20  -x cu -o  "src/lab3test.o" "../src/lab3test.cu"
../src/lab3test.cu(417): warning: variable "d_vector" was declared but never referenced

../src/lab3test.cu(421): warning: variable "testSize" was declared but never referenced

../src/lab3test.cu(453): warning: variable "beta" was set but never used

../src/lab3test.cu(417): warning: variable "d_vector" was declared but never referenced

../src/lab3test.cu(421): warning: variable "testSize" was declared but never referenced

../src/lab3test.cu(453): warning: variable "beta" was set but never used

Finished building: ../src/lab3test.cu
 
Building target: lab3test
Invoking: NVCC Linker
/usr/local/cuda-7.0/bin/nvcc --cudart static --relocatable-device-code=false -gencode arch=compute_20,code=compute_20 -gencode arch=compute_20,code=sm_20 -link -o  "lab3test"  ./src/lab3test.o   -lcublas -lcusparse
Finished building target: lab3test
 
15:03:39 **** Incremental Build of configuration Debug for project lab3test ****
make all 
Building file: ../src/lab3test.cu
Invoking: NVCC Compiler
/usr/local/cuda-7.0/bin/nvcc -I/usr/local/cuda/samples/common/inc -G -g -lineinfo -O0 -gencode arch=compute_20,code=sm_20  -odir "src" -M -o "src/lab3test.d" "../src/lab3test.cu"
/usr/local/cuda-7.0/bin/nvcc -m64 -I/usr/local/cuda/samples/common/inc -G -g -lineinfo -O0 --compile --relocatable-device-code=false -gencode arch=compute_20,code=compute_20 -gencode arch=compute_20,code=sm_20  -x cu -o  "src/lab3test.o" "../src/lab3test.cu"
../src/lab3test.cu(417): warning: variable "d_vector" was declared but never referenced

../src/lab3test.cu(421): warning: variable "testSize" was declared but never referenced

../src/lab3test.cu(453): warning: variable "beta" was set but never used

../src/lab3test.cu(417): warning: variable "d_vector" was declared but never referenced

../src/lab3test.cu(421): warning: variable "testSize" was declared but never referenced

../src/lab3test.cu(453): warning: variable "beta" was set but never used

Finished building: ../src/lab3test.cu
 
Building target: lab3test
Invoking: NVCC Linker
/usr/local/cuda-7.0/bin/nvcc --cudart static --relocatable-device-code=false -gencode arch=compute_20,code=compute_20 -gencode arch=compute_20,code=sm_20 -link -o  "lab3test"  ./src/lab3test.o   -lcublas -lcusparse
Finished building target: lab3test
 
15:04:54 **** Incremental Build of configuration Debug for project lab3test ****
make all 
Building file: ../src/lab3test.cu
Invoking: NVCC Compiler
/usr/local/cuda-7.0/bin/nvcc -I/usr/local/cuda/samples/common/inc -G -g -lineinfo -O0 -gencode arch=compute_20,code=sm_20  -odir "src" -M -o "src/lab3test.d" "../src/lab3test.cu"
/usr/local/cuda-7.0/bin/nvcc -m64 -I/usr/local/cuda/samples/common/inc -G -g -lineinfo -O0 --compile --relocatable-device-code=false -gencode arch=compute_20,code=compute_20 -gencode arch=compute_20,code=sm_20  -x cu -o  "src/lab3test.o" "../src/lab3test.cu"
../src/lab3test.cu(417): warning: variable "d_vector" was declared but never referenced

../src/lab3test.cu(421): warning: variable "testSize" was declared but never referenced

../src/lab3test.cu(453): warning: variable "beta" was set but never used

../src/lab3test.cu(417): warning: variable "d_vector" was declared but never referenced

../src/lab3test.cu(421): warning: variable "testSize" was declared but never referenced

../src/lab3test.cu(453): warning: variable "beta" was set but never used

Finished building: ../src/lab3test.cu
 
Building target: lab3test
Invoking: NVCC Linker
/usr/local/cuda-7.0/bin/nvcc --cudart static --relocatable-device-code=false -gencode arch=compute_20,code=compute_20 -gencode arch=compute_20,code=sm_20 -link -o  "lab3test"  ./src/lab3test.o   -lcublas -lcusparse
Finished building target: lab3test
 
15:05:34 **** Incremental Build of configuration Debug for project lab3test ****
make all 
make: Nie ma nic do zrobienia w `all'.
15:05:40 **** Incremental Build of configuration Debug for project lab3test ****
make all 
make: Nie ma nic do zrobienia w `all'.
15:11:52 **** Incremental Build of configuration Debug for project lab3test ****
make all 
Building file: ../src/lab3test.cu
Invoking: NVCC Compiler
/usr/local/cuda-7.0/bin/nvcc -I/usr/local/cuda/samples/common/inc -G -g -lineinfo -O0 -gencode arch=compute_20,code=sm_20  -odir "src" -M -o "src/lab3test.d" "../src/lab3test.cu"
/usr/local/cuda-7.0/bin/nvcc -m64 -I/usr/local/cuda/samples/common/inc -G -g -lineinfo -O0 --compile --relocatable-device-code=false -gencode arch=compute_20,code=compute_20 -gencode arch=compute_20,code=sm_20  -x cu -o  "src/lab3test.o" "../src/lab3test.cu"
../src/lab3test.cu(409): warning: variable "d_vector" was declared but never referenced

../src/lab3test.cu(413): warning: variable "testSize" was declared but never referenced

../src/lab3test.cu(443): warning: variable "beta" was set but never used

../src/lab3test.cu(409): warning: variable "d_vector" was declared but never referenced

../src/lab3test.cu(413): warning: variable "testSize" was declared but never referenced

../src/lab3test.cu(443): warning: variable "beta" was set but never used

Finished building: ../src/lab3test.cu
 
Building target: lab3test
Invoking: NVCC Linker
/usr/local/cuda-7.0/bin/nvcc --cudart static --relocatable-device-code=false -gencode arch=compute_20,code=compute_20 -gencode arch=compute_20,code=sm_20 -link -o  "lab3test"  ./src/lab3test.o   -lcublas -lcusparse
Finished building target: lab3test
 
15:12:39 **** Incremental Build of configuration Debug for project lab3test ****
make all 
Building file: ../src/lab3test.cu
Invoking: NVCC Compiler
/usr/local/cuda-7.0/bin/nvcc -I/usr/local/cuda/samples/common/inc -G -g -lineinfo -O0 -gencode arch=compute_20,code=sm_20  -odir "src" -M -o "src/lab3test.d" "../src/lab3test.cu"
/usr/local/cuda-7.0/bin/nvcc -m64 -I/usr/local/cuda/samples/common/inc -G -g -lineinfo -O0 --compile --relocatable-device-code=false -gencode arch=compute_20,code=compute_20 -gencode arch=compute_20,code=sm_20  -x cu -o  "src/lab3test.o" "../src/lab3test.cu"
../src/lab3test.cu(409): warning: variable "d_vector" was declared but never referenced

../src/lab3test.cu(413): warning: variable "testSize" was declared but never referenced

../src/lab3test.cu(443): warning: variable "beta" was set but never used

../src/lab3test.cu(409): warning: variable "d_vector" was declared but never referenced

../src/lab3test.cu(413): warning: variable "testSize" was declared but never referenced

../src/lab3test.cu(443): warning: variable "beta" was set but never used

Finished building: ../src/lab3test.cu
 
Building target: lab3test
Invoking: NVCC Linker
/usr/local/cuda-7.0/bin/nvcc --cudart static --relocatable-device-code=false -gencode arch=compute_20,code=compute_20 -gencode arch=compute_20,code=sm_20 -link -o  "lab3test"  ./src/lab3test.o   -lcublas -lcusparse
Finished building target: lab3test
 
15:13:05 **** Incremental Build of configuration Debug for project lab3test ****
make all 
Building file: ../src/lab3test.cu
Invoking: NVCC Compiler
/usr/local/cuda-7.0/bin/nvcc -I/usr/local/cuda/samples/common/inc -G -g -lineinfo -O0 -gencode arch=compute_20,code=sm_20  -odir "src" -M -o "src/lab3test.d" "../src/lab3test.cu"
/usr/local/cuda-7.0/bin/nvcc -m64 -I/usr/local/cuda/samples/common/inc -G -g -lineinfo -O0 --compile --relocatable-device-code=false -gencode arch=compute_20,code=compute_20 -gencode arch=compute_20,code=sm_20  -x cu -o  "src/lab3test.o" "../src/lab3test.cu"
../src/lab3test.cu(409): warning: variable "d_vector" was declared but never referenced

../src/lab3test.cu(413): warning: variable "testSize" was declared but never referenced

../src/lab3test.cu(443): warning: variable "beta" was set but never used

../src/lab3test.cu(409): warning: variable "d_vector" was declared but never referenced

../src/lab3test.cu(413): warning: variable "testSize" was declared but never referenced

../src/lab3test.cu(443): warning: variable "beta" was set but never used

Finished building: ../src/lab3test.cu
 
Building target: lab3test
Invoking: NVCC Linker
/usr/local/cuda-7.0/bin/nvcc --cudart static --relocatable-device-code=false -gencode arch=compute_20,code=compute_20 -gencode arch=compute_20,code=sm_20 -link -o  "lab3test"  ./src/lab3test.o   -lcublas -lcusparse
Finished building target: lab3test
 
15:13:14 **** Incremental Build of configuration Debug for project lab3test ****
make all 
Building file: ../src/lab3test.cu
Invoking: NVCC Compiler
/usr/local/cuda-7.0/bin/nvcc -I/usr/local/cuda/samples/common/inc -G -g -lineinfo -O0 -gencode arch=compute_20,code=sm_20  -odir "src" -M -o "src/lab3test.d" "../src/lab3test.cu"
/usr/local/cuda-7.0/bin/nvcc -m64 -I/usr/local/cuda/samples/common/inc -G -g -lineinfo -O0 --compile --relocatable-device-code=false -gencode arch=compute_20,code=compute_20 -gencode arch=compute_20,code=sm_20  -x cu -o  "src/lab3test.o" "../src/lab3test.cu"
../src/lab3test.cu(409): warning: variable "d_vector" was declared but never referenced

../src/lab3test.cu(413): warning: variable "testSize" was declared but never referenced

../src/lab3test.cu(443): warning: variable "beta" was set but never used

../src/lab3test.cu(409): warning: variable "d_vector" was declared but never referenced

../src/lab3test.cu(413): warning: variable "testSize" was declared but never referenced

../src/lab3test.cu(443): warning: variable "beta" was set but never used

Finished building: ../src/lab3test.cu
 
Building target: lab3test
Invoking: NVCC Linker
/usr/local/cuda-7.0/bin/nvcc --cudart static --relocatable-device-code=false -gencode arch=compute_20,code=compute_20 -gencode arch=compute_20,code=sm_20 -link -o  "lab3test"  ./src/lab3test.o   -lcublas -lcusparse
Finished building target: lab3test
 
15:18:24 **** Incremental Build of configuration Debug for project lab3test ****
make all 
Building file: ../src/lab3test.cu
Invoking: NVCC Compiler
/usr/local/cuda-7.0/bin/nvcc -I/usr/local/cuda/samples/common/inc -G -g -lineinfo -O0 -gencode arch=compute_20,code=sm_20  -odir "src" -M -o "src/lab3test.d" "../src/lab3test.cu"
/usr/local/cuda-7.0/bin/nvcc -m64 -I/usr/local/cuda/samples/common/inc -G -g -lineinfo -O0 --compile --relocatable-device-code=false -gencode arch=compute_20,code=compute_20 -gencode arch=compute_20,code=sm_20  -x cu -o  "src/lab3test.o" "../src/lab3test.cu"
../src/lab3test.cu(345): error: expected an expression

../src/lab3test.cu(335): warning: variable "endIter" was declared but never referenced

../src/lab3test.cu(409): warning: variable "d_vector" was declared but never referenced

../src/lab3test.cu(413): warning: variable "testSize" was declared but never referenced

../src/lab3test.cu(443): warning: variable "beta" was set but never used

1 error detected in the compilation of "/tmp/tmpxft_0000428f_00000000-7_lab3test.cpp1.ii".
make: *** [src/lab3test.o] Błąd 2
15:18:39 **** Incremental Build of configuration Debug for project lab3test ****
make all 
Building file: ../src/lab3test.cu
Invoking: NVCC Compiler
/usr/local/cuda-7.0/bin/nvcc -I/usr/local/cuda/samples/common/inc -G -g -lineinfo -O0 -gencode arch=compute_20,code=sm_20  -odir "src" -M -o "src/lab3test.d" "../src/lab3test.cu"
/usr/local/cuda-7.0/bin/nvcc -m64 -I/usr/local/cuda/samples/common/inc -G -g -lineinfo -O0 --compile --relocatable-device-code=false -gencode arch=compute_20,code=compute_20 -gencode arch=compute_20,code=sm_20  -x cu -o  "src/lab3test.o" "../src/lab3test.cu"
../src/lab3test.cu(335): warning: variable "endIter" was declared but never referenced

../src/lab3test.cu(409): warning: variable "d_vector" was declared but never referenced

../src/lab3test.cu(413): warning: variable "testSize" was declared but never referenced

../src/lab3test.cu(443): warning: variable "beta" was set but never used

../src/lab3test.cu(335): warning: variable "endIter" was declared but never referenced

../src/lab3test.cu(409): warning: variable "d_vector" was declared but never referenced

../src/lab3test.cu(413): warning: variable "testSize" was declared but never referenced

../src/lab3test.cu(443): warning: variable "beta" was set but never used

Finished building: ../src/lab3test.cu
 
Building target: lab3test
Invoking: NVCC Linker
/usr/local/cuda-7.0/bin/nvcc --cudart static --relocatable-device-code=false -gencode arch=compute_20,code=compute_20 -gencode arch=compute_20,code=sm_20 -link -o  "lab3test"  ./src/lab3test.o   -lcublas -lcusparse
Finished building target: lab3test
 
15:20:01 **** Incremental Build of configuration Debug for project lab3test ****
make all 
Building file: ../src/lab3test.cu
Invoking: NVCC Compiler
/usr/local/cuda-7.0/bin/nvcc -I/usr/local/cuda/samples/common/inc -G -g -lineinfo -O0 -gencode arch=compute_20,code=sm_20  -odir "src" -M -o "src/lab3test.d" "../src/lab3test.cu"
/usr/local/cuda-7.0/bin/nvcc -m64 -I/usr/local/cuda/samples/common/inc -G -g -lineinfo -O0 --compile --relocatable-device-code=false -gencode arch=compute_20,code=compute_20 -gencode arch=compute_20,code=sm_20  -x cu -o  "src/lab3test.o" "../src/lab3test.cu"
../src/lab3test.cu(335): warning: variable "endIter" was declared but never referenced

../src/lab3test.cu(409): warning: variable "d_vector" was declared but never referenced

../src/lab3test.cu(413): warning: variable "testSize" was declared but never referenced

../src/lab3test.cu(443): warning: variable "beta" was set but never used

../src/lab3test.cu(335): warning: variable "endIter" was declared but never referenced

../src/lab3test.cu(409): warning: variable "d_vector" was declared but never referenced

../src/lab3test.cu(413): warning: variable "testSize" was declared but never referenced

../src/lab3test.cu(443): warning: variable "beta" was set but never used

Finished building: ../src/lab3test.cu
 
Building target: lab3test
Invoking: NVCC Linker
/usr/local/cuda-7.0/bin/nvcc --cudart static --relocatable-device-code=false -gencode arch=compute_20,code=compute_20 -gencode arch=compute_20,code=sm_20 -link -o  "lab3test"  ./src/lab3test.o   -lcublas -lcusparse
Finished building target: lab3test
 
15:20:17 **** Incremental Build of configuration Debug for project lab3test ****
make all 
Building file: ../src/lab3test.cu
Invoking: NVCC Compiler
/usr/local/cuda-7.0/bin/nvcc -I/usr/local/cuda/samples/common/inc -G -g -lineinfo -O0 -gencode arch=compute_20,code=sm_20  -odir "src" -M -o "src/lab3test.d" "../src/lab3test.cu"
/usr/local/cuda-7.0/bin/nvcc -m64 -I/usr/local/cuda/samples/common/inc -G -g -lineinfo -O0 --compile --relocatable-device-code=false -gencode arch=compute_20,code=compute_20 -gencode arch=compute_20,code=sm_20  -x cu -o  "src/lab3test.o" "../src/lab3test.cu"
../src/lab3test.cu(335): warning: variable "endIter" was declared but never referenced

../src/lab3test.cu(409): warning: variable "d_vector" was declared but never referenced

../src/lab3test.cu(413): warning: variable "testSize" was declared but never referenced

../src/lab3test.cu(443): warning: variable "beta" was set but never used

../src/lab3test.cu(335): warning: variable "endIter" was declared but never referenced

../src/lab3test.cu(409): warning: variable "d_vector" was declared but never referenced

../src/lab3test.cu(413): warning: variable "testSize" was declared but never referenced

../src/lab3test.cu(443): warning: variable "beta" was set but never used

Finished building: ../src/lab3test.cu
 
Building target: lab3test
Invoking: NVCC Linker
/usr/local/cuda-7.0/bin/nvcc --cudart static --relocatable-device-code=false -gencode arch=compute_20,code=compute_20 -gencode arch=compute_20,code=sm_20 -link -o  "lab3test"  ./src/lab3test.o   -lcublas -lcusparse
Finished building target: lab3test
 
15:20:31 **** Incremental Build of configuration Debug for project lab3test ****
make all 
Building file: ../src/lab3test.cu
Invoking: NVCC Compiler
/usr/local/cuda-7.0/bin/nvcc -I/usr/local/cuda/samples/common/inc -G -g -lineinfo -O0 -gencode arch=compute_20,code=sm_20  -odir "src" -M -o "src/lab3test.d" "../src/lab3test.cu"
/usr/local/cuda-7.0/bin/nvcc -m64 -I/usr/local/cuda/samples/common/inc -G -g -lineinfo -O0 --compile --relocatable-device-code=false -gencode arch=compute_20,code=compute_20 -gencode arch=compute_20,code=sm_20  -x cu -o  "src/lab3test.o" "../src/lab3test.cu"
../src/lab3test.cu(335): warning: variable "endIter" was declared but never referenced

../src/lab3test.cu(409): warning: variable "d_vector" was declared but never referenced

../src/lab3test.cu(413): warning: variable "testSize" was declared but never referenced

../src/lab3test.cu(443): warning: variable "beta" was set but never used

../src/lab3test.cu(335): warning: variable "endIter" was declared but never referenced

../src/lab3test.cu(409): warning: variable "d_vector" was declared but never referenced

../src/lab3test.cu(413): warning: variable "testSize" was declared but never referenced

../src/lab3test.cu(443): warning: variable "beta" was set but never used

Finished building: ../src/lab3test.cu
 
Building target: lab3test
Invoking: NVCC Linker
/usr/local/cuda-7.0/bin/nvcc --cudart static --relocatable-device-code=false -gencode arch=compute_20,code=compute_20 -gencode arch=compute_20,code=sm_20 -link -o  "lab3test"  ./src/lab3test.o   -lcublas -lcusparse
Finished building target: lab3test
 
15:20:58 **** Incremental Build of configuration Debug for project lab3test ****
make all 
Building file: ../src/lab3test.cu
Invoking: NVCC Compiler
/usr/local/cuda-7.0/bin/nvcc -I/usr/local/cuda/samples/common/inc -G -g -lineinfo -O0 -gencode arch=compute_20,code=sm_20  -odir "src" -M -o "src/lab3test.d" "../src/lab3test.cu"
/usr/local/cuda-7.0/bin/nvcc -m64 -I/usr/local/cuda/samples/common/inc -G -g -lineinfo -O0 --compile --relocatable-device-code=false -gencode arch=compute_20,code=compute_20 -gencode arch=compute_20,code=sm_20  -x cu -o  "src/lab3test.o" "../src/lab3test.cu"
../src/lab3test.cu(335): warning: variable "endIter" was declared but never referenced

../src/lab3test.cu(409): warning: variable "d_vector" was declared but never referenced

../src/lab3test.cu(413): warning: variable "testSize" was declared but never referenced

../src/lab3test.cu(443): warning: variable "beta" was set but never used

../src/lab3test.cu(335): warning: variable "endIter" was declared but never referenced

../src/lab3test.cu(409): warning: variable "d_vector" was declared but never referenced

../src/lab3test.cu(413): warning: variable "testSize" was declared but never referenced

../src/lab3test.cu(443): warning: variable "beta" was set but never used

Finished building: ../src/lab3test.cu
 
Building target: lab3test
Invoking: NVCC Linker
/usr/local/cuda-7.0/bin/nvcc --cudart static --relocatable-device-code=false -gencode arch=compute_20,code=compute_20 -gencode arch=compute_20,code=sm_20 -link -o  "lab3test"  ./src/lab3test.o   -lcublas -lcusparse
Finished building target: lab3test
 
15:21:26 **** Incremental Build of configuration Debug for project lab3test ****
make all 
Building file: ../src/lab3test.cu
Invoking: NVCC Compiler
/usr/local/cuda-7.0/bin/nvcc -I/usr/local/cuda/samples/common/inc -G -g -lineinfo -O0 -gencode arch=compute_20,code=sm_20  -odir "src" -M -o "src/lab3test.d" "../src/lab3test.cu"
/usr/local/cuda-7.0/bin/nvcc -m64 -I/usr/local/cuda/samples/common/inc -G -g -lineinfo -O0 --compile --relocatable-device-code=false -gencode arch=compute_20,code=compute_20 -gencode arch=compute_20,code=sm_20  -x cu -o  "src/lab3test.o" "../src/lab3test.cu"
../src/lab3test.cu(335): warning: variable "endIter" was declared but never referenced

../src/lab3test.cu(409): warning: variable "d_vector" was declared but never referenced

../src/lab3test.cu(413): warning: variable "testSize" was declared but never referenced

../src/lab3test.cu(443): warning: variable "beta" was set but never used

../src/lab3test.cu(335): warning: variable "endIter" was declared but never referenced

../src/lab3test.cu(409): warning: variable "d_vector" was declared but never referenced

../src/lab3test.cu(413): warning: variable "testSize" was declared but never referenced

../src/lab3test.cu(443): warning: variable "beta" was set but never used

Finished building: ../src/lab3test.cu
 
Building target: lab3test
Invoking: NVCC Linker
/usr/local/cuda-7.0/bin/nvcc --cudart static --relocatable-device-code=false -gencode arch=compute_20,code=compute_20 -gencode arch=compute_20,code=sm_20 -link -o  "lab3test"  ./src/lab3test.o   -lcublas -lcusparse
Finished building target: lab3test
 
15:22:24 **** Incremental Build of configuration Debug for project lab3test ****
make all 
Building file: ../src/lab3test.cu
Invoking: NVCC Compiler
/usr/local/cuda-7.0/bin/nvcc -I/usr/local/cuda/samples/common/inc -G -g -lineinfo -O0 -gencode arch=compute_20,code=sm_20  -odir "src" -M -o "src/lab3test.d" "../src/lab3test.cu"
/usr/local/cuda-7.0/bin/nvcc -m64 -I/usr/local/cuda/samples/common/inc -G -g -lineinfo -O0 --compile --relocatable-device-code=false -gencode arch=compute_20,code=compute_20 -gencode arch=compute_20,code=sm_20  -x cu -o  "src/lab3test.o" "../src/lab3test.cu"
../src/lab3test.cu(335): warning: variable "endIter" was declared but never referenced

../src/lab3test.cu(409): warning: variable "d_vector" was declared but never referenced

../src/lab3test.cu(413): warning: variable "testSize" was declared but never referenced

../src/lab3test.cu(443): warning: variable "beta" was set but never used

../src/lab3test.cu(335): warning: variable "endIter" was declared but never referenced

../src/lab3test.cu(409): warning: variable "d_vector" was declared but never referenced

../src/lab3test.cu(413): warning: variable "testSize" was declared but never referenced

../src/lab3test.cu(443): warning: variable "beta" was set but never used

Finished building: ../src/lab3test.cu
 
Building target: lab3test
Invoking: NVCC Linker
/usr/local/cuda-7.0/bin/nvcc --cudart static --relocatable-device-code=false -gencode arch=compute_20,code=compute_20 -gencode arch=compute_20,code=sm_20 -link -o  "lab3test"  ./src/lab3test.o   -lcublas -lcusparse
Finished building target: lab3test
 
15:22:39 **** Incremental Build of configuration Debug for project lab3test ****
make all 
Building file: ../src/lab3test.cu
Invoking: NVCC Compiler
/usr/local/cuda-7.0/bin/nvcc -I/usr/local/cuda/samples/common/inc -G -g -lineinfo -O0 -gencode arch=compute_20,code=sm_20  -odir "src" -M -o "src/lab3test.d" "../src/lab3test.cu"
/usr/local/cuda-7.0/bin/nvcc -m64 -I/usr/local/cuda/samples/common/inc -G -g -lineinfo -O0 --compile --relocatable-device-code=false -gencode arch=compute_20,code=compute_20 -gencode arch=compute_20,code=sm_20  -x cu -o  "src/lab3test.o" "../src/lab3test.cu"
../src/lab3test.cu(335): warning: variable "endIter" was declared but never referenced

../src/lab3test.cu(409): warning: variable "d_vector" was declared but never referenced

../src/lab3test.cu(413): warning: variable "testSize" was declared but never referenced

../src/lab3test.cu(443): warning: variable "beta" was set but never used

../src/lab3test.cu(335): warning: variable "endIter" was declared but never referenced

../src/lab3test.cu(409): warning: variable "d_vector" was declared but never referenced

../src/lab3test.cu(413): warning: variable "testSize" was declared but never referenced

../src/lab3test.cu(443): warning: variable "beta" was set but never used

Finished building: ../src/lab3test.cu
 
Building target: lab3test
Invoking: NVCC Linker
/usr/local/cuda-7.0/bin/nvcc --cudart static --relocatable-device-code=false -gencode arch=compute_20,code=compute_20 -gencode arch=compute_20,code=sm_20 -link -o  "lab3test"  ./src/lab3test.o   -lcublas -lcusparse
Finished building target: lab3test
 
15:24:01 **** Incremental Build of configuration Debug for project lab3test ****
make all 
Building file: ../src/lab3test.cu
Invoking: NVCC Compiler
/usr/local/cuda-7.0/bin/nvcc -I/usr/local/cuda/samples/common/inc -G -g -lineinfo -O0 -gencode arch=compute_20,code=sm_20  -odir "src" -M -o "src/lab3test.d" "../src/lab3test.cu"
/usr/local/cuda-7.0/bin/nvcc -m64 -I/usr/local/cuda/samples/common/inc -G -g -lineinfo -O0 --compile --relocatable-device-code=false -gencode arch=compute_20,code=compute_20 -gencode arch=compute_20,code=sm_20  -x cu -o  "src/lab3test.o" "../src/lab3test.cu"
../src/lab3test.cu(335): warning: variable "endIter" was declared but never referenced

../src/lab3test.cu(408): warning: variable "d_vector" was declared but never referenced

../src/lab3test.cu(412): warning: variable "testSize" was declared but never referenced

../src/lab3test.cu(442): warning: variable "beta" was set but never used

../src/lab3test.cu(335): warning: variable "endIter" was declared but never referenced

../src/lab3test.cu(408): warning: variable "d_vector" was declared but never referenced

../src/lab3test.cu(412): warning: variable "testSize" was declared but never referenced

../src/lab3test.cu(442): warning: variable "beta" was set but never used

Finished building: ../src/lab3test.cu
 
Building target: lab3test
Invoking: NVCC Linker
/usr/local/cuda-7.0/bin/nvcc --cudart static --relocatable-device-code=false -gencode arch=compute_20,code=compute_20 -gencode arch=compute_20,code=sm_20 -link -o  "lab3test"  ./src/lab3test.o   -lcublas -lcusparse
Finished building target: lab3test
 
15:25:04 **** Incremental Build of configuration Debug for project lab3test ****
make all 
Building file: ../src/lab3test.cu
Invoking: NVCC Compiler
/usr/local/cuda-7.0/bin/nvcc -I/usr/local/cuda/samples/common/inc -G -g -lineinfo -O0 -gencode arch=compute_20,code=sm_20  -odir "src" -M -o "src/lab3test.d" "../src/lab3test.cu"
/usr/local/cuda-7.0/bin/nvcc -m64 -I/usr/local/cuda/samples/common/inc -G -g -lineinfo -O0 --compile --relocatable-device-code=false -gencode arch=compute_20,code=compute_20 -gencode arch=compute_20,code=sm_20  -x cu -o  "src/lab3test.o" "../src/lab3test.cu"
../src/lab3test.cu(335): warning: variable "endIter" was declared but never referenced

../src/lab3test.cu(408): warning: variable "d_vector" was declared but never referenced

../src/lab3test.cu(412): warning: variable "testSize" was declared but never referenced

../src/lab3test.cu(442): warning: variable "beta" was set but never used

../src/lab3test.cu(335): warning: variable "endIter" was declared but never referenced

../src/lab3test.cu(408): warning: variable "d_vector" was declared but never referenced

../src/lab3test.cu(412): warning: variable "testSize" was declared but never referenced

../src/lab3test.cu(442): warning: variable "beta" was set but never used

Finished building: ../src/lab3test.cu
 
Building target: lab3test
Invoking: NVCC Linker
/usr/local/cuda-7.0/bin/nvcc --cudart static --relocatable-device-code=false -gencode arch=compute_20,code=compute_20 -gencode arch=compute_20,code=sm_20 -link -o  "lab3test"  ./src/lab3test.o   -lcublas -lcusparse
Finished building target: lab3test
 
15:25:58 **** Incremental Build of configuration Debug for project lab3test ****
make all 
Building file: ../src/lab3test.cu
Invoking: NVCC Compiler
/usr/local/cuda-7.0/bin/nvcc -I/usr/local/cuda/samples/common/inc -G -g -lineinfo -O0 -gencode arch=compute_20,code=sm_20  -odir "src" -M -o "src/lab3test.d" "../src/lab3test.cu"
/usr/local/cuda-7.0/bin/nvcc -m64 -I/usr/local/cuda/samples/common/inc -G -g -lineinfo -O0 --compile --relocatable-device-code=false -gencode arch=compute_20,code=compute_20 -gencode arch=compute_20,code=sm_20  -x cu -o  "src/lab3test.o" "../src/lab3test.cu"
../src/lab3test.cu(335): warning: variable "endIter" was declared but never referenced

../src/lab3test.cu(408): warning: variable "d_vector" was declared but never referenced

../src/lab3test.cu(412): warning: variable "testSize" was declared but never referenced

../src/lab3test.cu(442): warning: variable "beta" was set but never used

../src/lab3test.cu(335): warning: variable "endIter" was declared but never referenced

../src/lab3test.cu(408): warning: variable "d_vector" was declared but never referenced

../src/lab3test.cu(412): warning: variable "testSize" was declared but never referenced

../src/lab3test.cu(442): warning: variable "beta" was set but never used

Finished building: ../src/lab3test.cu
 
Building target: lab3test
Invoking: NVCC Linker
/usr/local/cuda-7.0/bin/nvcc --cudart static --relocatable-device-code=false -gencode arch=compute_20,code=compute_20 -gencode arch=compute_20,code=sm_20 -link -o  "lab3test"  ./src/lab3test.o   -lcublas -lcusparse
Finished building target: lab3test
 
15:26:30 **** Incremental Build of configuration Debug for project lab3test ****
make all 
Building file: ../src/lab3test.cu
Invoking: NVCC Compiler
/usr/local/cuda-7.0/bin/nvcc -I/usr/local/cuda/samples/common/inc -G -g -lineinfo -O0 -gencode arch=compute_20,code=sm_20  -odir "src" -M -o "src/lab3test.d" "../src/lab3test.cu"
/usr/local/cuda-7.0/bin/nvcc -m64 -I/usr/local/cuda/samples/common/inc -G -g -lineinfo -O0 --compile --relocatable-device-code=false -gencode arch=compute_20,code=compute_20 -gencode arch=compute_20,code=sm_20  -x cu -o  "src/lab3test.o" "../src/lab3test.cu"
../src/lab3test.cu(335): warning: variable "endIter" was declared but never referenced

../src/lab3test.cu(408): warning: variable "d_vector" was declared but never referenced

../src/lab3test.cu(412): warning: variable "testSize" was declared but never referenced

../src/lab3test.cu(442): warning: variable "beta" was set but never used

../src/lab3test.cu(335): warning: variable "endIter" was declared but never referenced

../src/lab3test.cu(408): warning: variable "d_vector" was declared but never referenced

../src/lab3test.cu(412): warning: variable "testSize" was declared but never referenced

../src/lab3test.cu(442): warning: variable "beta" was set but never used

Finished building: ../src/lab3test.cu
 
Building target: lab3test
Invoking: NVCC Linker
/usr/local/cuda-7.0/bin/nvcc --cudart static --relocatable-device-code=false -gencode arch=compute_20,code=compute_20 -gencode arch=compute_20,code=sm_20 -link -o  "lab3test"  ./src/lab3test.o   -lcublas -lcusparse
Finished building target: lab3test
 
15:28:20 **** Incremental Build of configuration Debug for project lab3test ****
make all 
Building file: ../src/lab3test.cu
Invoking: NVCC Compiler
/usr/local/cuda-7.0/bin/nvcc -I/usr/local/cuda/samples/common/inc -G -g -lineinfo -O0 -gencode arch=compute_20,code=sm_20  -odir "src" -M -o "src/lab3test.d" "../src/lab3test.cu"
/usr/local/cuda-7.0/bin/nvcc -m64 -I/usr/local/cuda/samples/common/inc -G -g -lineinfo -O0 --compile --relocatable-device-code=false -gencode arch=compute_20,code=compute_20 -gencode arch=compute_20,code=sm_20  -x cu -o  "src/lab3test.o" "../src/lab3test.cu"
../src/lab3test.cu(335): warning: variable "endIter" was declared but never referenced

../src/lab3test.cu(410): warning: variable "d_vector" was declared but never referenced

../src/lab3test.cu(414): warning: variable "testSize" was declared but never referenced

../src/lab3test.cu(444): warning: variable "beta" was set but never used

../src/lab3test.cu(335): warning: variable "endIter" was declared but never referenced

../src/lab3test.cu(410): warning: variable "d_vector" was declared but never referenced

../src/lab3test.cu(414): warning: variable "testSize" was declared but never referenced

../src/lab3test.cu(444): warning: variable "beta" was set but never used

Finished building: ../src/lab3test.cu
 
Building target: lab3test
Invoking: NVCC Linker
/usr/local/cuda-7.0/bin/nvcc --cudart static --relocatable-device-code=false -gencode arch=compute_20,code=compute_20 -gencode arch=compute_20,code=sm_20 -link -o  "lab3test"  ./src/lab3test.o   -lcublas -lcusparse
Finished building target: lab3test
 
15:28:32 **** Incremental Build of configuration Debug for project lab3test ****
make all 
Building file: ../src/lab3test.cu
Invoking: NVCC Compiler
/usr/local/cuda-7.0/bin/nvcc -I/usr/local/cuda/samples/common/inc -G -g -lineinfo -O0 -gencode arch=compute_20,code=sm_20  -odir "src" -M -o "src/lab3test.d" "../src/lab3test.cu"
/usr/local/cuda-7.0/bin/nvcc -m64 -I/usr/local/cuda/samples/common/inc -G -g -lineinfo -O0 --compile --relocatable-device-code=false -gencode arch=compute_20,code=compute_20 -gencode arch=compute_20,code=sm_20  -x cu -o  "src/lab3test.o" "../src/lab3test.cu"
../src/lab3test.cu(335): warning: variable "endIter" was declared but never referenced

../src/lab3test.cu(410): warning: variable "d_vector" was declared but never referenced

../src/lab3test.cu(414): warning: variable "testSize" was declared but never referenced

../src/lab3test.cu(444): warning: variable "beta" was set but never used

../src/lab3test.cu(335): warning: variable "endIter" was declared but never referenced

../src/lab3test.cu(410): warning: variable "d_vector" was declared but never referenced

../src/lab3test.cu(414): warning: variable "testSize" was declared but never referenced

../src/lab3test.cu(444): warning: variable "beta" was set but never used

Finished building: ../src/lab3test.cu
 
Building target: lab3test
Invoking: NVCC Linker
/usr/local/cuda-7.0/bin/nvcc --cudart static --relocatable-device-code=false -gencode arch=compute_20,code=compute_20 -gencode arch=compute_20,code=sm_20 -link -o  "lab3test"  ./src/lab3test.o   -lcublas -lcusparse
Finished building target: lab3test
 
15:29:52 **** Incremental Build of configuration Debug for project lab3test ****
make all 
Building file: ../src/lab3test.cu
Invoking: NVCC Compiler
/usr/local/cuda-7.0/bin/nvcc -I/usr/local/cuda/samples/common/inc -G -g -lineinfo -O0 -gencode arch=compute_20,code=sm_20  -odir "src" -M -o "src/lab3test.d" "../src/lab3test.cu"
/usr/local/cuda-7.0/bin/nvcc -m64 -I/usr/local/cuda/samples/common/inc -G -g -lineinfo -O0 --compile --relocatable-device-code=false -gencode arch=compute_20,code=compute_20 -gencode arch=compute_20,code=sm_20  -x cu -o  "src/lab3test.o" "../src/lab3test.cu"
../src/lab3test.cu(335): warning: variable "endIter" was declared but never referenced

../src/lab3test.cu(411): warning: variable "d_vector" was declared but never referenced

../src/lab3test.cu(415): warning: variable "testSize" was declared but never referenced

../src/lab3test.cu(445): warning: variable "beta" was set but never used

../src/lab3test.cu(335): warning: variable "endIter" was declared but never referenced

../src/lab3test.cu(411): warning: variable "d_vector" was declared but never referenced

../src/lab3test.cu(415): warning: variable "testSize" was declared but never referenced

../src/lab3test.cu(445): warning: variable "beta" was set but never used

Finished building: ../src/lab3test.cu
 
Building target: lab3test
Invoking: NVCC Linker
/usr/local/cuda-7.0/bin/nvcc --cudart static --relocatable-device-code=false -gencode arch=compute_20,code=compute_20 -gencode arch=compute_20,code=sm_20 -link -o  "lab3test"  ./src/lab3test.o   -lcublas -lcusparse
Finished building target: lab3test
 
15:31:02 **** Incremental Build of configuration Debug for project lab3test ****
make all 
Building file: ../src/lab3test.cu
Invoking: NVCC Compiler
/usr/local/cuda-7.0/bin/nvcc -I/usr/local/cuda/samples/common/inc -G -g -lineinfo -O0 -gencode arch=compute_20,code=sm_20  -odir "src" -M -o "src/lab3test.d" "../src/lab3test.cu"
/usr/local/cuda-7.0/bin/nvcc -m64 -I/usr/local/cuda/samples/common/inc -G -g -lineinfo -O0 --compile --relocatable-device-code=false -gencode arch=compute_20,code=compute_20 -gencode arch=compute_20,code=sm_20  -x cu -o  "src/lab3test.o" "../src/lab3test.cu"
../src/lab3test.cu(335): warning: variable "endIter" was declared but never referenced

../src/lab3test.cu(411): warning: variable "d_vector" was declared but never referenced

../src/lab3test.cu(415): warning: variable "testSize" was declared but never referenced

../src/lab3test.cu(445): warning: variable "beta" was set but never used

../src/lab3test.cu(335): warning: variable "endIter" was declared but never referenced

../src/lab3test.cu(411): warning: variable "d_vector" was declared but never referenced

../src/lab3test.cu(415): warning: variable "testSize" was declared but never referenced

../src/lab3test.cu(445): warning: variable "beta" was set but never used

Finished building: ../src/lab3test.cu
 
Building target: lab3test
Invoking: NVCC Linker
/usr/local/cuda-7.0/bin/nvcc --cudart static --relocatable-device-code=false -gencode arch=compute_20,code=compute_20 -gencode arch=compute_20,code=sm_20 -link -o  "lab3test"  ./src/lab3test.o   -lcublas -lcusparse
Finished building target: lab3test
 
15:31:48 **** Incremental Build of configuration Debug for project lab3test ****
make all 
Building file: ../src/lab3test.cu
Invoking: NVCC Compiler
/usr/local/cuda-7.0/bin/nvcc -I/usr/local/cuda/samples/common/inc -G -g -lineinfo -O0 -gencode arch=compute_20,code=sm_20  -odir "src" -M -o "src/lab3test.d" "../src/lab3test.cu"
/usr/local/cuda-7.0/bin/nvcc -m64 -I/usr/local/cuda/samples/common/inc -G -g -lineinfo -O0 --compile --relocatable-device-code=false -gencode arch=compute_20,code=compute_20 -gencode arch=compute_20,code=sm_20  -x cu -o  "src/lab3test.o" "../src/lab3test.cu"
../src/lab3test.cu(335): warning: variable "endIter" was declared but never referenced

../src/lab3test.cu(411): warning: variable "d_vector" was declared but never referenced

../src/lab3test.cu(415): warning: variable "testSize" was declared but never referenced

../src/lab3test.cu(445): warning: variable "beta" was set but never used

../src/lab3test.cu(335): warning: variable "endIter" was declared but never referenced

../src/lab3test.cu(411): warning: variable "d_vector" was declared but never referenced

../src/lab3test.cu(415): warning: variable "testSize" was declared but never referenced

../src/lab3test.cu(445): warning: variable "beta" was set but never used

Finished building: ../src/lab3test.cu
 
Building target: lab3test
Invoking: NVCC Linker
/usr/local/cuda-7.0/bin/nvcc --cudart static --relocatable-device-code=false -gencode arch=compute_20,code=compute_20 -gencode arch=compute_20,code=sm_20 -link -o  "lab3test"  ./src/lab3test.o   -lcublas -lcusparse
Finished building target: lab3test
 
15:31:54 **** Incremental Build of configuration Debug for project lab3test ****
make all 
make: Nie ma nic do zrobienia w `all'.
15:32:13 **** Incremental Build of configuration Debug for project lab3test ****
make all 
Building file: ../src/lab3test.cu
Invoking: NVCC Compiler
/usr/local/cuda-7.0/bin/nvcc -I/usr/local/cuda/samples/common/inc -G -g -lineinfo -O0 -gencode arch=compute_20,code=sm_20  -odir "src" -M -o "src/lab3test.d" "../src/lab3test.cu"
/usr/local/cuda-7.0/bin/nvcc -m64 -I/usr/local/cuda/samples/common/inc -G -g -lineinfo -O0 --compile --relocatable-device-code=false -gencode arch=compute_20,code=compute_20 -gencode arch=compute_20,code=sm_20  -x cu -o  "src/lab3test.o" "../src/lab3test.cu"
../src/lab3test.cu(335): warning: variable "endIter" was declared but never referenced

../src/lab3test.cu(411): warning: variable "d_vector" was declared but never referenced

../src/lab3test.cu(415): warning: variable "testSize" was declared but never referenced

../src/lab3test.cu(445): warning: variable "beta" was set but never used

../src/lab3test.cu(335): warning: variable "endIter" was declared but never referenced

../src/lab3test.cu(411): warning: variable "d_vector" was declared but never referenced

../src/lab3test.cu(415): warning: variable "testSize" was declared but never referenced

../src/lab3test.cu(445): warning: variable "beta" was set but never used

Finished building: ../src/lab3test.cu
 
Building target: lab3test
Invoking: NVCC Linker
/usr/local/cuda-7.0/bin/nvcc --cudart static --relocatable-device-code=false -gencode arch=compute_20,code=compute_20 -gencode arch=compute_20,code=sm_20 -link -o  "lab3test"  ./src/lab3test.o   -lcublas -lcusparse
Finished building target: lab3test
 
15:32:36 **** Incremental Build of configuration Debug for project lab3test ****
make all 
Building file: ../src/lab3test.cu
Invoking: NVCC Compiler
/usr/local/cuda-7.0/bin/nvcc -I/usr/local/cuda/samples/common/inc -G -g -lineinfo -O0 -gencode arch=compute_20,code=sm_20  -odir "src" -M -o "src/lab3test.d" "../src/lab3test.cu"
/usr/local/cuda-7.0/bin/nvcc -m64 -I/usr/local/cuda/samples/common/inc -G -g -lineinfo -O0 --compile --relocatable-device-code=false -gencode arch=compute_20,code=compute_20 -gencode arch=compute_20,code=sm_20  -x cu -o  "src/lab3test.o" "../src/lab3test.cu"
../src/lab3test.cu(335): warning: variable "endIter" was declared but never referenced

../src/lab3test.cu(411): warning: variable "d_vector" was declared but never referenced

../src/lab3test.cu(415): warning: variable "testSize" was declared but never referenced

../src/lab3test.cu(445): warning: variable "beta" was set but never used

../src/lab3test.cu(335): warning: variable "endIter" was declared but never referenced

../src/lab3test.cu(411): warning: variable "d_vector" was declared but never referenced

../src/lab3test.cu(415): warning: variable "testSize" was declared but never referenced

../src/lab3test.cu(445): warning: variable "beta" was set but never used

Finished building: ../src/lab3test.cu
 
Building target: lab3test
Invoking: NVCC Linker
/usr/local/cuda-7.0/bin/nvcc --cudart static --relocatable-device-code=false -gencode arch=compute_20,code=compute_20 -gencode arch=compute_20,code=sm_20 -link -o  "lab3test"  ./src/lab3test.o   -lcublas -lcusparse
Finished building target: lab3test
 
15:33:21 **** Incremental Build of configuration Debug for project lab3test ****
make all 
Building file: ../src/lab3test.cu
Invoking: NVCC Compiler
/usr/local/cuda-7.0/bin/nvcc -I/usr/local/cuda/samples/common/inc -G -g -lineinfo -O0 -gencode arch=compute_20,code=sm_20  -odir "src" -M -o "src/lab3test.d" "../src/lab3test.cu"
/usr/local/cuda-7.0/bin/nvcc -m64 -I/usr/local/cuda/samples/common/inc -G -g -lineinfo -O0 --compile --relocatable-device-code=false -gencode arch=compute_20,code=compute_20 -gencode arch=compute_20,code=sm_20  -x cu -o  "src/lab3test.o" "../src/lab3test.cu"
../src/lab3test.cu(335): warning: variable "endIter" was declared but never referenced

../src/lab3test.cu(410): warning: variable "d_vector" was declared but never referenced

../src/lab3test.cu(414): warning: variable "testSize" was declared but never referenced

../src/lab3test.cu(444): warning: variable "beta" was set but never used

../src/lab3test.cu(335): warning: variable "endIter" was declared but never referenced

../src/lab3test.cu(410): warning: variable "d_vector" was declared but never referenced

../src/lab3test.cu(414): warning: variable "testSize" was declared but never referenced

../src/lab3test.cu(444): warning: variable "beta" was set but never used

Finished building: ../src/lab3test.cu
 
Building target: lab3test
Invoking: NVCC Linker
/usr/local/cuda-7.0/bin/nvcc --cudart static --relocatable-device-code=false -gencode arch=compute_20,code=compute_20 -gencode arch=compute_20,code=sm_20 -link -o  "lab3test"  ./src/lab3test.o   -lcublas -lcusparse
Finished building target: lab3test
 
15:34:07 **** Incremental Build of configuration Debug for project lab3test ****
make all 
Building file: ../src/lab3test.cu
Invoking: NVCC Compiler
/usr/local/cuda-7.0/bin/nvcc -I/usr/local/cuda/samples/common/inc -G -g -lineinfo -O0 -gencode arch=compute_20,code=sm_20  -odir "src" -M -o "src/lab3test.d" "../src/lab3test.cu"
/usr/local/cuda-7.0/bin/nvcc -m64 -I/usr/local/cuda/samples/common/inc -G -g -lineinfo -O0 --compile --relocatable-device-code=false -gencode arch=compute_20,code=compute_20 -gencode arch=compute_20,code=sm_20  -x cu -o  "src/lab3test.o" "../src/lab3test.cu"
../src/lab3test.cu(335): warning: variable "endIter" was declared but never referenced

../src/lab3test.cu(410): warning: variable "d_vector" was declared but never referenced

../src/lab3test.cu(414): warning: variable "testSize" was declared but never referenced

../src/lab3test.cu(444): warning: variable "beta" was set but never used

../src/lab3test.cu(335): warning: variable "endIter" was declared but never referenced

../src/lab3test.cu(410): warning: variable "d_vector" was declared but never referenced

../src/lab3test.cu(414): warning: variable "testSize" was declared but never referenced

../src/lab3test.cu(444): warning: variable "beta" was set but never used

Finished building: ../src/lab3test.cu
 
Building target: lab3test
Invoking: NVCC Linker
/usr/local/cuda-7.0/bin/nvcc --cudart static --relocatable-device-code=false -gencode arch=compute_20,code=compute_20 -gencode arch=compute_20,code=sm_20 -link -o  "lab3test"  ./src/lab3test.o   -lcublas -lcusparse
Finished building target: lab3test
 
15:34:23 **** Incremental Build of configuration Debug for project lab3test ****
make all 
Building file: ../src/lab3test.cu
Invoking: NVCC Compiler
/usr/local/cuda-7.0/bin/nvcc -I/usr/local/cuda/samples/common/inc -G -g -lineinfo -O0 -gencode arch=compute_20,code=sm_20  -odir "src" -M -o "src/lab3test.d" "../src/lab3test.cu"
/usr/local/cuda-7.0/bin/nvcc -m64 -I/usr/local/cuda/samples/common/inc -G -g -lineinfo -O0 --compile --relocatable-device-code=false -gencode arch=compute_20,code=compute_20 -gencode arch=compute_20,code=sm_20  -x cu -o  "src/lab3test.o" "../src/lab3test.cu"
../src/lab3test.cu(335): warning: variable "endIter" was declared but never referenced

../src/lab3test.cu(410): warning: variable "d_vector" was declared but never referenced

../src/lab3test.cu(414): warning: variable "testSize" was declared but never referenced

../src/lab3test.cu(444): warning: variable "beta" was set but never used

../src/lab3test.cu(335): warning: variable "endIter" was declared but never referenced

../src/lab3test.cu(410): warning: variable "d_vector" was declared but never referenced

../src/lab3test.cu(414): warning: variable "testSize" was declared but never referenced

../src/lab3test.cu(444): warning: variable "beta" was set but never used

Finished building: ../src/lab3test.cu
 
Building target: lab3test
Invoking: NVCC Linker
/usr/local/cuda-7.0/bin/nvcc --cudart static --relocatable-device-code=false -gencode arch=compute_20,code=compute_20 -gencode arch=compute_20,code=sm_20 -link -o  "lab3test"  ./src/lab3test.o   -lcublas -lcusparse
Finished building target: lab3test
 
15:36:27 **** Incremental Build of configuration Debug for project lab3test ****
make all 
Building file: ../src/lab3test.cu
Invoking: NVCC Compiler
/usr/local/cuda-7.0/bin/nvcc -I/usr/local/cuda/samples/common/inc -G -g -lineinfo -O0 -gencode arch=compute_20,code=sm_20  -odir "src" -M -o "src/lab3test.d" "../src/lab3test.cu"
/usr/local/cuda-7.0/bin/nvcc -m64 -I/usr/local/cuda/samples/common/inc -G -g -lineinfo -O0 --compile --relocatable-device-code=false -gencode arch=compute_20,code=compute_20 -gencode arch=compute_20,code=sm_20  -x cu -o  "src/lab3test.o" "../src/lab3test.cu"
../src/lab3test.cu(335): warning: variable "endIter" was declared but never referenced

../src/lab3test.cu(392): error: identifier "rightPtr" is undefined

../src/lab3test.cu(384): warning: variable "endIter" was declared but never referenced

../src/lab3test.cu(410): warning: variable "d_vector" was declared but never referenced

../src/lab3test.cu(414): warning: variable "testSize" was declared but never referenced

../src/lab3test.cu(444): warning: variable "beta" was set but never used

1 error detected in the compilation of "/tmp/tmpxft_000050ac_00000000-7_lab3test.cpp1.ii".
make: *** [src/lab3test.o] Błąd 2
15:36:44 **** Incremental Build of configuration Debug for project lab3test ****
make all 
Building file: ../src/lab3test.cu
Invoking: NVCC Compiler
/usr/local/cuda-7.0/bin/nvcc -I/usr/local/cuda/samples/common/inc -G -g -lineinfo -O0 -gencode arch=compute_20,code=sm_20  -odir "src" -M -o "src/lab3test.d" "../src/lab3test.cu"
/usr/local/cuda-7.0/bin/nvcc -m64 -I/usr/local/cuda/samples/common/inc -G -g -lineinfo -O0 --compile --relocatable-device-code=false -gencode arch=compute_20,code=compute_20 -gencode arch=compute_20,code=sm_20  -x cu -o  "src/lab3test.o" "../src/lab3test.cu"
../src/lab3test.cu(335): warning: variable "endIter" was declared but never referenced

../src/lab3test.cu(410): warning: variable "d_vector" was declared but never referenced

../src/lab3test.cu(414): warning: variable "testSize" was declared but never referenced

../src/lab3test.cu(444): warning: variable "beta" was set but never used

../src/lab3test.cu(335): warning: variable "endIter" was declared but never referenced

../src/lab3test.cu(410): warning: variable "d_vector" was declared but never referenced

../src/lab3test.cu(414): warning: variable "testSize" was declared but never referenced

../src/lab3test.cu(444): warning: variable "beta" was set but never used

Finished building: ../src/lab3test.cu
 
Building target: lab3test
Invoking: NVCC Linker
/usr/local/cuda-7.0/bin/nvcc --cudart static --relocatable-device-code=false -gencode arch=compute_20,code=compute_20 -gencode arch=compute_20,code=sm_20 -link -o  "lab3test"  ./src/lab3test.o   -lcublas -lcusparse
Finished building target: lab3test
 
15:37:02 **** Incremental Build of configuration Debug for project lab3test ****
make all 
Building file: ../src/lab3test.cu
Invoking: NVCC Compiler
/usr/local/cuda-7.0/bin/nvcc -I/usr/local/cuda/samples/common/inc -G -g -lineinfo -O0 -gencode arch=compute_20,code=sm_20  -odir "src" -M -o "src/lab3test.d" "../src/lab3test.cu"
/usr/local/cuda-7.0/bin/nvcc -m64 -I/usr/local/cuda/samples/common/inc -G -g -lineinfo -O0 --compile --relocatable-device-code=false -gencode arch=compute_20,code=compute_20 -gencode arch=compute_20,code=sm_20  -x cu -o  "src/lab3test.o" "../src/lab3test.cu"
../src/lab3test.cu(335): warning: variable "endIter" was declared but never referenced

../src/lab3test.cu(410): warning: variable "d_vector" was declared but never referenced

../src/lab3test.cu(414): warning: variable "testSize" was declared but never referenced

../src/lab3test.cu(444): warning: variable "beta" was set but never used

../src/lab3test.cu(335): warning: variable "endIter" was declared but never referenced

../src/lab3test.cu(410): warning: variable "d_vector" was declared but never referenced

../src/lab3test.cu(414): warning: variable "testSize" was declared but never referenced

../src/lab3test.cu(444): warning: variable "beta" was set but never used

Finished building: ../src/lab3test.cu
 
Building target: lab3test
Invoking: NVCC Linker
/usr/local/cuda-7.0/bin/nvcc --cudart static --relocatable-device-code=false -gencode arch=compute_20,code=compute_20 -gencode arch=compute_20,code=sm_20 -link -o  "lab3test"  ./src/lab3test.o   -lcublas -lcusparse
Finished building target: lab3test
 
15:37:27 **** Incremental Build of configuration Debug for project lab3test ****
make all 
Building file: ../src/lab3test.cu
Invoking: NVCC Compiler
/usr/local/cuda-7.0/bin/nvcc -I/usr/local/cuda/samples/common/inc -G -g -lineinfo -O0 -gencode arch=compute_20,code=sm_20  -odir "src" -M -o "src/lab3test.d" "../src/lab3test.cu"
/usr/local/cuda-7.0/bin/nvcc -m64 -I/usr/local/cuda/samples/common/inc -G -g -lineinfo -O0 --compile --relocatable-device-code=false -gencode arch=compute_20,code=compute_20 -gencode arch=compute_20,code=sm_20  -x cu -o  "src/lab3test.o" "../src/lab3test.cu"
../src/lab3test.cu(335): warning: variable "endIter" was declared but never referenced

../src/lab3test.cu(410): warning: variable "d_vector" was declared but never referenced

../src/lab3test.cu(414): warning: variable "testSize" was declared but never referenced

../src/lab3test.cu(444): warning: variable "beta" was set but never used

../src/lab3test.cu(335): warning: variable "endIter" was declared but never referenced

../src/lab3test.cu(410): warning: variable "d_vector" was declared but never referenced

../src/lab3test.cu(414): warning: variable "testSize" was declared but never referenced

../src/lab3test.cu(444): warning: variable "beta" was set but never used

Finished building: ../src/lab3test.cu
 
Building target: lab3test
Invoking: NVCC Linker
/usr/local/cuda-7.0/bin/nvcc --cudart static --relocatable-device-code=false -gencode arch=compute_20,code=compute_20 -gencode arch=compute_20,code=sm_20 -link -o  "lab3test"  ./src/lab3test.o   -lcublas -lcusparse
Finished building target: lab3test
 
15:37:50 **** Incremental Build of configuration Debug for project lab3test ****
make all 
Building file: ../src/lab3test.cu
Invoking: NVCC Compiler
/usr/local/cuda-7.0/bin/nvcc -I/usr/local/cuda/samples/common/inc -G -g -lineinfo -O0 -gencode arch=compute_20,code=sm_20  -odir "src" -M -o "src/lab3test.d" "../src/lab3test.cu"
/usr/local/cuda-7.0/bin/nvcc -m64 -I/usr/local/cuda/samples/common/inc -G -g -lineinfo -O0 --compile --relocatable-device-code=false -gencode arch=compute_20,code=compute_20 -gencode arch=compute_20,code=sm_20  -x cu -o  "src/lab3test.o" "../src/lab3test.cu"
../src/lab3test.cu(335): warning: variable "endIter" was declared but never referenced

../src/lab3test.cu(410): warning: variable "d_vector" was declared but never referenced

../src/lab3test.cu(414): warning: variable "testSize" was declared but never referenced

../src/lab3test.cu(444): warning: variable "beta" was set but never used

../src/lab3test.cu(335): warning: variable "endIter" was declared but never referenced

../src/lab3test.cu(410): warning: variable "d_vector" was declared but never referenced

../src/lab3test.cu(414): warning: variable "testSize" was declared but never referenced

../src/lab3test.cu(444): warning: variable "beta" was set but never used

Finished building: ../src/lab3test.cu
 
Building target: lab3test
Invoking: NVCC Linker
/usr/local/cuda-7.0/bin/nvcc --cudart static --relocatable-device-code=false -gencode arch=compute_20,code=compute_20 -gencode arch=compute_20,code=sm_20 -link -o  "lab3test"  ./src/lab3test.o   -lcublas -lcusparse
Finished building target: lab3test
 
15:38:14 **** Incremental Build of configuration Debug for project lab3test ****
make all 
Building file: ../src/lab3test.cu
Invoking: NVCC Compiler
/usr/local/cuda-7.0/bin/nvcc -I/usr/local/cuda/samples/common/inc -G -g -lineinfo -O0 -gencode arch=compute_20,code=sm_20  -odir "src" -M -o "src/lab3test.d" "../src/lab3test.cu"
/usr/local/cuda-7.0/bin/nvcc -m64 -I/usr/local/cuda/samples/common/inc -G -g -lineinfo -O0 --compile --relocatable-device-code=false -gencode arch=compute_20,code=compute_20 -gencode arch=compute_20,code=sm_20  -x cu -o  "src/lab3test.o" "../src/lab3test.cu"
../src/lab3test.cu(335): warning: variable "endIter" was declared but never referenced

../src/lab3test.cu(410): warning: variable "d_vector" was declared but never referenced

../src/lab3test.cu(414): warning: variable "testSize" was declared but never referenced

../src/lab3test.cu(444): warning: variable "beta" was set but never used

../src/lab3test.cu(335): warning: variable "endIter" was declared but never referenced

../src/lab3test.cu(410): warning: variable "d_vector" was declared but never referenced

../src/lab3test.cu(414): warning: variable "testSize" was declared but never referenced

../src/lab3test.cu(444): warning: variable "beta" was set but never used

Finished building: ../src/lab3test.cu
 
Building target: lab3test
Invoking: NVCC Linker
/usr/local/cuda-7.0/bin/nvcc --cudart static --relocatable-device-code=false -gencode arch=compute_20,code=compute_20 -gencode arch=compute_20,code=sm_20 -link -o  "lab3test"  ./src/lab3test.o   -lcublas -lcusparse
Finished building target: lab3test
 
15:38:26 **** Incremental Build of configuration Debug for project lab3test ****
make all 
Building file: ../src/lab3test.cu
Invoking: NVCC Compiler
/usr/local/cuda-7.0/bin/nvcc -I/usr/local/cuda/samples/common/inc -G -g -lineinfo -O0 -gencode arch=compute_20,code=sm_20  -odir "src" -M -o "src/lab3test.d" "../src/lab3test.cu"
/usr/local/cuda-7.0/bin/nvcc -m64 -I/usr/local/cuda/samples/common/inc -G -g -lineinfo -O0 --compile --relocatable-device-code=false -gencode arch=compute_20,code=compute_20 -gencode arch=compute_20,code=sm_20  -x cu -o  "src/lab3test.o" "../src/lab3test.cu"
../src/lab3test.cu(335): warning: variable "endIter" was declared but never referenced

../src/lab3test.cu(410): warning: variable "d_vector" was declared but never referenced

../src/lab3test.cu(414): warning: variable "testSize" was declared but never referenced

../src/lab3test.cu(444): warning: variable "beta" was set but never used

../src/lab3test.cu(335): warning: variable "endIter" was declared but never referenced

../src/lab3test.cu(410): warning: variable "d_vector" was declared but never referenced

../src/lab3test.cu(414): warning: variable "testSize" was declared but never referenced

../src/lab3test.cu(444): warning: variable "beta" was set but never used

Finished building: ../src/lab3test.cu
 
Building target: lab3test
Invoking: NVCC Linker
/usr/local/cuda-7.0/bin/nvcc --cudart static --relocatable-device-code=false -gencode arch=compute_20,code=compute_20 -gencode arch=compute_20,code=sm_20 -link -o  "lab3test"  ./src/lab3test.o   -lcublas -lcusparse
Finished building target: lab3test
 
15:38:36 **** Incremental Build of configuration Debug for project lab3test ****
make all 
Building file: ../src/lab3test.cu
Invoking: NVCC Compiler
/usr/local/cuda-7.0/bin/nvcc -I/usr/local/cuda/samples/common/inc -G -g -lineinfo -O0 -gencode arch=compute_20,code=sm_20  -odir "src" -M -o "src/lab3test.d" "../src/lab3test.cu"
/usr/local/cuda-7.0/bin/nvcc -m64 -I/usr/local/cuda/samples/common/inc -G -g -lineinfo -O0 --compile --relocatable-device-code=false -gencode arch=compute_20,code=compute_20 -gencode arch=compute_20,code=sm_20  -x cu -o  "src/lab3test.o" "../src/lab3test.cu"
../src/lab3test.cu(335): warning: variable "endIter" was declared but never referenced

../src/lab3test.cu(410): warning: variable "d_vector" was declared but never referenced

../src/lab3test.cu(414): warning: variable "testSize" was declared but never referenced

../src/lab3test.cu(444): warning: variable "beta" was set but never used

../src/lab3test.cu(335): warning: variable "endIter" was declared but never referenced

../src/lab3test.cu(410): warning: variable "d_vector" was declared but never referenced

../src/lab3test.cu(414): warning: variable "testSize" was declared but never referenced

../src/lab3test.cu(444): warning: variable "beta" was set but never used

Finished building: ../src/lab3test.cu
 
Building target: lab3test
Invoking: NVCC Linker
/usr/local/cuda-7.0/bin/nvcc --cudart static --relocatable-device-code=false -gencode arch=compute_20,code=compute_20 -gencode arch=compute_20,code=sm_20 -link -o  "lab3test"  ./src/lab3test.o   -lcublas -lcusparse
Finished building target: lab3test
 
15:38:48 **** Incremental Build of configuration Debug for project lab3test ****
make all 
Building file: ../src/lab3test.cu
Invoking: NVCC Compiler
/usr/local/cuda-7.0/bin/nvcc -I/usr/local/cuda/samples/common/inc -G -g -lineinfo -O0 -gencode arch=compute_20,code=sm_20  -odir "src" -M -o "src/lab3test.d" "../src/lab3test.cu"
/usr/local/cuda-7.0/bin/nvcc -m64 -I/usr/local/cuda/samples/common/inc -G -g -lineinfo -O0 --compile --relocatable-device-code=false -gencode arch=compute_20,code=compute_20 -gencode arch=compute_20,code=sm_20  -x cu -o  "src/lab3test.o" "../src/lab3test.cu"
../src/lab3test.cu(335): warning: variable "endIter" was declared but never referenced

../src/lab3test.cu(410): warning: variable "d_vector" was declared but never referenced

../src/lab3test.cu(414): warning: variable "testSize" was declared but never referenced

../src/lab3test.cu(444): warning: variable "beta" was set but never used

../src/lab3test.cu(335): warning: variable "endIter" was declared but never referenced

../src/lab3test.cu(410): warning: variable "d_vector" was declared but never referenced

../src/lab3test.cu(414): warning: variable "testSize" was declared but never referenced

../src/lab3test.cu(444): warning: variable "beta" was set but never used

Finished building: ../src/lab3test.cu
 
Building target: lab3test
Invoking: NVCC Linker
/usr/local/cuda-7.0/bin/nvcc --cudart static --relocatable-device-code=false -gencode arch=compute_20,code=compute_20 -gencode arch=compute_20,code=sm_20 -link -o  "lab3test"  ./src/lab3test.o   -lcublas -lcusparse
Finished building target: lab3test
 
15:38:59 **** Incremental Build of configuration Debug for project lab3test ****
make all 
Building file: ../src/lab3test.cu
Invoking: NVCC Compiler
/usr/local/cuda-7.0/bin/nvcc -I/usr/local/cuda/samples/common/inc -G -g -lineinfo -O0 -gencode arch=compute_20,code=sm_20  -odir "src" -M -o "src/lab3test.d" "../src/lab3test.cu"
/usr/local/cuda-7.0/bin/nvcc -m64 -I/usr/local/cuda/samples/common/inc -G -g -lineinfo -O0 --compile --relocatable-device-code=false -gencode arch=compute_20,code=compute_20 -gencode arch=compute_20,code=sm_20  -x cu -o  "src/lab3test.o" "../src/lab3test.cu"
../src/lab3test.cu(335): warning: variable "endIter" was declared but never referenced

../src/lab3test.cu(410): warning: variable "d_vector" was declared but never referenced

../src/lab3test.cu(414): warning: variable "testSize" was declared but never referenced

../src/lab3test.cu(444): warning: variable "beta" was set but never used

../src/lab3test.cu(335): warning: variable "endIter" was declared but never referenced

../src/lab3test.cu(410): warning: variable "d_vector" was declared but never referenced

../src/lab3test.cu(414): warning: variable "testSize" was declared but never referenced

../src/lab3test.cu(444): warning: variable "beta" was set but never used

Finished building: ../src/lab3test.cu
 
Building target: lab3test
Invoking: NVCC Linker
/usr/local/cuda-7.0/bin/nvcc --cudart static --relocatable-device-code=false -gencode arch=compute_20,code=compute_20 -gencode arch=compute_20,code=sm_20 -link -o  "lab3test"  ./src/lab3test.o   -lcublas -lcusparse
Finished building target: lab3test
 
15:39:09 **** Incremental Build of configuration Debug for project lab3test ****
make all 
Building file: ../src/lab3test.cu
Invoking: NVCC Compiler
/usr/local/cuda-7.0/bin/nvcc -I/usr/local/cuda/samples/common/inc -G -g -lineinfo -O0 -gencode arch=compute_20,code=sm_20  -odir "src" -M -o "src/lab3test.d" "../src/lab3test.cu"
/usr/local/cuda-7.0/bin/nvcc -m64 -I/usr/local/cuda/samples/common/inc -G -g -lineinfo -O0 --compile --relocatable-device-code=false -gencode arch=compute_20,code=compute_20 -gencode arch=compute_20,code=sm_20  -x cu -o  "src/lab3test.o" "../src/lab3test.cu"
../src/lab3test.cu(335): warning: variable "endIter" was declared but never referenced

../src/lab3test.cu(410): warning: variable "d_vector" was declared but never referenced

../src/lab3test.cu(414): warning: variable "testSize" was declared but never referenced

../src/lab3test.cu(444): warning: variable "beta" was set but never used

../src/lab3test.cu(335): warning: variable "endIter" was declared but never referenced

../src/lab3test.cu(410): warning: variable "d_vector" was declared but never referenced

../src/lab3test.cu(414): warning: variable "testSize" was declared but never referenced

../src/lab3test.cu(444): warning: variable "beta" was set but never used

Finished building: ../src/lab3test.cu
 
Building target: lab3test
Invoking: NVCC Linker
/usr/local/cuda-7.0/bin/nvcc --cudart static --relocatable-device-code=false -gencode arch=compute_20,code=compute_20 -gencode arch=compute_20,code=sm_20 -link -o  "lab3test"  ./src/lab3test.o   -lcublas -lcusparse
Finished building target: lab3test
 
15:39:23 **** Incremental Build of configuration Debug for project lab3test ****
make all 
Building file: ../src/lab3test.cu
Invoking: NVCC Compiler
/usr/local/cuda-7.0/bin/nvcc -I/usr/local/cuda/samples/common/inc -G -g -lineinfo -O0 -gencode arch=compute_20,code=sm_20  -odir "src" -M -o "src/lab3test.d" "../src/lab3test.cu"
/usr/local/cuda-7.0/bin/nvcc -m64 -I/usr/local/cuda/samples/common/inc -G -g -lineinfo -O0 --compile --relocatable-device-code=false -gencode arch=compute_20,code=compute_20 -gencode arch=compute_20,code=sm_20  -x cu -o  "src/lab3test.o" "../src/lab3test.cu"
../src/lab3test.cu(335): warning: variable "endIter" was declared but never referenced

../src/lab3test.cu(410): warning: variable "d_vector" was declared but never referenced

../src/lab3test.cu(414): warning: variable "testSize" was declared but never referenced

../src/lab3test.cu(444): warning: variable "beta" was set but never used

../src/lab3test.cu(335): warning: variable "endIter" was declared but never referenced

../src/lab3test.cu(410): warning: variable "d_vector" was declared but never referenced

../src/lab3test.cu(414): warning: variable "testSize" was declared but never referenced

../src/lab3test.cu(444): warning: variable "beta" was set but never used

Finished building: ../src/lab3test.cu
 
Building target: lab3test
Invoking: NVCC Linker
/usr/local/cuda-7.0/bin/nvcc --cudart static --relocatable-device-code=false -gencode arch=compute_20,code=compute_20 -gencode arch=compute_20,code=sm_20 -link -o  "lab3test"  ./src/lab3test.o   -lcublas -lcusparse
Finished building target: lab3test
 
15:39:32 **** Incremental Build of configuration Debug for project lab3test ****
make all 
Building file: ../src/lab3test.cu
Invoking: NVCC Compiler
/usr/local/cuda-7.0/bin/nvcc -I/usr/local/cuda/samples/common/inc -G -g -lineinfo -O0 -gencode arch=compute_20,code=sm_20  -odir "src" -M -o "src/lab3test.d" "../src/lab3test.cu"
/usr/local/cuda-7.0/bin/nvcc -m64 -I/usr/local/cuda/samples/common/inc -G -g -lineinfo -O0 --compile --relocatable-device-code=false -gencode arch=compute_20,code=compute_20 -gencode arch=compute_20,code=sm_20  -x cu -o  "src/lab3test.o" "../src/lab3test.cu"
../src/lab3test.cu(335): warning: variable "endIter" was declared but never referenced

../src/lab3test.cu(410): warning: variable "d_vector" was declared but never referenced

../src/lab3test.cu(414): warning: variable "testSize" was declared but never referenced

../src/lab3test.cu(444): warning: variable "beta" was set but never used

../src/lab3test.cu(335): warning: variable "endIter" was declared but never referenced

../src/lab3test.cu(410): warning: variable "d_vector" was declared but never referenced

../src/lab3test.cu(414): warning: variable "testSize" was declared but never referenced

../src/lab3test.cu(444): warning: variable "beta" was set but never used

Finished building: ../src/lab3test.cu
 
Building target: lab3test
Invoking: NVCC Linker
/usr/local/cuda-7.0/bin/nvcc --cudart static --relocatable-device-code=false -gencode arch=compute_20,code=compute_20 -gencode arch=compute_20,code=sm_20 -link -o  "lab3test"  ./src/lab3test.o   -lcublas -lcusparse
Finished building target: lab3test
 
15:39:43 **** Incremental Build of configuration Debug for project lab3test ****
make all 
Building file: ../src/lab3test.cu
Invoking: NVCC Compiler
/usr/local/cuda-7.0/bin/nvcc -I/usr/local/cuda/samples/common/inc -G -g -lineinfo -O0 -gencode arch=compute_20,code=sm_20  -odir "src" -M -o "src/lab3test.d" "../src/lab3test.cu"
/usr/local/cuda-7.0/bin/nvcc -m64 -I/usr/local/cuda/samples/common/inc -G -g -lineinfo -O0 --compile --relocatable-device-code=false -gencode arch=compute_20,code=compute_20 -gencode arch=compute_20,code=sm_20  -x cu -o  "src/lab3test.o" "../src/lab3test.cu"
../src/lab3test.cu(335): warning: variable "endIter" was declared but never referenced

../src/lab3test.cu(410): warning: variable "d_vector" was declared but never referenced

../src/lab3test.cu(414): warning: variable "testSize" was declared but never referenced

../src/lab3test.cu(444): warning: variable "beta" was set but never used

../src/lab3test.cu(335): warning: variable "endIter" was declared but never referenced

../src/lab3test.cu(410): warning: variable "d_vector" was declared but never referenced

../src/lab3test.cu(414): warning: variable "testSize" was declared but never referenced

../src/lab3test.cu(444): warning: variable "beta" was set but never used

Finished building: ../src/lab3test.cu
 
Building target: lab3test
Invoking: NVCC Linker
/usr/local/cuda-7.0/bin/nvcc --cudart static --relocatable-device-code=false -gencode arch=compute_20,code=compute_20 -gencode arch=compute_20,code=sm_20 -link -o  "lab3test"  ./src/lab3test.o   -lcublas -lcusparse
Finished building target: lab3test
 
15:39:55 **** Incremental Build of configuration Debug for project lab3test ****
make all 
Building file: ../src/lab3test.cu
Invoking: NVCC Compiler
/usr/local/cuda-7.0/bin/nvcc -I/usr/local/cuda/samples/common/inc -G -g -lineinfo -O0 -gencode arch=compute_20,code=sm_20  -odir "src" -M -o "src/lab3test.d" "../src/lab3test.cu"
/usr/local/cuda-7.0/bin/nvcc -m64 -I/usr/local/cuda/samples/common/inc -G -g -lineinfo -O0 --compile --relocatable-device-code=false -gencode arch=compute_20,code=compute_20 -gencode arch=compute_20,code=sm_20  -x cu -o  "src/lab3test.o" "../src/lab3test.cu"
../src/lab3test.cu(335): warning: variable "endIter" was declared but never referenced

../src/lab3test.cu(410): warning: variable "d_vector" was declared but never referenced

../src/lab3test.cu(414): warning: variable "testSize" was declared but never referenced

../src/lab3test.cu(444): warning: variable "beta" was set but never used

../src/lab3test.cu(335): warning: variable "endIter" was declared but never referenced

../src/lab3test.cu(410): warning: variable "d_vector" was declared but never referenced

../src/lab3test.cu(414): warning: variable "testSize" was declared but never referenced

../src/lab3test.cu(444): warning: variable "beta" was set but never used

Finished building: ../src/lab3test.cu
 
Building target: lab3test
Invoking: NVCC Linker
/usr/local/cuda-7.0/bin/nvcc --cudart static --relocatable-device-code=false -gencode arch=compute_20,code=compute_20 -gencode arch=compute_20,code=sm_20 -link -o  "lab3test"  ./src/lab3test.o   -lcublas -lcusparse
Finished building target: lab3test
 
15:40:04 **** Incremental Build of configuration Debug for project lab3test ****
make all 
Building file: ../src/lab3test.cu
Invoking: NVCC Compiler
/usr/local/cuda-7.0/bin/nvcc -I/usr/local/cuda/samples/common/inc -G -g -lineinfo -O0 -gencode arch=compute_20,code=sm_20  -odir "src" -M -o "src/lab3test.d" "../src/lab3test.cu"
/usr/local/cuda-7.0/bin/nvcc -m64 -I/usr/local/cuda/samples/common/inc -G -g -lineinfo -O0 --compile --relocatable-device-code=false -gencode arch=compute_20,code=compute_20 -gencode arch=compute_20,code=sm_20  -x cu -o  "src/lab3test.o" "../src/lab3test.cu"
../src/lab3test.cu(335): warning: variable "endIter" was declared but never referenced

../src/lab3test.cu(410): warning: variable "d_vector" was declared but never referenced

../src/lab3test.cu(414): warning: variable "testSize" was declared but never referenced

../src/lab3test.cu(444): warning: variable "beta" was set but never used

../src/lab3test.cu(335): warning: variable "endIter" was declared but never referenced

../src/lab3test.cu(410): warning: variable "d_vector" was declared but never referenced

../src/lab3test.cu(414): warning: variable "testSize" was declared but never referenced

../src/lab3test.cu(444): warning: variable "beta" was set but never used

Finished building: ../src/lab3test.cu
 
Building target: lab3test
Invoking: NVCC Linker
/usr/local/cuda-7.0/bin/nvcc --cudart static --relocatable-device-code=false -gencode arch=compute_20,code=compute_20 -gencode arch=compute_20,code=sm_20 -link -o  "lab3test"  ./src/lab3test.o   -lcublas -lcusparse
Finished building target: lab3test
 
15:40:14 **** Incremental Build of configuration Debug for project lab3test ****
make all 
Building file: ../src/lab3test.cu
Invoking: NVCC Compiler
/usr/local/cuda-7.0/bin/nvcc -I/usr/local/cuda/samples/common/inc -G -g -lineinfo -O0 -gencode arch=compute_20,code=sm_20  -odir "src" -M -o "src/lab3test.d" "../src/lab3test.cu"
/usr/local/cuda-7.0/bin/nvcc -m64 -I/usr/local/cuda/samples/common/inc -G -g -lineinfo -O0 --compile --relocatable-device-code=false -gencode arch=compute_20,code=compute_20 -gencode arch=compute_20,code=sm_20  -x cu -o  "src/lab3test.o" "../src/lab3test.cu"
../src/lab3test.cu(335): warning: variable "endIter" was declared but never referenced

../src/lab3test.cu(410): warning: variable "d_vector" was declared but never referenced

../src/lab3test.cu(414): warning: variable "testSize" was declared but never referenced

../src/lab3test.cu(444): warning: variable "beta" was set but never used

../src/lab3test.cu(335): warning: variable "endIter" was declared but never referenced

../src/lab3test.cu(410): warning: variable "d_vector" was declared but never referenced

../src/lab3test.cu(414): warning: variable "testSize" was declared but never referenced

../src/lab3test.cu(444): warning: variable "beta" was set but never used

Finished building: ../src/lab3test.cu
 
Building target: lab3test
Invoking: NVCC Linker
/usr/local/cuda-7.0/bin/nvcc --cudart static --relocatable-device-code=false -gencode arch=compute_20,code=compute_20 -gencode arch=compute_20,code=sm_20 -link -o  "lab3test"  ./src/lab3test.o   -lcublas -lcusparse
Finished building target: lab3test
 
15:40:23 **** Incremental Build of configuration Debug for project lab3test ****
make all 
Building file: ../src/lab3test.cu
Invoking: NVCC Compiler
/usr/local/cuda-7.0/bin/nvcc -I/usr/local/cuda/samples/common/inc -G -g -lineinfo -O0 -gencode arch=compute_20,code=sm_20  -odir "src" -M -o "src/lab3test.d" "../src/lab3test.cu"
/usr/local/cuda-7.0/bin/nvcc -m64 -I/usr/local/cuda/samples/common/inc -G -g -lineinfo -O0 --compile --relocatable-device-code=false -gencode arch=compute_20,code=compute_20 -gencode arch=compute_20,code=sm_20  -x cu -o  "src/lab3test.o" "../src/lab3test.cu"
../src/lab3test.cu(335): warning: variable "endIter" was declared but never referenced

../src/lab3test.cu(410): warning: variable "d_vector" was declared but never referenced

../src/lab3test.cu(414): warning: variable "testSize" was declared but never referenced

../src/lab3test.cu(444): warning: variable "beta" was set but never used

../src/lab3test.cu(335): warning: variable "endIter" was declared but never referenced

../src/lab3test.cu(410): warning: variable "d_vector" was declared but never referenced

../src/lab3test.cu(414): warning: variable "testSize" was declared but never referenced

../src/lab3test.cu(444): warning: variable "beta" was set but never used

Finished building: ../src/lab3test.cu
 
Building target: lab3test
Invoking: NVCC Linker
/usr/local/cuda-7.0/bin/nvcc --cudart static --relocatable-device-code=false -gencode arch=compute_20,code=compute_20 -gencode arch=compute_20,code=sm_20 -link -o  "lab3test"  ./src/lab3test.o   -lcublas -lcusparse
Finished building target: lab3test
 
15:40:30 **** Incremental Build of configuration Debug for project lab3test ****
make all 
Building file: ../src/lab3test.cu
Invoking: NVCC Compiler
/usr/local/cuda-7.0/bin/nvcc -I/usr/local/cuda/samples/common/inc -G -g -lineinfo -O0 -gencode arch=compute_20,code=sm_20  -odir "src" -M -o "src/lab3test.d" "../src/lab3test.cu"
/usr/local/cuda-7.0/bin/nvcc -m64 -I/usr/local/cuda/samples/common/inc -G -g -lineinfo -O0 --compile --relocatable-device-code=false -gencode arch=compute_20,code=compute_20 -gencode arch=compute_20,code=sm_20  -x cu -o  "src/lab3test.o" "../src/lab3test.cu"
../src/lab3test.cu(335): warning: variable "endIter" was declared but never referenced

../src/lab3test.cu(410): warning: variable "d_vector" was declared but never referenced

../src/lab3test.cu(414): warning: variable "testSize" was declared but never referenced

../src/lab3test.cu(444): warning: variable "beta" was set but never used

../src/lab3test.cu(335): warning: variable "endIter" was declared but never referenced

../src/lab3test.cu(410): warning: variable "d_vector" was declared but never referenced

../src/lab3test.cu(414): warning: variable "testSize" was declared but never referenced

../src/lab3test.cu(444): warning: variable "beta" was set but never used

Finished building: ../src/lab3test.cu
 
Building target: lab3test
Invoking: NVCC Linker
/usr/local/cuda-7.0/bin/nvcc --cudart static --relocatable-device-code=false -gencode arch=compute_20,code=compute_20 -gencode arch=compute_20,code=sm_20 -link -o  "lab3test"  ./src/lab3test.o   -lcublas -lcusparse
Finished building target: lab3test
 
15:40:45 **** Incremental Build of configuration Debug for project lab3test ****
make all 
Building file: ../src/lab3test.cu
Invoking: NVCC Compiler
/usr/local/cuda-7.0/bin/nvcc -I/usr/local/cuda/samples/common/inc -G -g -lineinfo -O0 -gencode arch=compute_20,code=sm_20  -odir "src" -M -o "src/lab3test.d" "../src/lab3test.cu"
/usr/local/cuda-7.0/bin/nvcc -m64 -I/usr/local/cuda/samples/common/inc -G -g -lineinfo -O0 --compile --relocatable-device-code=false -gencode arch=compute_20,code=compute_20 -gencode arch=compute_20,code=sm_20  -x cu -o  "src/lab3test.o" "../src/lab3test.cu"
../src/lab3test.cu(335): warning: variable "endIter" was declared but never referenced

../src/lab3test.cu(410): warning: variable "d_vector" was declared but never referenced

../src/lab3test.cu(414): warning: variable "testSize" was declared but never referenced

../src/lab3test.cu(444): warning: variable "beta" was set but never used

../src/lab3test.cu(335): warning: variable "endIter" was declared but never referenced

../src/lab3test.cu(410): warning: variable "d_vector" was declared but never referenced

../src/lab3test.cu(414): warning: variable "testSize" was declared but never referenced

../src/lab3test.cu(444): warning: variable "beta" was set but never used

Finished building: ../src/lab3test.cu
 
Building target: lab3test
Invoking: NVCC Linker
/usr/local/cuda-7.0/bin/nvcc --cudart static --relocatable-device-code=false -gencode arch=compute_20,code=compute_20 -gencode arch=compute_20,code=sm_20 -link -o  "lab3test"  ./src/lab3test.o   -lcublas -lcusparse
Finished building target: lab3test
 
15:40:54 **** Incremental Build of configuration Debug for project lab3test ****
make all 
Building file: ../src/lab3test.cu
Invoking: NVCC Compiler
/usr/local/cuda-7.0/bin/nvcc -I/usr/local/cuda/samples/common/inc -G -g -lineinfo -O0 -gencode arch=compute_20,code=sm_20  -odir "src" -M -o "src/lab3test.d" "../src/lab3test.cu"
/usr/local/cuda-7.0/bin/nvcc -m64 -I/usr/local/cuda/samples/common/inc -G -g -lineinfo -O0 --compile --relocatable-device-code=false -gencode arch=compute_20,code=compute_20 -gencode arch=compute_20,code=sm_20  -x cu -o  "src/lab3test.o" "../src/lab3test.cu"
../src/lab3test.cu(335): warning: variable "endIter" was declared but never referenced

../src/lab3test.cu(410): warning: variable "d_vector" was declared but never referenced

../src/lab3test.cu(414): warning: variable "testSize" was declared but never referenced

../src/lab3test.cu(444): warning: variable "beta" was set but never used

../src/lab3test.cu(335): warning: variable "endIter" was declared but never referenced

../src/lab3test.cu(410): warning: variable "d_vector" was declared but never referenced

../src/lab3test.cu(414): warning: variable "testSize" was declared but never referenced

../src/lab3test.cu(444): warning: variable "beta" was set but never used

Finished building: ../src/lab3test.cu
 
Building target: lab3test
Invoking: NVCC Linker
/usr/local/cuda-7.0/bin/nvcc --cudart static --relocatable-device-code=false -gencode arch=compute_20,code=compute_20 -gencode arch=compute_20,code=sm_20 -link -o  "lab3test"  ./src/lab3test.o   -lcublas -lcusparse
Finished building target: lab3test
 
15:41:06 **** Incremental Build of configuration Debug for project lab3test ****
make all 
Building file: ../src/lab3test.cu
Invoking: NVCC Compiler
/usr/local/cuda-7.0/bin/nvcc -I/usr/local/cuda/samples/common/inc -G -g -lineinfo -O0 -gencode arch=compute_20,code=sm_20  -odir "src" -M -o "src/lab3test.d" "../src/lab3test.cu"
/usr/local/cuda-7.0/bin/nvcc -m64 -I/usr/local/cuda/samples/common/inc -G -g -lineinfo -O0 --compile --relocatable-device-code=false -gencode arch=compute_20,code=compute_20 -gencode arch=compute_20,code=sm_20  -x cu -o  "src/lab3test.o" "../src/lab3test.cu"
../src/lab3test.cu(335): warning: variable "endIter" was declared but never referenced

../src/lab3test.cu(410): warning: variable "d_vector" was declared but never referenced

../src/lab3test.cu(414): warning: variable "testSize" was declared but never referenced

../src/lab3test.cu(444): warning: variable "beta" was set but never used

../src/lab3test.cu(335): warning: variable "endIter" was declared but never referenced

../src/lab3test.cu(410): warning: variable "d_vector" was declared but never referenced

../src/lab3test.cu(414): warning: variable "testSize" was declared but never referenced

../src/lab3test.cu(444): warning: variable "beta" was set but never used

Finished building: ../src/lab3test.cu
 
Building target: lab3test
Invoking: NVCC Linker
/usr/local/cuda-7.0/bin/nvcc --cudart static --relocatable-device-code=false -gencode arch=compute_20,code=compute_20 -gencode arch=compute_20,code=sm_20 -link -o  "lab3test"  ./src/lab3test.o   -lcublas -lcusparse
Finished building target: lab3test
 
15:41:15 **** Incremental Build of configuration Debug for project lab3test ****
make all 
Building file: ../src/lab3test.cu
Invoking: NVCC Compiler
/usr/local/cuda-7.0/bin/nvcc -I/usr/local/cuda/samples/common/inc -G -g -lineinfo -O0 -gencode arch=compute_20,code=sm_20  -odir "src" -M -o "src/lab3test.d" "../src/lab3test.cu"
/usr/local/cuda-7.0/bin/nvcc -m64 -I/usr/local/cuda/samples/common/inc -G -g -lineinfo -O0 --compile --relocatable-device-code=false -gencode arch=compute_20,code=compute_20 -gencode arch=compute_20,code=sm_20  -x cu -o  "src/lab3test.o" "../src/lab3test.cu"
../src/lab3test.cu(335): warning: variable "endIter" was declared but never referenced

../src/lab3test.cu(410): warning: variable "d_vector" was declared but never referenced

../src/lab3test.cu(414): warning: variable "testSize" was declared but never referenced

../src/lab3test.cu(444): warning: variable "beta" was set but never used

../src/lab3test.cu(335): warning: variable "endIter" was declared but never referenced

../src/lab3test.cu(410): warning: variable "d_vector" was declared but never referenced

../src/lab3test.cu(414): warning: variable "testSize" was declared but never referenced

../src/lab3test.cu(444): warning: variable "beta" was set but never used

Finished building: ../src/lab3test.cu
 
Building target: lab3test
Invoking: NVCC Linker
/usr/local/cuda-7.0/bin/nvcc --cudart static --relocatable-device-code=false -gencode arch=compute_20,code=compute_20 -gencode arch=compute_20,code=sm_20 -link -o  "lab3test"  ./src/lab3test.o   -lcublas -lcusparse
Finished building target: lab3test
 
15:41:29 **** Incremental Build of configuration Debug for project lab3test ****
make all 
Building file: ../src/lab3test.cu
Invoking: NVCC Compiler
/usr/local/cuda-7.0/bin/nvcc -I/usr/local/cuda/samples/common/inc -G -g -lineinfo -O0 -gencode arch=compute_20,code=sm_20  -odir "src" -M -o "src/lab3test.d" "../src/lab3test.cu"
/usr/local/cuda-7.0/bin/nvcc -m64 -I/usr/local/cuda/samples/common/inc -G -g -lineinfo -O0 --compile --relocatable-device-code=false -gencode arch=compute_20,code=compute_20 -gencode arch=compute_20,code=sm_20  -x cu -o  "src/lab3test.o" "../src/lab3test.cu"
../src/lab3test.cu(335): warning: variable "endIter" was declared but never referenced

../src/lab3test.cu(410): warning: variable "d_vector" was declared but never referenced

../src/lab3test.cu(414): warning: variable "testSize" was declared but never referenced

../src/lab3test.cu(444): warning: variable "beta" was set but never used

../src/lab3test.cu(335): warning: variable "endIter" was declared but never referenced

../src/lab3test.cu(410): warning: variable "d_vector" was declared but never referenced

../src/lab3test.cu(414): warning: variable "testSize" was declared but never referenced

../src/lab3test.cu(444): warning: variable "beta" was set but never used

Finished building: ../src/lab3test.cu
 
Building target: lab3test
Invoking: NVCC Linker
/usr/local/cuda-7.0/bin/nvcc --cudart static --relocatable-device-code=false -gencode arch=compute_20,code=compute_20 -gencode arch=compute_20,code=sm_20 -link -o  "lab3test"  ./src/lab3test.o   -lcublas -lcusparse
Finished building target: lab3test
 
15:41:39 **** Incremental Build of configuration Debug for project lab3test ****
make all 
Building file: ../src/lab3test.cu
Invoking: NVCC Compiler
/usr/local/cuda-7.0/bin/nvcc -I/usr/local/cuda/samples/common/inc -G -g -lineinfo -O0 -gencode arch=compute_20,code=sm_20  -odir "src" -M -o "src/lab3test.d" "../src/lab3test.cu"
/usr/local/cuda-7.0/bin/nvcc -m64 -I/usr/local/cuda/samples/common/inc -G -g -lineinfo -O0 --compile --relocatable-device-code=false -gencode arch=compute_20,code=compute_20 -gencode arch=compute_20,code=sm_20  -x cu -o  "src/lab3test.o" "../src/lab3test.cu"
../src/lab3test.cu(335): warning: variable "endIter" was declared but never referenced

../src/lab3test.cu(410): warning: variable "d_vector" was declared but never referenced

../src/lab3test.cu(414): warning: variable "testSize" was declared but never referenced

../src/lab3test.cu(444): warning: variable "beta" was set but never used

../src/lab3test.cu(335): warning: variable "endIter" was declared but never referenced

../src/lab3test.cu(410): warning: variable "d_vector" was declared but never referenced

../src/lab3test.cu(414): warning: variable "testSize" was declared but never referenced

../src/lab3test.cu(444): warning: variable "beta" was set but never used

Finished building: ../src/lab3test.cu
 
Building target: lab3test
Invoking: NVCC Linker
/usr/local/cuda-7.0/bin/nvcc --cudart static --relocatable-device-code=false -gencode arch=compute_20,code=compute_20 -gencode arch=compute_20,code=sm_20 -link -o  "lab3test"  ./src/lab3test.o   -lcublas -lcusparse
Finished building target: lab3test
 
15:41:49 **** Incremental Build of configuration Debug for project lab3test ****
make all 
Building file: ../src/lab3test.cu
Invoking: NVCC Compiler
/usr/local/cuda-7.0/bin/nvcc -I/usr/local/cuda/samples/common/inc -G -g -lineinfo -O0 -gencode arch=compute_20,code=sm_20  -odir "src" -M -o "src/lab3test.d" "../src/lab3test.cu"
/usr/local/cuda-7.0/bin/nvcc -m64 -I/usr/local/cuda/samples/common/inc -G -g -lineinfo -O0 --compile --relocatable-device-code=false -gencode arch=compute_20,code=compute_20 -gencode arch=compute_20,code=sm_20  -x cu -o  "src/lab3test.o" "../src/lab3test.cu"
../src/lab3test.cu(335): warning: variable "endIter" was declared but never referenced

../src/lab3test.cu(410): warning: variable "d_vector" was declared but never referenced

../src/lab3test.cu(414): warning: variable "testSize" was declared but never referenced

../src/lab3test.cu(444): warning: variable "beta" was set but never used

../src/lab3test.cu(335): warning: variable "endIter" was declared but never referenced

../src/lab3test.cu(410): warning: variable "d_vector" was declared but never referenced

../src/lab3test.cu(414): warning: variable "testSize" was declared but never referenced

../src/lab3test.cu(444): warning: variable "beta" was set but never used

Finished building: ../src/lab3test.cu
 
Building target: lab3test
Invoking: NVCC Linker
/usr/local/cuda-7.0/bin/nvcc --cudart static --relocatable-device-code=false -gencode arch=compute_20,code=compute_20 -gencode arch=compute_20,code=sm_20 -link -o  "lab3test"  ./src/lab3test.o   -lcublas -lcusparse
Finished building target: lab3test
 
15:41:58 **** Incremental Build of configuration Debug for project lab3test ****
make all 
Building file: ../src/lab3test.cu
Invoking: NVCC Compiler
/usr/local/cuda-7.0/bin/nvcc -I/usr/local/cuda/samples/common/inc -G -g -lineinfo -O0 -gencode arch=compute_20,code=sm_20  -odir "src" -M -o "src/lab3test.d" "../src/lab3test.cu"
/usr/local/cuda-7.0/bin/nvcc -m64 -I/usr/local/cuda/samples/common/inc -G -g -lineinfo -O0 --compile --relocatable-device-code=false -gencode arch=compute_20,code=compute_20 -gencode arch=compute_20,code=sm_20  -x cu -o  "src/lab3test.o" "../src/lab3test.cu"
../src/lab3test.cu(335): warning: variable "endIter" was declared but never referenced

../src/lab3test.cu(410): warning: variable "d_vector" was declared but never referenced

../src/lab3test.cu(414): warning: variable "testSize" was declared but never referenced

../src/lab3test.cu(444): warning: variable "beta" was set but never used

../src/lab3test.cu(335): warning: variable "endIter" was declared but never referenced

../src/lab3test.cu(410): warning: variable "d_vector" was declared but never referenced

../src/lab3test.cu(414): warning: variable "testSize" was declared but never referenced

../src/lab3test.cu(444): warning: variable "beta" was set but never used

Finished building: ../src/lab3test.cu
 
Building target: lab3test
Invoking: NVCC Linker
/usr/local/cuda-7.0/bin/nvcc --cudart static --relocatable-device-code=false -gencode arch=compute_20,code=compute_20 -gencode arch=compute_20,code=sm_20 -link -o  "lab3test"  ./src/lab3test.o   -lcublas -lcusparse
Finished building target: lab3test
 
15:42:08 **** Incremental Build of configuration Debug for project lab3test ****
make all 
Building file: ../src/lab3test.cu
Invoking: NVCC Compiler
/usr/local/cuda-7.0/bin/nvcc -I/usr/local/cuda/samples/common/inc -G -g -lineinfo -O0 -gencode arch=compute_20,code=sm_20  -odir "src" -M -o "src/lab3test.d" "../src/lab3test.cu"
/usr/local/cuda-7.0/bin/nvcc -m64 -I/usr/local/cuda/samples/common/inc -G -g -lineinfo -O0 --compile --relocatable-device-code=false -gencode arch=compute_20,code=compute_20 -gencode arch=compute_20,code=sm_20  -x cu -o  "src/lab3test.o" "../src/lab3test.cu"
../src/lab3test.cu(335): warning: variable "endIter" was declared but never referenced

../src/lab3test.cu(410): warning: variable "d_vector" was declared but never referenced

../src/lab3test.cu(414): warning: variable "testSize" was declared but never referenced

../src/lab3test.cu(444): warning: variable "beta" was set but never used

../src/lab3test.cu(335): warning: variable "endIter" was declared but never referenced

../src/lab3test.cu(410): warning: variable "d_vector" was declared but never referenced

../src/lab3test.cu(414): warning: variable "testSize" was declared but never referenced

../src/lab3test.cu(444): warning: variable "beta" was set but never used

Finished building: ../src/lab3test.cu
 
Building target: lab3test
Invoking: NVCC Linker
/usr/local/cuda-7.0/bin/nvcc --cudart static --relocatable-device-code=false -gencode arch=compute_20,code=compute_20 -gencode arch=compute_20,code=sm_20 -link -o  "lab3test"  ./src/lab3test.o   -lcublas -lcusparse
Finished building target: lab3test
 
15:42:19 **** Incremental Build of configuration Debug for project lab3test ****
make all 
Building file: ../src/lab3test.cu
Invoking: NVCC Compiler
/usr/local/cuda-7.0/bin/nvcc -I/usr/local/cuda/samples/common/inc -G -g -lineinfo -O0 -gencode arch=compute_20,code=sm_20  -odir "src" -M -o "src/lab3test.d" "../src/lab3test.cu"
/usr/local/cuda-7.0/bin/nvcc -m64 -I/usr/local/cuda/samples/common/inc -G -g -lineinfo -O0 --compile --relocatable-device-code=false -gencode arch=compute_20,code=compute_20 -gencode arch=compute_20,code=sm_20  -x cu -o  "src/lab3test.o" "../src/lab3test.cu"
../src/lab3test.cu(335): warning: variable "endIter" was declared but never referenced

../src/lab3test.cu(410): warning: variable "d_vector" was declared but never referenced

../src/lab3test.cu(414): warning: variable "testSize" was declared but never referenced

../src/lab3test.cu(444): warning: variable "beta" was set but never used

../src/lab3test.cu(335): warning: variable "endIter" was declared but never referenced

../src/lab3test.cu(410): warning: variable "d_vector" was declared but never referenced

../src/lab3test.cu(414): warning: variable "testSize" was declared but never referenced

../src/lab3test.cu(444): warning: variable "beta" was set but never used

Finished building: ../src/lab3test.cu
 
Building target: lab3test
Invoking: NVCC Linker
/usr/local/cuda-7.0/bin/nvcc --cudart static --relocatable-device-code=false -gencode arch=compute_20,code=compute_20 -gencode arch=compute_20,code=sm_20 -link -o  "lab3test"  ./src/lab3test.o   -lcublas -lcusparse
Finished building target: lab3test
 
15:42:28 **** Incremental Build of configuration Debug for project lab3test ****
make all 
Building file: ../src/lab3test.cu
Invoking: NVCC Compiler
/usr/local/cuda-7.0/bin/nvcc -I/usr/local/cuda/samples/common/inc -G -g -lineinfo -O0 -gencode arch=compute_20,code=sm_20  -odir "src" -M -o "src/lab3test.d" "../src/lab3test.cu"
/usr/local/cuda-7.0/bin/nvcc -m64 -I/usr/local/cuda/samples/common/inc -G -g -lineinfo -O0 --compile --relocatable-device-code=false -gencode arch=compute_20,code=compute_20 -gencode arch=compute_20,code=sm_20  -x cu -o  "src/lab3test.o" "../src/lab3test.cu"
../src/lab3test.cu(335): warning: variable "endIter" was declared but never referenced

../src/lab3test.cu(410): warning: variable "d_vector" was declared but never referenced

../src/lab3test.cu(414): warning: variable "testSize" was declared but never referenced

../src/lab3test.cu(444): warning: variable "beta" was set but never used

../src/lab3test.cu(335): warning: variable "endIter" was declared but never referenced

../src/lab3test.cu(410): warning: variable "d_vector" was declared but never referenced

../src/lab3test.cu(414): warning: variable "testSize" was declared but never referenced

../src/lab3test.cu(444): warning: variable "beta" was set but never used

Finished building: ../src/lab3test.cu
 
Building target: lab3test
Invoking: NVCC Linker
/usr/local/cuda-7.0/bin/nvcc --cudart static --relocatable-device-code=false -gencode arch=compute_20,code=compute_20 -gencode arch=compute_20,code=sm_20 -link -o  "lab3test"  ./src/lab3test.o   -lcublas -lcusparse
Finished building target: lab3test
 
15:42:40 **** Incremental Build of configuration Debug for project lab3test ****
make all 
Building file: ../src/lab3test.cu
Invoking: NVCC Compiler
/usr/local/cuda-7.0/bin/nvcc -I/usr/local/cuda/samples/common/inc -G -g -lineinfo -O0 -gencode arch=compute_20,code=sm_20  -odir "src" -M -o "src/lab3test.d" "../src/lab3test.cu"
/usr/local/cuda-7.0/bin/nvcc -m64 -I/usr/local/cuda/samples/common/inc -G -g -lineinfo -O0 --compile --relocatable-device-code=false -gencode arch=compute_20,code=compute_20 -gencode arch=compute_20,code=sm_20  -x cu -o  "src/lab3test.o" "../src/lab3test.cu"
../src/lab3test.cu(335): warning: variable "endIter" was declared but never referenced

../src/lab3test.cu(410): warning: variable "d_vector" was declared but never referenced

../src/lab3test.cu(414): warning: variable "testSize" was declared but never referenced

../src/lab3test.cu(444): warning: variable "beta" was set but never used

../src/lab3test.cu(335): warning: variable "endIter" was declared but never referenced

../src/lab3test.cu(410): warning: variable "d_vector" was declared but never referenced

../src/lab3test.cu(414): warning: variable "testSize" was declared but never referenced

../src/lab3test.cu(444): warning: variable "beta" was set but never used

Finished building: ../src/lab3test.cu
 
Building target: lab3test
Invoking: NVCC Linker
/usr/local/cuda-7.0/bin/nvcc --cudart static --relocatable-device-code=false -gencode arch=compute_20,code=compute_20 -gencode arch=compute_20,code=sm_20 -link -o  "lab3test"  ./src/lab3test.o   -lcublas -lcusparse
Finished building target: lab3test
 
15:43:02 **** Incremental Build of configuration Debug for project lab3test ****
make all 
Building file: ../src/lab3test.cu
Invoking: NVCC Compiler
/usr/local/cuda-7.0/bin/nvcc -I/usr/local/cuda/samples/common/inc -G -g -lineinfo -O0 -gencode arch=compute_20,code=sm_20  -odir "src" -M -o "src/lab3test.d" "../src/lab3test.cu"
/usr/local/cuda-7.0/bin/nvcc -m64 -I/usr/local/cuda/samples/common/inc -G -g -lineinfo -O0 --compile --relocatable-device-code=false -gencode arch=compute_20,code=compute_20 -gencode arch=compute_20,code=sm_20  -x cu -o  "src/lab3test.o" "../src/lab3test.cu"
../src/lab3test.cu(335): warning: variable "endIter" was declared but never referenced

../src/lab3test.cu(410): warning: variable "d_vector" was declared but never referenced

../src/lab3test.cu(414): warning: variable "testSize" was declared but never referenced

../src/lab3test.cu(444): warning: variable "beta" was set but never used

../src/lab3test.cu(335): warning: variable "endIter" was declared but never referenced

../src/lab3test.cu(410): warning: variable "d_vector" was declared but never referenced

../src/lab3test.cu(414): warning: variable "testSize" was declared but never referenced

../src/lab3test.cu(444): warning: variable "beta" was set but never used

Finished building: ../src/lab3test.cu
 
Building target: lab3test
Invoking: NVCC Linker
/usr/local/cuda-7.0/bin/nvcc --cudart static --relocatable-device-code=false -gencode arch=compute_20,code=compute_20 -gencode arch=compute_20,code=sm_20 -link -o  "lab3test"  ./src/lab3test.o   -lcublas -lcusparse
Finished building target: lab3test
 
15:43:30 **** Incremental Build of configuration Debug for project lab3test ****
make all 
Building file: ../src/lab3test.cu
Invoking: NVCC Compiler
/usr/local/cuda-7.0/bin/nvcc -I/usr/local/cuda/samples/common/inc -G -g -lineinfo -O0 -gencode arch=compute_20,code=sm_20  -odir "src" -M -o "src/lab3test.d" "../src/lab3test.cu"
/usr/local/cuda-7.0/bin/nvcc -m64 -I/usr/local/cuda/samples/common/inc -G -g -lineinfo -O0 --compile --relocatable-device-code=false -gencode arch=compute_20,code=compute_20 -gencode arch=compute_20,code=sm_20  -x cu -o  "src/lab3test.o" "../src/lab3test.cu"
../src/lab3test.cu(335): warning: variable "endIter" was declared but never referenced

../src/lab3test.cu(410): warning: variable "d_vector" was declared but never referenced

../src/lab3test.cu(414): warning: variable "testSize" was declared but never referenced

../src/lab3test.cu(444): warning: variable "beta" was set but never used

../src/lab3test.cu(335): warning: variable "endIter" was declared but never referenced

../src/lab3test.cu(410): warning: variable "d_vector" was declared but never referenced

../src/lab3test.cu(414): warning: variable "testSize" was declared but never referenced

../src/lab3test.cu(444): warning: variable "beta" was set but never used

Finished building: ../src/lab3test.cu
 
Building target: lab3test
Invoking: NVCC Linker
/usr/local/cuda-7.0/bin/nvcc --cudart static --relocatable-device-code=false -gencode arch=compute_20,code=compute_20 -gencode arch=compute_20,code=sm_20 -link -o  "lab3test"  ./src/lab3test.o   -lcublas -lcusparse
Finished building target: lab3test
 
15:43:52 **** Incremental Build of configuration Debug for project lab3test ****
make all 
Building file: ../src/lab3test.cu
Invoking: NVCC Compiler
/usr/local/cuda-7.0/bin/nvcc -I/usr/local/cuda/samples/common/inc -G -g -lineinfo -O0 -gencode arch=compute_20,code=sm_20  -odir "src" -M -o "src/lab3test.d" "../src/lab3test.cu"
/usr/local/cuda-7.0/bin/nvcc -m64 -I/usr/local/cuda/samples/common/inc -G -g -lineinfo -O0 --compile --relocatable-device-code=false -gencode arch=compute_20,code=compute_20 -gencode arch=compute_20,code=sm_20  -x cu -o  "src/lab3test.o" "../src/lab3test.cu"
../src/lab3test.cu(335): warning: variable "endIter" was declared but never referenced

../src/lab3test.cu(410): warning: variable "d_vector" was declared but never referenced

../src/lab3test.cu(414): warning: variable "testSize" was declared but never referenced

../src/lab3test.cu(444): warning: variable "beta" was set but never used

../src/lab3test.cu(335): warning: variable "endIter" was declared but never referenced

../src/lab3test.cu(410): warning: variable "d_vector" was declared but never referenced

../src/lab3test.cu(414): warning: variable "testSize" was declared but never referenced

../src/lab3test.cu(444): warning: variable "beta" was set but never used

Finished building: ../src/lab3test.cu
 
Building target: lab3test
Invoking: NVCC Linker
/usr/local/cuda-7.0/bin/nvcc --cudart static --relocatable-device-code=false -gencode arch=compute_20,code=compute_20 -gencode arch=compute_20,code=sm_20 -link -o  "lab3test"  ./src/lab3test.o   -lcublas -lcusparse
Finished building target: lab3test
 
15:44:03 **** Incremental Build of configuration Debug for project lab3test ****
make all 
Building file: ../src/lab3test.cu
Invoking: NVCC Compiler
/usr/local/cuda-7.0/bin/nvcc -I/usr/local/cuda/samples/common/inc -G -g -lineinfo -O0 -gencode arch=compute_20,code=sm_20  -odir "src" -M -o "src/lab3test.d" "../src/lab3test.cu"
/usr/local/cuda-7.0/bin/nvcc -m64 -I/usr/local/cuda/samples/common/inc -G -g -lineinfo -O0 --compile --relocatable-device-code=false -gencode arch=compute_20,code=compute_20 -gencode arch=compute_20,code=sm_20  -x cu -o  "src/lab3test.o" "../src/lab3test.cu"
../src/lab3test.cu(335): warning: variable "endIter" was declared but never referenced

../src/lab3test.cu(410): warning: variable "d_vector" was declared but never referenced

../src/lab3test.cu(414): warning: variable "testSize" was declared but never referenced

../src/lab3test.cu(444): warning: variable "beta" was set but never used

../src/lab3test.cu(335): warning: variable "endIter" was declared but never referenced

../src/lab3test.cu(410): warning: variable "d_vector" was declared but never referenced

../src/lab3test.cu(414): warning: variable "testSize" was declared but never referenced

../src/lab3test.cu(444): warning: variable "beta" was set but never used

Finished building: ../src/lab3test.cu
 
Building target: lab3test
Invoking: NVCC Linker
/usr/local/cuda-7.0/bin/nvcc --cudart static --relocatable-device-code=false -gencode arch=compute_20,code=compute_20 -gencode arch=compute_20,code=sm_20 -link -o  "lab3test"  ./src/lab3test.o   -lcublas -lcusparse
Finished building target: lab3test
 
15:44:40 **** Incremental Build of configuration Debug for project lab3test ****
make all 
Building file: ../src/lab3test.cu
Invoking: NVCC Compiler
/usr/local/cuda-7.0/bin/nvcc -I/usr/local/cuda/samples/common/inc -G -g -lineinfo -O0 -gencode arch=compute_20,code=sm_20  -odir "src" -M -o "src/lab3test.d" "../src/lab3test.cu"
/usr/local/cuda-7.0/bin/nvcc -m64 -I/usr/local/cuda/samples/common/inc -G -g -lineinfo -O0 --compile --relocatable-device-code=false -gencode arch=compute_20,code=compute_20 -gencode arch=compute_20,code=sm_20  -x cu -o  "src/lab3test.o" "../src/lab3test.cu"
../src/lab3test.cu(335): warning: variable "endIter" was declared but never referenced

../src/lab3test.cu(416): error: identifier "d_partialSum" is undefined

../src/lab3test.cu(442): warning: variable "beta" was set but never used

1 error detected in the compilation of "/tmp/tmpxft_000063d6_00000000-7_lab3test.cpp1.ii".
make: *** [src/lab3test.o] Błąd 2
15:44:49 **** Incremental Build of configuration Debug for project lab3test ****
make all 
Building file: ../src/lab3test.cu
Invoking: NVCC Compiler
/usr/local/cuda-7.0/bin/nvcc -I/usr/local/cuda/samples/common/inc -G -g -lineinfo -O0 -gencode arch=compute_20,code=sm_20  -odir "src" -M -o "src/lab3test.d" "../src/lab3test.cu"
/usr/local/cuda-7.0/bin/nvcc -m64 -I/usr/local/cuda/samples/common/inc -G -g -lineinfo -O0 --compile --relocatable-device-code=false -gencode arch=compute_20,code=compute_20 -gencode arch=compute_20,code=sm_20  -x cu -o  "src/lab3test.o" "../src/lab3test.cu"
../src/lab3test.cu(335): warning: variable "endIter" was declared but never referenced

../src/lab3test.cu(443): warning: variable "beta" was set but never used

../src/lab3test.cu(335): warning: variable "endIter" was declared but never referenced

../src/lab3test.cu(443): warning: variable "beta" was set but never used

Finished building: ../src/lab3test.cu
 
Building target: lab3test
Invoking: NVCC Linker
/usr/local/cuda-7.0/bin/nvcc --cudart static --relocatable-device-code=false -gencode arch=compute_20,code=compute_20 -gencode arch=compute_20,code=sm_20 -link -o  "lab3test"  ./src/lab3test.o   -lcublas -lcusparse
Finished building target: lab3test
 
15:45:11 **** Incremental Build of configuration Debug for project lab3test ****
make all 
make: Nie ma nic do zrobienia w `all'.
15:45:33 **** Incremental Build of configuration Debug for project lab3test ****
make all 
make: Nie ma nic do zrobienia w `all'.
15:46:06 **** Incremental Build of configuration Debug for project lab3test ****
make all 
make: Nie ma nic do zrobienia w `all'.
15:48:08 **** Incremental Build of configuration Debug for project lab3test ****
make all 
Building file: ../src/lab3test.cu
Invoking: NVCC Compiler
/usr/local/cuda-7.0/bin/nvcc -I/usr/local/cuda/samples/common/inc -G -g -lineinfo -O0 -gencode arch=compute_20,code=sm_20  -odir "src" -M -o "src/lab3test.d" "../src/lab3test.cu"
/usr/local/cuda-7.0/bin/nvcc -m64 -I/usr/local/cuda/samples/common/inc -G -g -lineinfo -O0 --compile --relocatable-device-code=false -gencode arch=compute_20,code=compute_20 -gencode arch=compute_20,code=sm_20  -x cu -o  "src/lab3test.o" "../src/lab3test.cu"
../src/lab3test.cu(335): warning: variable "endIter" was declared but never referenced

../src/lab3test.cu(444): warning: variable "beta" was set but never used

../src/lab3test.cu(335): warning: variable "endIter" was declared but never referenced

../src/lab3test.cu(444): warning: variable "beta" was set but never used

Finished building: ../src/lab3test.cu
 
Building target: lab3test
Invoking: NVCC Linker
/usr/local/cuda-7.0/bin/nvcc --cudart static --relocatable-device-code=false -gencode arch=compute_20,code=compute_20 -gencode arch=compute_20,code=sm_20 -link -o  "lab3test"  ./src/lab3test.o   -lcublas -lcusparse
Finished building target: lab3test
 
15:53:07 **** Incremental Build of configuration Debug for project lab3test ****
make all 
Building file: ../src/lab3test.cu
Invoking: NVCC Compiler
/usr/local/cuda-7.0/bin/nvcc -I/usr/local/cuda/samples/common/inc -G -g -lineinfo -O0 -gencode arch=compute_20,code=sm_20  -odir "src" -M -o "src/lab3test.d" "../src/lab3test.cu"
/usr/local/cuda-7.0/bin/nvcc -m64 -I/usr/local/cuda/samples/common/inc -G -g -lineinfo -O0 --compile --relocatable-device-code=false -gencode arch=compute_20,code=compute_20 -gencode arch=compute_20,code=sm_20  -x cu -o  "src/lab3test.o" "../src/lab3test.cu"
../src/lab3test.cu(335): warning: variable "endIter" was declared but never referenced

../src/lab3test.cu(444): warning: variable "beta" was set but never used

../src/lab3test.cu(335): warning: variable "endIter" was declared but never referenced

../src/lab3test.cu(444): warning: variable "beta" was set but never used

Finished building: ../src/lab3test.cu
 
Building target: lab3test
Invoking: NVCC Linker
/usr/local/cuda-7.0/bin/nvcc --cudart static --relocatable-device-code=false -gencode arch=compute_20,code=compute_20 -gencode arch=compute_20,code=sm_20 -link -o  "lab3test"  ./src/lab3test.o   -lcublas -lcusparse
Finished building target: lab3test
 
15:53:25 **** Incremental Build of configuration Debug for project lab3test ****
make all 
Building file: ../src/lab3test.cu
Invoking: NVCC Compiler
/usr/local/cuda-7.0/bin/nvcc -I/usr/local/cuda/samples/common/inc -G -g -lineinfo -O0 -gencode arch=compute_20,code=sm_20  -odir "src" -M -o "src/lab3test.d" "../src/lab3test.cu"
/usr/local/cuda-7.0/bin/nvcc -m64 -I/usr/local/cuda/samples/common/inc -G -g -lineinfo -O0 --compile --relocatable-device-code=false -gencode arch=compute_20,code=compute_20 -gencode arch=compute_20,code=sm_20  -x cu -o  "src/lab3test.o" "../src/lab3test.cu"
../src/lab3test.cu(335): warning: variable "endIter" was declared but never referenced

../src/lab3test.cu(444): warning: variable "beta" was set but never used

../src/lab3test.cu(335): warning: variable "endIter" was declared but never referenced

../src/lab3test.cu(444): warning: variable "beta" was set but never used

Finished building: ../src/lab3test.cu
 
Building target: lab3test
Invoking: NVCC Linker
/usr/local/cuda-7.0/bin/nvcc --cudart static --relocatable-device-code=false -gencode arch=compute_20,code=compute_20 -gencode arch=compute_20,code=sm_20 -link -o  "lab3test"  ./src/lab3test.o   -lcublas -lcusparse
Finished building target: lab3test
 
15:54:04 **** Incremental Build of configuration Debug for project lab3test ****
make all 
Building file: ../src/lab3test.cu
Invoking: NVCC Compiler
/usr/local/cuda-7.0/bin/nvcc -I/usr/local/cuda/samples/common/inc -G -g -lineinfo -O0 -gencode arch=compute_20,code=sm_20  -odir "src" -M -o "src/lab3test.d" "../src/lab3test.cu"
/usr/local/cuda-7.0/bin/nvcc -m64 -I/usr/local/cuda/samples/common/inc -G -g -lineinfo -O0 --compile --relocatable-device-code=false -gencode arch=compute_20,code=compute_20 -gencode arch=compute_20,code=sm_20  -x cu -o  "src/lab3test.o" "../src/lab3test.cu"
../src/lab3test.cu(335): warning: variable "endIter" was declared but never referenced

../src/lab3test.cu(444): warning: variable "beta" was set but never used

../src/lab3test.cu(335): warning: variable "endIter" was declared but never referenced

../src/lab3test.cu(444): warning: variable "beta" was set but never used

Finished building: ../src/lab3test.cu
 
Building target: lab3test
Invoking: NVCC Linker
/usr/local/cuda-7.0/bin/nvcc --cudart static --relocatable-device-code=false -gencode arch=compute_20,code=compute_20 -gencode arch=compute_20,code=sm_20 -link -o  "lab3test"  ./src/lab3test.o   -lcublas -lcusparse
Finished building target: lab3test
 
15:54:38 **** Incremental Build of configuration Debug for project lab3test ****
make all 
Building file: ../src/lab3test.cu
Invoking: NVCC Compiler
/usr/local/cuda-7.0/bin/nvcc -I/usr/local/cuda/samples/common/inc -G -g -lineinfo -O0 -gencode arch=compute_20,code=sm_20  -odir "src" -M -o "src/lab3test.d" "../src/lab3test.cu"
/usr/local/cuda-7.0/bin/nvcc -m64 -I/usr/local/cuda/samples/common/inc -G -g -lineinfo -O0 --compile --relocatable-device-code=false -gencode arch=compute_20,code=compute_20 -gencode arch=compute_20,code=sm_20  -x cu -o  "src/lab3test.o" "../src/lab3test.cu"
../src/lab3test.cu(335): warning: variable "endIter" was declared but never referenced

../src/lab3test.cu(445): warning: variable "beta" was set but never used

../src/lab3test.cu(335): warning: variable "endIter" was declared but never referenced

../src/lab3test.cu(445): warning: variable "beta" was set but never used

Finished building: ../src/lab3test.cu
 
Building target: lab3test
Invoking: NVCC Linker
/usr/local/cuda-7.0/bin/nvcc --cudart static --relocatable-device-code=false -gencode arch=compute_20,code=compute_20 -gencode arch=compute_20,code=sm_20 -link -o  "lab3test"  ./src/lab3test.o   -lcublas -lcusparse
Finished building target: lab3test
 
15:55:40 **** Incremental Build of configuration Debug for project lab3test ****
make all 
Building file: ../src/lab3test.cu
Invoking: NVCC Compiler
/usr/local/cuda-7.0/bin/nvcc -I/usr/local/cuda/samples/common/inc -G -g -lineinfo -O0 -gencode arch=compute_20,code=sm_20  -odir "src" -M -o "src/lab3test.d" "../src/lab3test.cu"
/usr/local/cuda-7.0/bin/nvcc -m64 -I/usr/local/cuda/samples/common/inc -G -g -lineinfo -O0 --compile --relocatable-device-code=false -gencode arch=compute_20,code=compute_20 -gencode arch=compute_20,code=sm_20  -x cu -o  "src/lab3test.o" "../src/lab3test.cu"
../src/lab3test.cu(335): warning: variable "endIter" was declared but never referenced

../src/lab3test.cu(445): warning: variable "beta" was set but never used

../src/lab3test.cu(335): warning: variable "endIter" was declared but never referenced

../src/lab3test.cu(445): warning: variable "beta" was set but never used

Finished building: ../src/lab3test.cu
 
Building target: lab3test
Invoking: NVCC Linker
/usr/local/cuda-7.0/bin/nvcc --cudart static --relocatable-device-code=false -gencode arch=compute_20,code=compute_20 -gencode arch=compute_20,code=sm_20 -link -o  "lab3test"  ./src/lab3test.o   -lcublas -lcusparse
Finished building target: lab3test
 
15:55:51 **** Incremental Build of configuration Debug for project lab3test ****
make all 
Building file: ../src/lab3test.cu
Invoking: NVCC Compiler
/usr/local/cuda-7.0/bin/nvcc -I/usr/local/cuda/samples/common/inc -G -g -lineinfo -O0 -gencode arch=compute_20,code=sm_20  -odir "src" -M -o "src/lab3test.d" "../src/lab3test.cu"
/usr/local/cuda-7.0/bin/nvcc -m64 -I/usr/local/cuda/samples/common/inc -G -g -lineinfo -O0 --compile --relocatable-device-code=false -gencode arch=compute_20,code=compute_20 -gencode arch=compute_20,code=sm_20  -x cu -o  "src/lab3test.o" "../src/lab3test.cu"
../src/lab3test.cu(335): warning: variable "endIter" was declared but never referenced

../src/lab3test.cu(445): warning: variable "beta" was set but never used

../src/lab3test.cu(335): warning: variable "endIter" was declared but never referenced

../src/lab3test.cu(445): warning: variable "beta" was set but never used

Finished building: ../src/lab3test.cu
 
Building target: lab3test
Invoking: NVCC Linker
/usr/local/cuda-7.0/bin/nvcc --cudart static --relocatable-device-code=false -gencode arch=compute_20,code=compute_20 -gencode arch=compute_20,code=sm_20 -link -o  "lab3test"  ./src/lab3test.o   -lcublas -lcusparse
Finished building target: lab3test
 
15:56:24 **** Incremental Build of configuration Debug for project lab3test ****
make all 
Building file: ../src/lab3test.cu
Invoking: NVCC Compiler
/usr/local/cuda-7.0/bin/nvcc -I/usr/local/cuda/samples/common/inc -G -g -lineinfo -O0 -gencode arch=compute_20,code=sm_20  -odir "src" -M -o "src/lab3test.d" "../src/lab3test.cu"
/usr/local/cuda-7.0/bin/nvcc -m64 -I/usr/local/cuda/samples/common/inc -G -g -lineinfo -O0 --compile --relocatable-device-code=false -gencode arch=compute_20,code=compute_20 -gencode arch=compute_20,code=sm_20  -x cu -o  "src/lab3test.o" "../src/lab3test.cu"
../src/lab3test.cu(335): warning: variable "endIter" was declared but never referenced

../src/lab3test.cu(445): warning: variable "beta" was set but never used

../src/lab3test.cu(335): warning: variable "endIter" was declared but never referenced

../src/lab3test.cu(445): warning: variable "beta" was set but never used

Finished building: ../src/lab3test.cu
 
Building target: lab3test
Invoking: NVCC Linker
/usr/local/cuda-7.0/bin/nvcc --cudart static --relocatable-device-code=false -gencode arch=compute_20,code=compute_20 -gencode arch=compute_20,code=sm_20 -link -o  "lab3test"  ./src/lab3test.o   -lcublas -lcusparse
Finished building target: lab3test
 
15:57:24 **** Incremental Build of configuration Debug for project lab3test ****
make all 
Building file: ../src/lab3test.cu
Invoking: NVCC Compiler
/usr/local/cuda-7.0/bin/nvcc -I/usr/local/cuda/samples/common/inc -G -g -lineinfo -O0 -gencode arch=compute_20,code=sm_20  -odir "src" -M -o "src/lab3test.d" "../src/lab3test.cu"
/usr/local/cuda-7.0/bin/nvcc -m64 -I/usr/local/cuda/samples/common/inc -G -g -lineinfo -O0 --compile --relocatable-device-code=false -gencode arch=compute_20,code=compute_20 -gencode arch=compute_20,code=sm_20  -x cu -o  "src/lab3test.o" "../src/lab3test.cu"
../src/lab3test.cu(335): warning: variable "endIter" was declared but never referenced

../src/lab3test.cu(446): warning: variable "beta" was set but never used

../src/lab3test.cu(335): warning: variable "endIter" was declared but never referenced

../src/lab3test.cu(446): warning: variable "beta" was set but never used

Finished building: ../src/lab3test.cu
 
Building target: lab3test
Invoking: NVCC Linker
/usr/local/cuda-7.0/bin/nvcc --cudart static --relocatable-device-code=false -gencode arch=compute_20,code=compute_20 -gencode arch=compute_20,code=sm_20 -link -o  "lab3test"  ./src/lab3test.o   -lcublas -lcusparse
Finished building target: lab3test
 
15:58:15 **** Incremental Build of configuration Debug for project lab3test ****
make all 
Building file: ../src/lab3test.cu
Invoking: NVCC Compiler
/usr/local/cuda-7.0/bin/nvcc -I/usr/local/cuda/samples/common/inc -G -g -lineinfo -O0 -gencode arch=compute_20,code=sm_20  -odir "src" -M -o "src/lab3test.d" "../src/lab3test.cu"
/usr/local/cuda-7.0/bin/nvcc -m64 -I/usr/local/cuda/samples/common/inc -G -g -lineinfo -O0 --compile --relocatable-device-code=false -gencode arch=compute_20,code=compute_20 -gencode arch=compute_20,code=sm_20  -x cu -o  "src/lab3test.o" "../src/lab3test.cu"
../src/lab3test.cu(335): warning: variable "endIter" was declared but never referenced

../src/lab3test.cu(446): warning: variable "beta" was set but never used

../src/lab3test.cu(335): warning: variable "endIter" was declared but never referenced

../src/lab3test.cu(446): warning: variable "beta" was set but never used

Finished building: ../src/lab3test.cu
 
Building target: lab3test
Invoking: NVCC Linker
/usr/local/cuda-7.0/bin/nvcc --cudart static --relocatable-device-code=false -gencode arch=compute_20,code=compute_20 -gencode arch=compute_20,code=sm_20 -link -o  "lab3test"  ./src/lab3test.o   -lcublas -lcusparse
Finished building target: lab3test
 
15:58:53 **** Incremental Build of configuration Debug for project lab3test ****
make all 
Building file: ../src/lab3test.cu
Invoking: NVCC Compiler
/usr/local/cuda-7.0/bin/nvcc -I/usr/local/cuda/samples/common/inc -G -g -lineinfo -O0 -gencode arch=compute_20,code=sm_20  -odir "src" -M -o "src/lab3test.d" "../src/lab3test.cu"
/usr/local/cuda-7.0/bin/nvcc -m64 -I/usr/local/cuda/samples/common/inc -G -g -lineinfo -O0 --compile --relocatable-device-code=false -gencode arch=compute_20,code=compute_20 -gencode arch=compute_20,code=sm_20  -x cu -o  "src/lab3test.o" "../src/lab3test.cu"
../src/lab3test.cu(335): warning: variable "endIter" was declared but never referenced

../src/lab3test.cu(446): warning: variable "beta" was set but never used

../src/lab3test.cu(335): warning: variable "endIter" was declared but never referenced

../src/lab3test.cu(446): warning: variable "beta" was set but never used

Finished building: ../src/lab3test.cu
 
Building target: lab3test
Invoking: NVCC Linker
/usr/local/cuda-7.0/bin/nvcc --cudart static --relocatable-device-code=false -gencode arch=compute_20,code=compute_20 -gencode arch=compute_20,code=sm_20 -link -o  "lab3test"  ./src/lab3test.o   -lcublas -lcusparse
Finished building target: lab3test
 
15:59:07 **** Incremental Build of configuration Debug for project lab3test ****
make all 
Building file: ../src/lab3test.cu
Invoking: NVCC Compiler
/usr/local/cuda-7.0/bin/nvcc -I/usr/local/cuda/samples/common/inc -G -g -lineinfo -O0 -gencode arch=compute_20,code=sm_20  -odir "src" -M -o "src/lab3test.d" "../src/lab3test.cu"
/usr/local/cuda-7.0/bin/nvcc -m64 -I/usr/local/cuda/samples/common/inc -G -g -lineinfo -O0 --compile --relocatable-device-code=false -gencode arch=compute_20,code=compute_20 -gencode arch=compute_20,code=sm_20  -x cu -o  "src/lab3test.o" "../src/lab3test.cu"
../src/lab3test.cu(335): warning: variable "endIter" was declared but never referenced

../src/lab3test.cu(446): warning: variable "beta" was set but never used

../src/lab3test.cu(335): warning: variable "endIter" was declared but never referenced

../src/lab3test.cu(446): warning: variable "beta" was set but never used

Finished building: ../src/lab3test.cu
 
Building target: lab3test
Invoking: NVCC Linker
/usr/local/cuda-7.0/bin/nvcc --cudart static --relocatable-device-code=false -gencode arch=compute_20,code=compute_20 -gencode arch=compute_20,code=sm_20 -link -o  "lab3test"  ./src/lab3test.o   -lcublas -lcusparse
Finished building target: lab3test
 
16:00:43 **** Incremental Build of configuration Debug for project lab3test ****
make all 
Building file: ../src/lab3test.cu
Invoking: NVCC Compiler
/usr/local/cuda-7.0/bin/nvcc -I/usr/local/cuda/samples/common/inc -G -g -lineinfo -O0 -gencode arch=compute_20,code=sm_20  -odir "src" -M -o "src/lab3test.d" "../src/lab3test.cu"
/usr/local/cuda-7.0/bin/nvcc -m64 -I/usr/local/cuda/samples/common/inc -G -g -lineinfo -O0 --compile --relocatable-device-code=false -gencode arch=compute_20,code=compute_20 -gencode arch=compute_20,code=sm_20  -x cu -o  "src/lab3test.o" "../src/lab3test.cu"
../src/lab3test.cu(335): warning: variable "endIter" was declared but never referenced

../src/lab3test.cu(445): warning: variable "beta" was set but never used

../src/lab3test.cu(335): warning: variable "endIter" was declared but never referenced

../src/lab3test.cu(445): warning: variable "beta" was set but never used

Finished building: ../src/lab3test.cu
 
Building target: lab3test
Invoking: NVCC Linker
/usr/local/cuda-7.0/bin/nvcc --cudart static --relocatable-device-code=false -gencode arch=compute_20,code=compute_20 -gencode arch=compute_20,code=sm_20 -link -o  "lab3test"  ./src/lab3test.o   -lcublas -lcusparse
Finished building target: lab3test
 
16:01:40 **** Incremental Build of configuration Debug for project lab3test ****
make all 
Building file: ../src/lab3test.cu
Invoking: NVCC Compiler
/usr/local/cuda-7.0/bin/nvcc -I/usr/local/cuda/samples/common/inc -G -g -lineinfo -O0 -gencode arch=compute_20,code=sm_20  -odir "src" -M -o "src/lab3test.d" "../src/lab3test.cu"
/usr/local/cuda-7.0/bin/nvcc -m64 -I/usr/local/cuda/samples/common/inc -G -g -lineinfo -O0 --compile --relocatable-device-code=false -gencode arch=compute_20,code=compute_20 -gencode arch=compute_20,code=sm_20  -x cu -o  "src/lab3test.o" "../src/lab3test.cu"
../src/lab3test.cu(335): warning: variable "endIter" was declared but never referenced

../src/lab3test.cu(591): error: argument of type "int" is incompatible with parameter of type "float *"

../src/lab3test.cu(591): error: too many arguments in function call

../src/lab3test.cu(445): warning: variable "beta" was set but never used

2 errors detected in the compilation of "/tmp/tmpxft_00006dac_00000000-7_lab3test.cpp1.ii".
make: *** [src/lab3test.o] Błąd 2
16:01:57 **** Incremental Build of configuration Debug for project lab3test ****
make all 
Building file: ../src/lab3test.cu
Invoking: NVCC Compiler
/usr/local/cuda-7.0/bin/nvcc -I/usr/local/cuda/samples/common/inc -G -g -lineinfo -O0 -gencode arch=compute_20,code=sm_20  -odir "src" -M -o "src/lab3test.d" "../src/lab3test.cu"
/usr/local/cuda-7.0/bin/nvcc -m64 -I/usr/local/cuda/samples/common/inc -G -g -lineinfo -O0 --compile --relocatable-device-code=false -gencode arch=compute_20,code=compute_20 -gencode arch=compute_20,code=sm_20  -x cu -o  "src/lab3test.o" "../src/lab3test.cu"
../src/lab3test.cu(335): warning: variable "endIter" was declared but never referenced

../src/lab3test.cu(445): warning: variable "beta" was set but never used

../src/lab3test.cu(335): warning: variable "endIter" was declared but never referenced

../src/lab3test.cu(445): warning: variable "beta" was set but never used

Finished building: ../src/lab3test.cu
 
Building target: lab3test
Invoking: NVCC Linker
/usr/local/cuda-7.0/bin/nvcc --cudart static --relocatable-device-code=false -gencode arch=compute_20,code=compute_20 -gencode arch=compute_20,code=sm_20 -link -o  "lab3test"  ./src/lab3test.o   -lcublas -lcusparse
Finished building target: lab3test
 
16:02:41 **** Incremental Build of configuration Debug for project lab3test ****
make all 
Building file: ../src/lab3test.cu
Invoking: NVCC Compiler
/usr/local/cuda-7.0/bin/nvcc -I/usr/local/cuda/samples/common/inc -G -g -lineinfo -O0 -gencode arch=compute_20,code=sm_20  -odir "src" -M -o "src/lab3test.d" "../src/lab3test.cu"
/usr/local/cuda-7.0/bin/nvcc -m64 -I/usr/local/cuda/samples/common/inc -G -g -lineinfo -O0 --compile --relocatable-device-code=false -gencode arch=compute_20,code=compute_20 -gencode arch=compute_20,code=sm_20  -x cu -o  "src/lab3test.o" "../src/lab3test.cu"
../src/lab3test.cu(335): warning: variable "endIter" was declared but never referenced

../src/lab3test.cu(445): warning: variable "beta" was set but never used

../src/lab3test.cu(335): warning: variable "endIter" was declared but never referenced

../src/lab3test.cu(445): warning: variable "beta" was set but never used

Finished building: ../src/lab3test.cu
 
Building target: lab3test
Invoking: NVCC Linker
/usr/local/cuda-7.0/bin/nvcc --cudart static --relocatable-device-code=false -gencode arch=compute_20,code=compute_20 -gencode arch=compute_20,code=sm_20 -link -o  "lab3test"  ./src/lab3test.o   -lcublas -lcusparse
Finished building target: lab3test
 
16:03:07 **** Incremental Build of configuration Debug for project lab3test ****
make all 
Building file: ../src/lab3test.cu
Invoking: NVCC Compiler
/usr/local/cuda-7.0/bin/nvcc -I/usr/local/cuda/samples/common/inc -G -g -lineinfo -O0 -gencode arch=compute_20,code=sm_20  -odir "src" -M -o "src/lab3test.d" "../src/lab3test.cu"
/usr/local/cuda-7.0/bin/nvcc -m64 -I/usr/local/cuda/samples/common/inc -G -g -lineinfo -O0 --compile --relocatable-device-code=false -gencode arch=compute_20,code=compute_20 -gencode arch=compute_20,code=sm_20  -x cu -o  "src/lab3test.o" "../src/lab3test.cu"
../src/lab3test.cu(335): warning: variable "endIter" was declared but never referenced

../src/lab3test.cu(445): warning: variable "beta" was set but never used

../src/lab3test.cu(335): warning: variable "endIter" was declared but never referenced

../src/lab3test.cu(445): warning: variable "beta" was set but never used

Finished building: ../src/lab3test.cu
 
Building target: lab3test
Invoking: NVCC Linker
/usr/local/cuda-7.0/bin/nvcc --cudart static --relocatable-device-code=false -gencode arch=compute_20,code=compute_20 -gencode arch=compute_20,code=sm_20 -link -o  "lab3test"  ./src/lab3test.o   -lcublas -lcusparse
Finished building target: lab3test
 
16:03:35 **** Incremental Build of configuration Debug for project lab3test ****
make all 
Building file: ../src/lab3test.cu
Invoking: NVCC Compiler
/usr/local/cuda-7.0/bin/nvcc -I/usr/local/cuda/samples/common/inc -G -g -lineinfo -O0 -gencode arch=compute_20,code=sm_20  -odir "src" -M -o "src/lab3test.d" "../src/lab3test.cu"
/usr/local/cuda-7.0/bin/nvcc -m64 -I/usr/local/cuda/samples/common/inc -G -g -lineinfo -O0 --compile --relocatable-device-code=false -gencode arch=compute_20,code=compute_20 -gencode arch=compute_20,code=sm_20  -x cu -o  "src/lab3test.o" "../src/lab3test.cu"
../src/lab3test.cu(335): warning: variable "endIter" was declared but never referenced

../src/lab3test.cu(445): warning: variable "beta" was set but never used

../src/lab3test.cu(335): warning: variable "endIter" was declared but never referenced

../src/lab3test.cu(445): warning: variable "beta" was set but never used

Finished building: ../src/lab3test.cu
 
Building target: lab3test
Invoking: NVCC Linker
/usr/local/cuda-7.0/bin/nvcc --cudart static --relocatable-device-code=false -gencode arch=compute_20,code=compute_20 -gencode arch=compute_20,code=sm_20 -link -o  "lab3test"  ./src/lab3test.o   -lcublas -lcusparse
Finished building target: lab3test
 
16:04:26 **** Incremental Build of configuration Debug for project lab3test ****
make all 
Building file: ../src/lab3test.cu
Invoking: NVCC Compiler
/usr/local/cuda-7.0/bin/nvcc -I/usr/local/cuda/samples/common/inc -G -g -lineinfo -O0 -gencode arch=compute_20,code=sm_20  -odir "src" -M -o "src/lab3test.d" "../src/lab3test.cu"
/usr/local/cuda-7.0/bin/nvcc -m64 -I/usr/local/cuda/samples/common/inc -G -g -lineinfo -O0 --compile --relocatable-device-code=false -gencode arch=compute_20,code=compute_20 -gencode arch=compute_20,code=sm_20  -x cu -o  "src/lab3test.o" "../src/lab3test.cu"
../src/lab3test.cu(335): warning: variable "endIter" was declared but never referenced

../src/lab3test.cu(445): warning: variable "beta" was set but never used

../src/lab3test.cu(335): warning: variable "endIter" was declared but never referenced

../src/lab3test.cu(445): warning: variable "beta" was set but never used

Finished building: ../src/lab3test.cu
 
Building target: lab3test
Invoking: NVCC Linker
/usr/local/cuda-7.0/bin/nvcc --cudart static --relocatable-device-code=false -gencode arch=compute_20,code=compute_20 -gencode arch=compute_20,code=sm_20 -link -o  "lab3test"  ./src/lab3test.o   -lcublas -lcusparse
Finished building target: lab3test
 
16:05:34 **** Incremental Build of configuration Debug for project lab3test ****
make all 
make: Nie ma nic do zrobienia w `all'.
16:06:02 **** Incremental Build of configuration Debug for project lab3test ****
make all 
Building file: ../src/lab3test.cu
Invoking: NVCC Compiler
/usr/local/cuda-7.0/bin/nvcc -I/usr/local/cuda/samples/common/inc -G -g -lineinfo -O0 -gencode arch=compute_20,code=sm_20  -odir "src" -M -o "src/lab3test.d" "../src/lab3test.cu"
/usr/local/cuda-7.0/bin/nvcc -m64 -I/usr/local/cuda/samples/common/inc -G -g -lineinfo -O0 --compile --relocatable-device-code=false -gencode arch=compute_20,code=compute_20 -gencode arch=compute_20,code=sm_20  -x cu -o  "src/lab3test.o" "../src/lab3test.cu"
../src/lab3test.cu(335): warning: variable "endIter" was declared but never referenced

../src/lab3test.cu(445): warning: variable "beta" was set but never used

../src/lab3test.cu(335): warning: variable "endIter" was declared but never referenced

../src/lab3test.cu(445): warning: variable "beta" was set but never used

Finished building: ../src/lab3test.cu
 
Building target: lab3test
Invoking: NVCC Linker
/usr/local/cuda-7.0/bin/nvcc --cudart static --relocatable-device-code=false -gencode arch=compute_20,code=compute_20 -gencode arch=compute_20,code=sm_20 -link -o  "lab3test"  ./src/lab3test.o   -lcublas -lcusparse
Finished building target: lab3test
 
16:06:34 **** Incremental Build of configuration Debug for project lab3test ****
make all 
make: Nie ma nic do zrobienia w `all'.
16:29:07 **** Incremental Build of configuration Debug for project lab3test ****
make all 
Building file: ../src/lab3test.cu
Invoking: NVCC Compiler
/usr/local/cuda-7.0/bin/nvcc -I/usr/local/cuda/samples/common/inc -G -g -lineinfo -O0 -gencode arch=compute_20,code=sm_20  -odir "src" -M -o "src/lab3test.d" "../src/lab3test.cu"
/usr/local/cuda-7.0/bin/nvcc -m64 -I/usr/local/cuda/samples/common/inc -G -g -lineinfo -O0 --compile --relocatable-device-code=false -gencode arch=compute_20,code=compute_20 -gencode arch=compute_20,code=sm_20  -x cu -o  "src/lab3test.o" "../src/lab3test.cu"
../src/lab3test.cu(335): warning: variable "endIter" was declared but never referenced

../src/lab3test.cu(445): warning: variable "beta" was set but never used

../src/lab3test.cu(335): warning: variable "endIter" was declared but never referenced

../src/lab3test.cu(445): warning: variable "beta" was set but never used

Finished building: ../src/lab3test.cu
 
Building target: lab3test
Invoking: NVCC Linker
/usr/local/cuda-7.0/bin/nvcc --cudart static --relocatable-device-code=false -gencode arch=compute_20,code=compute_20 -gencode arch=compute_20,code=sm_20 -link -o  "lab3test"  ./src/lab3test.o   -lcublas -lcusparse
Finished building target: lab3test
 
16:29:41 **** Incremental Build of configuration Debug for project lab3test ****
make all 
Building file: ../src/lab3test.cu
Invoking: NVCC Compiler
/usr/local/cuda-7.0/bin/nvcc -I/usr/local/cuda/samples/common/inc -G -g -lineinfo -O0 -gencode arch=compute_20,code=sm_20  -odir "src" -M -o "src/lab3test.d" "../src/lab3test.cu"
/usr/local/cuda-7.0/bin/nvcc -m64 -I/usr/local/cuda/samples/common/inc -G -g -lineinfo -O0 --compile --relocatable-device-code=false -gencode arch=compute_20,code=compute_20 -gencode arch=compute_20,code=sm_20  -x cu -o  "src/lab3test.o" "../src/lab3test.cu"
../src/lab3test.cu(335): warning: variable "endIter" was declared but never referenced

../src/lab3test.cu(593): warning: statement is unreachable

../src/lab3test.cu(445): warning: variable "beta" was set but never used

../src/lab3test.cu(335): warning: variable "endIter" was declared but never referenced

../src/lab3test.cu(593): warning: statement is unreachable

../src/lab3test.cu(445): warning: variable "beta" was set but never used

Finished building: ../src/lab3test.cu
 
Building target: lab3test
Invoking: NVCC Linker
/usr/local/cuda-7.0/bin/nvcc --cudart static --relocatable-device-code=false -gencode arch=compute_20,code=compute_20 -gencode arch=compute_20,code=sm_20 -link -o  "lab3test"  ./src/lab3test.o   -lcublas -lcusparse
Finished building target: lab3test
 
16:29:59 **** Incremental Build of configuration Debug for project lab3test ****
make all 
Building file: ../src/lab3test.cu
Invoking: NVCC Compiler
/usr/local/cuda-7.0/bin/nvcc -I/usr/local/cuda/samples/common/inc -G -g -lineinfo -O0 -gencode arch=compute_20,code=sm_20  -odir "src" -M -o "src/lab3test.d" "../src/lab3test.cu"
/usr/local/cuda-7.0/bin/nvcc -m64 -I/usr/local/cuda/samples/common/inc -G -g -lineinfo -O0 --compile --relocatable-device-code=false -gencode arch=compute_20,code=compute_20 -gencode arch=compute_20,code=sm_20  -x cu -o  "src/lab3test.o" "../src/lab3test.cu"
../src/lab3test.cu(335): warning: variable "endIter" was declared but never referenced

../src/lab3test.cu(594): warning: statement is unreachable

../src/lab3test.cu(445): warning: variable "beta" was set but never used

../src/lab3test.cu(335): warning: variable "endIter" was declared but never referenced

../src/lab3test.cu(594): warning: statement is unreachable

../src/lab3test.cu(445): warning: variable "beta" was set but never used

Finished building: ../src/lab3test.cu
 
Building target: lab3test
Invoking: NVCC Linker
/usr/local/cuda-7.0/bin/nvcc --cudart static --relocatable-device-code=false -gencode arch=compute_20,code=compute_20 -gencode arch=compute_20,code=sm_20 -link -o  "lab3test"  ./src/lab3test.o   -lcublas -lcusparse
Finished building target: lab3test
 
16:31:38 **** Incremental Build of configuration Debug for project lab3test ****
make all 
Building file: ../src/lab3test.cu
Invoking: NVCC Compiler
/usr/local/cuda-7.0/bin/nvcc -I/usr/local/cuda/samples/common/inc -G -g -lineinfo -O0 -gencode arch=compute_20,code=sm_20  -odir "src" -M -o "src/lab3test.d" "../src/lab3test.cu"
/usr/local/cuda-7.0/bin/nvcc -m64 -I/usr/local/cuda/samples/common/inc -G -g -lineinfo -O0 --compile --relocatable-device-code=false -gencode arch=compute_20,code=compute_20 -gencode arch=compute_20,code=sm_20  -x cu -o  "src/lab3test.o" "../src/lab3test.cu"
../src/lab3test.cu(335): warning: variable "endIter" was declared but never referenced

../src/lab3test.cu(594): warning: statement is unreachable

../src/lab3test.cu(445): warning: variable "beta" was set but never used

../src/lab3test.cu(335): warning: variable "endIter" was declared but never referenced

../src/lab3test.cu(594): warning: statement is unreachable

../src/lab3test.cu(445): warning: variable "beta" was set but never used

Finished building: ../src/lab3test.cu
 
Building target: lab3test
Invoking: NVCC Linker
/usr/local/cuda-7.0/bin/nvcc --cudart static --relocatable-device-code=false -gencode arch=compute_20,code=compute_20 -gencode arch=compute_20,code=sm_20 -link -o  "lab3test"  ./src/lab3test.o   -lcublas -lcusparse
Finished building target: lab3test
 
16:32:11 **** Incremental Build of configuration Debug for project lab3test ****
make all 
Building file: ../src/lab3test.cu
Invoking: NVCC Compiler
/usr/local/cuda-7.0/bin/nvcc -I/usr/local/cuda/samples/common/inc -G -g -lineinfo -O0 -gencode arch=compute_20,code=sm_20  -odir "src" -M -o "src/lab3test.d" "../src/lab3test.cu"
/usr/local/cuda-7.0/bin/nvcc -m64 -I/usr/local/cuda/samples/common/inc -G -g -lineinfo -O0 --compile --relocatable-device-code=false -gencode arch=compute_20,code=compute_20 -gencode arch=compute_20,code=sm_20  -x cu -o  "src/lab3test.o" "../src/lab3test.cu"
../src/lab3test.cu(335): warning: variable "endIter" was declared but never referenced

../src/lab3test.cu(594): warning: statement is unreachable

../src/lab3test.cu(445): warning: variable "beta" was set but never used

../src/lab3test.cu(335): warning: variable "endIter" was declared but never referenced

../src/lab3test.cu(594): warning: statement is unreachable

../src/lab3test.cu(445): warning: variable "beta" was set but never used

Finished building: ../src/lab3test.cu
 
Building target: lab3test
Invoking: NVCC Linker
/usr/local/cuda-7.0/bin/nvcc --cudart static --relocatable-device-code=false -gencode arch=compute_20,code=compute_20 -gencode arch=compute_20,code=sm_20 -link -o  "lab3test"  ./src/lab3test.o   -lcublas -lcusparse
Finished building target: lab3test
 
16:32:45 **** Incremental Build of configuration Debug for project lab3test ****
make all 
Building file: ../src/lab3test.cu
Invoking: NVCC Compiler
/usr/local/cuda-7.0/bin/nvcc -I/usr/local/cuda/samples/common/inc -G -g -lineinfo -O0 -gencode arch=compute_20,code=sm_20  -odir "src" -M -o "src/lab3test.d" "../src/lab3test.cu"
/usr/local/cuda-7.0/bin/nvcc -m64 -I/usr/local/cuda/samples/common/inc -G -g -lineinfo -O0 --compile --relocatable-device-code=false -gencode arch=compute_20,code=compute_20 -gencode arch=compute_20,code=sm_20  -x cu -o  "src/lab3test.o" "../src/lab3test.cu"
../src/lab3test.cu(335): warning: variable "endIter" was declared but never referenced

../src/lab3test.cu(595): warning: statement is unreachable

../src/lab3test.cu(446): warning: variable "beta" was set but never used

../src/lab3test.cu(335): warning: variable "endIter" was declared but never referenced

../src/lab3test.cu(595): warning: statement is unreachable

../src/lab3test.cu(446): warning: variable "beta" was set but never used

Finished building: ../src/lab3test.cu
 
Building target: lab3test
Invoking: NVCC Linker
/usr/local/cuda-7.0/bin/nvcc --cudart static --relocatable-device-code=false -gencode arch=compute_20,code=compute_20 -gencode arch=compute_20,code=sm_20 -link -o  "lab3test"  ./src/lab3test.o   -lcublas -lcusparse
Finished building target: lab3test
 
16:33:25 **** Incremental Build of configuration Debug for project lab3test ****
make all 
Building file: ../src/lab3test.cu
Invoking: NVCC Compiler
/usr/local/cuda-7.0/bin/nvcc -I/usr/local/cuda/samples/common/inc -G -g -lineinfo -O0 -gencode arch=compute_20,code=sm_20  -odir "src" -M -o "src/lab3test.d" "../src/lab3test.cu"
/usr/local/cuda-7.0/bin/nvcc -m64 -I/usr/local/cuda/samples/common/inc -G -g -lineinfo -O0 --compile --relocatable-device-code=false -gencode arch=compute_20,code=compute_20 -gencode arch=compute_20,code=sm_20  -x cu -o  "src/lab3test.o" "../src/lab3test.cu"
../src/lab3test.cu(335): warning: variable "endIter" was declared but never referenced

../src/lab3test.cu(446): warning: variable "beta" was set but never used

../src/lab3test.cu(335): warning: variable "endIter" was declared but never referenced

../src/lab3test.cu(446): warning: variable "beta" was set but never used

Finished building: ../src/lab3test.cu
 
Building target: lab3test
Invoking: NVCC Linker
/usr/local/cuda-7.0/bin/nvcc --cudart static --relocatable-device-code=false -gencode arch=compute_20,code=compute_20 -gencode arch=compute_20,code=sm_20 -link -o  "lab3test"  ./src/lab3test.o   -lcublas -lcusparse
Finished building target: lab3test
 
16:34:16 **** Incremental Build of configuration Debug for project lab3test ****
make all 
Building file: ../src/lab3test.cu
Invoking: NVCC Compiler
/usr/local/cuda-7.0/bin/nvcc -I/usr/local/cuda/samples/common/inc -G -g -lineinfo -O0 -gencode arch=compute_20,code=sm_20  -odir "src" -M -o "src/lab3test.d" "../src/lab3test.cu"
/usr/local/cuda-7.0/bin/nvcc -m64 -I/usr/local/cuda/samples/common/inc -G -g -lineinfo -O0 --compile --relocatable-device-code=false -gencode arch=compute_20,code=compute_20 -gencode arch=compute_20,code=sm_20  -x cu -o  "src/lab3test.o" "../src/lab3test.cu"
../src/lab3test.cu(335): warning: variable "endIter" was declared but never referenced

../src/lab3test.cu(446): warning: variable "beta" was set but never used

../src/lab3test.cu(335): warning: variable "endIter" was declared but never referenced

../src/lab3test.cu(446): warning: variable "beta" was set but never used

Finished building: ../src/lab3test.cu
 
Building target: lab3test
Invoking: NVCC Linker
/usr/local/cuda-7.0/bin/nvcc --cudart static --relocatable-device-code=false -gencode arch=compute_20,code=compute_20 -gencode arch=compute_20,code=sm_20 -link -o  "lab3test"  ./src/lab3test.o   -lcublas -lcusparse
Finished building target: lab3test
 
16:35:07 **** Incremental Build of configuration Debug for project lab3test ****
make all 
Building file: ../src/lab3test.cu
Invoking: NVCC Compiler
/usr/local/cuda-7.0/bin/nvcc -I/usr/local/cuda/samples/common/inc -G -g -lineinfo -O0 -gencode arch=compute_20,code=sm_20  -odir "src" -M -o "src/lab3test.d" "../src/lab3test.cu"
/usr/local/cuda-7.0/bin/nvcc -m64 -I/usr/local/cuda/samples/common/inc -G -g -lineinfo -O0 --compile --relocatable-device-code=false -gencode arch=compute_20,code=compute_20 -gencode arch=compute_20,code=sm_20  -x cu -o  "src/lab3test.o" "../src/lab3test.cu"
../src/lab3test.cu(335): warning: variable "endIter" was declared but never referenced

../src/lab3test.cu(446): warning: variable "beta" was set but never used

../src/lab3test.cu(335): warning: variable "endIter" was declared but never referenced

../src/lab3test.cu(446): warning: variable "beta" was set but never used

Finished building: ../src/lab3test.cu
 
Building target: lab3test
Invoking: NVCC Linker
/usr/local/cuda-7.0/bin/nvcc --cudart static --relocatable-device-code=false -gencode arch=compute_20,code=compute_20 -gencode arch=compute_20,code=sm_20 -link -o  "lab3test"  ./src/lab3test.o   -lcublas -lcusparse
Finished building target: lab3test
 
16:35:27 **** Incremental Build of configuration Debug for project lab3test ****
make all 
make: Nie ma nic do zrobienia w `all'.
16:35:40 **** Incremental Build of configuration Debug for project lab3test ****
make all 
Building file: ../src/lab3test.cu
Invoking: NVCC Compiler
/usr/local/cuda-7.0/bin/nvcc -I/usr/local/cuda/samples/common/inc -G -g -lineinfo -O0 -gencode arch=compute_20,code=sm_20  -odir "src" -M -o "src/lab3test.d" "../src/lab3test.cu"
/usr/local/cuda-7.0/bin/nvcc -m64 -I/usr/local/cuda/samples/common/inc -G -g -lineinfo -O0 --compile --relocatable-device-code=false -gencode arch=compute_20,code=compute_20 -gencode arch=compute_20,code=sm_20  -x cu -o  "src/lab3test.o" "../src/lab3test.cu"
../src/lab3test.cu(335): warning: variable "endIter" was declared but never referenced

../src/lab3test.cu(446): warning: variable "beta" was set but never used

../src/lab3test.cu(335): warning: variable "endIter" was declared but never referenced

../src/lab3test.cu(446): warning: variable "beta" was set but never used

Finished building: ../src/lab3test.cu
 
Building target: lab3test
Invoking: NVCC Linker
/usr/local/cuda-7.0/bin/nvcc --cudart static --relocatable-device-code=false -gencode arch=compute_20,code=compute_20 -gencode arch=compute_20,code=sm_20 -link -o  "lab3test"  ./src/lab3test.o   -lcublas -lcusparse
Finished building target: lab3test
 
16:36:01 **** Incremental Build of configuration Debug for project lab3test ****
make all 
Building file: ../src/lab3test.cu
Invoking: NVCC Compiler
/usr/local/cuda-7.0/bin/nvcc -I/usr/local/cuda/samples/common/inc -G -g -lineinfo -O0 -gencode arch=compute_20,code=sm_20  -odir "src" -M -o "src/lab3test.d" "../src/lab3test.cu"
/usr/local/cuda-7.0/bin/nvcc -m64 -I/usr/local/cuda/samples/common/inc -G -g -lineinfo -O0 --compile --relocatable-device-code=false -gencode arch=compute_20,code=compute_20 -gencode arch=compute_20,code=sm_20  -x cu -o  "src/lab3test.o" "../src/lab3test.cu"
../src/lab3test.cu(335): warning: variable "endIter" was declared but never referenced

../src/lab3test.cu(446): warning: variable "beta" was set but never used

../src/lab3test.cu(335): warning: variable "endIter" was declared but never referenced

../src/lab3test.cu(446): warning: variable "beta" was set but never used

Finished building: ../src/lab3test.cu
 
Building target: lab3test
Invoking: NVCC Linker
/usr/local/cuda-7.0/bin/nvcc --cudart static --relocatable-device-code=false -gencode arch=compute_20,code=compute_20 -gencode arch=compute_20,code=sm_20 -link -o  "lab3test"  ./src/lab3test.o   -lcublas -lcusparse
Finished building target: lab3test
 
16:38:05 **** Incremental Build of configuration Debug for project lab3test ****
make all 
make: Nie ma nic do zrobienia w `all'.
16:39:40 **** Incremental Build of configuration Debug for project lab3test ****
make all 
Building file: ../src/lab3test.cu
Invoking: NVCC Compiler
/usr/local/cuda-7.0/bin/nvcc -I/usr/local/cuda/samples/common/inc -G -g -lineinfo -O0 -gencode arch=compute_20,code=sm_20  -odir "src" -M -o "src/lab3test.d" "../src/lab3test.cu"
/usr/local/cuda-7.0/bin/nvcc -m64 -I/usr/local/cuda/samples/common/inc -G -g -lineinfo -O0 --compile --relocatable-device-code=false -gencode arch=compute_20,code=compute_20 -gencode arch=compute_20,code=sm_20  -x cu -o  "src/lab3test.o" "../src/lab3test.cu"
../src/lab3test.cu(335): warning: variable "endIter" was declared but never referenced

../src/lab3test.cu(446): warning: variable "beta" was set but never used

../src/lab3test.cu(335): warning: variable "endIter" was declared but never referenced

../src/lab3test.cu(446): warning: variable "beta" was set but never used

Finished building: ../src/lab3test.cu
 
Building target: lab3test
Invoking: NVCC Linker
/usr/local/cuda-7.0/bin/nvcc --cudart static --relocatable-device-code=false -gencode arch=compute_20,code=compute_20 -gencode arch=compute_20,code=sm_20 -link -o  "lab3test"  ./src/lab3test.o   -lcublas -lcusparse
Finished building target: lab3test
 
16:41:19 **** Incremental Build of configuration Debug for project lab3test ****
make all 
Building file: ../src/lab3test.cu
Invoking: NVCC Compiler
/usr/local/cuda-7.0/bin/nvcc -I/usr/local/cuda/samples/common/inc -G -g -lineinfo -O0 -gencode arch=compute_20,code=sm_20  -odir "src" -M -o "src/lab3test.d" "../src/lab3test.cu"
/usr/local/cuda-7.0/bin/nvcc -m64 -I/usr/local/cuda/samples/common/inc -G -g -lineinfo -O0 --compile --relocatable-device-code=false -gencode arch=compute_20,code=compute_20 -gencode arch=compute_20,code=sm_20  -x cu -o  "src/lab3test.o" "../src/lab3test.cu"
../src/lab3test.cu(335): warning: variable "endIter" was declared but never referenced

../src/lab3test.cu(446): warning: variable "beta" was set but never used

../src/lab3test.cu(335): warning: variable "endIter" was declared but never referenced

../src/lab3test.cu(446): warning: variable "beta" was set but never used

Finished building: ../src/lab3test.cu
 
Building target: lab3test
Invoking: NVCC Linker
/usr/local/cuda-7.0/bin/nvcc --cudart static --relocatable-device-code=false -gencode arch=compute_20,code=compute_20 -gencode arch=compute_20,code=sm_20 -link -o  "lab3test"  ./src/lab3test.o   -lcublas -lcusparse
Finished building target: lab3test
 
16:41:56 **** Incremental Build of configuration Debug for project lab3test ****
make all 
Building file: ../src/lab3test.cu
Invoking: NVCC Compiler
/usr/local/cuda-7.0/bin/nvcc -I/usr/local/cuda/samples/common/inc -G -g -lineinfo -O0 -gencode arch=compute_20,code=sm_20  -odir "src" -M -o "src/lab3test.d" "../src/lab3test.cu"
/usr/local/cuda-7.0/bin/nvcc -m64 -I/usr/local/cuda/samples/common/inc -G -g -lineinfo -O0 --compile --relocatable-device-code=false -gencode arch=compute_20,code=compute_20 -gencode arch=compute_20,code=sm_20  -x cu -o  "src/lab3test.o" "../src/lab3test.cu"
../src/lab3test.cu(335): warning: variable "endIter" was declared but never referenced

../src/lab3test.cu(446): warning: variable "beta" was set but never used

../src/lab3test.cu(335): warning: variable "endIter" was declared but never referenced

../src/lab3test.cu(446): warning: variable "beta" was set but never used

Finished building: ../src/lab3test.cu
 
Building target: lab3test
Invoking: NVCC Linker
/usr/local/cuda-7.0/bin/nvcc --cudart static --relocatable-device-code=false -gencode arch=compute_20,code=compute_20 -gencode arch=compute_20,code=sm_20 -link -o  "lab3test"  ./src/lab3test.o   -lcublas -lcusparse
Finished building target: lab3test
 
16:43:30 **** Incremental Build of configuration Debug for project lab3test ****
make all 
make: Nie ma nic do zrobienia w `all'.
16:43:52 **** Incremental Build of configuration Debug for project lab3test ****
make all 
make: Nie ma nic do zrobienia w `all'.
16:45:28 **** Incremental Build of configuration Debug for project lab3test ****
make all 
Building file: ../src/lab3test.cu
Invoking: NVCC Compiler
/usr/local/cuda-7.0/bin/nvcc -I/usr/local/cuda/samples/common/inc -G -g -lineinfo -O0 -gencode arch=compute_20,code=sm_20  -odir "src" -M -o "src/lab3test.d" "../src/lab3test.cu"
/usr/local/cuda-7.0/bin/nvcc -m64 -I/usr/local/cuda/samples/common/inc -G -g -lineinfo -O0 --compile --relocatable-device-code=false -gencode arch=compute_20,code=compute_20 -gencode arch=compute_20,code=sm_20  -x cu -o  "src/lab3test.o" "../src/lab3test.cu"
../src/lab3test.cu(335): warning: variable "endIter" was declared but never referenced

../src/lab3test.cu(577): error: operand of "*" must be a pointer

../src/lab3test.cu(577): error: identifier "pritnf" is undefined

../src/lab3test.cu(446): warning: variable "beta" was set but never used

2 errors detected in the compilation of "/tmp/tmpxft_00007c76_00000000-7_lab3test.cpp1.ii".
make: *** [src/lab3test.o] Błąd 2
16:45:45 **** Incremental Build of configuration Debug for project lab3test ****
make all 
Building file: ../src/lab3test.cu
Invoking: NVCC Compiler
/usr/local/cuda-7.0/bin/nvcc -I/usr/local/cuda/samples/common/inc -G -g -lineinfo -O0 -gencode arch=compute_20,code=sm_20  -odir "src" -M -o "src/lab3test.d" "../src/lab3test.cu"
/usr/local/cuda-7.0/bin/nvcc -m64 -I/usr/local/cuda/samples/common/inc -G -g -lineinfo -O0 --compile --relocatable-device-code=false -gencode arch=compute_20,code=compute_20 -gencode arch=compute_20,code=sm_20  -x cu -o  "src/lab3test.o" "../src/lab3test.cu"
../src/lab3test.cu(335): warning: variable "endIter" was declared but never referenced

../src/lab3test.cu(577): error: identifier "pritnf" is undefined

../src/lab3test.cu(446): warning: variable "beta" was set but never used

1 error detected in the compilation of "/tmp/tmpxft_00007cca_00000000-7_lab3test.cpp1.ii".
make: *** [src/lab3test.o] Błąd 2
16:45:58 **** Incremental Build of configuration Debug for project lab3test ****
make all 
Building file: ../src/lab3test.cu
Invoking: NVCC Compiler
/usr/local/cuda-7.0/bin/nvcc -I/usr/local/cuda/samples/common/inc -G -g -lineinfo -O0 -gencode arch=compute_20,code=sm_20  -odir "src" -M -o "src/lab3test.d" "../src/lab3test.cu"
/usr/local/cuda-7.0/bin/nvcc -m64 -I/usr/local/cuda/samples/common/inc -G -g -lineinfo -O0 --compile --relocatable-device-code=false -gencode arch=compute_20,code=compute_20 -gencode arch=compute_20,code=sm_20  -x cu -o  "src/lab3test.o" "../src/lab3test.cu"
../src/lab3test.cu(335): warning: variable "endIter" was declared but never referenced

../src/lab3test.cu(446): warning: variable "beta" was set but never used

../src/lab3test.cu(335): warning: variable "endIter" was declared but never referenced

../src/lab3test.cu(446): warning: variable "beta" was set but never used

Finished building: ../src/lab3test.cu
 
Building target: lab3test
Invoking: NVCC Linker
/usr/local/cuda-7.0/bin/nvcc --cudart static --relocatable-device-code=false -gencode arch=compute_20,code=compute_20 -gencode arch=compute_20,code=sm_20 -link -o  "lab3test"  ./src/lab3test.o   -lcublas -lcusparse
Finished building target: lab3test
 
16:46:43 **** Incremental Build of configuration Debug for project lab3test ****
make all 
Building file: ../src/lab3test.cu
Invoking: NVCC Compiler
/usr/local/cuda-7.0/bin/nvcc -I/usr/local/cuda/samples/common/inc -G -g -lineinfo -O0 -gencode arch=compute_20,code=sm_20  -odir "src" -M -o "src/lab3test.d" "../src/lab3test.cu"
/usr/local/cuda-7.0/bin/nvcc -m64 -I/usr/local/cuda/samples/common/inc -G -g -lineinfo -O0 --compile --relocatable-device-code=false -gencode arch=compute_20,code=compute_20 -gencode arch=compute_20,code=sm_20  -x cu -o  "src/lab3test.o" "../src/lab3test.cu"
../src/lab3test.cu(335): warning: variable "endIter" was declared but never referenced

../src/lab3test.cu(446): warning: variable "beta" was set but never used

../src/lab3test.cu(335): warning: variable "endIter" was declared but never referenced

../src/lab3test.cu(446): warning: variable "beta" was set but never used

Finished building: ../src/lab3test.cu
 
Building target: lab3test
Invoking: NVCC Linker
/usr/local/cuda-7.0/bin/nvcc --cudart static --relocatable-device-code=false -gencode arch=compute_20,code=compute_20 -gencode arch=compute_20,code=sm_20 -link -o  "lab3test"  ./src/lab3test.o   -lcublas -lcusparse
Finished building target: lab3test
 
16:47:55 **** Incremental Build of configuration Debug for project lab3test ****
make all 
Building file: ../src/lab3test.cu
Invoking: NVCC Compiler
/usr/local/cuda-7.0/bin/nvcc -I/usr/local/cuda/samples/common/inc -G -g -lineinfo -O0 -gencode arch=compute_20,code=sm_20  -odir "src" -M -o "src/lab3test.d" "../src/lab3test.cu"
/usr/local/cuda-7.0/bin/nvcc -m64 -I/usr/local/cuda/samples/common/inc -G -g -lineinfo -O0 --compile --relocatable-device-code=false -gencode arch=compute_20,code=compute_20 -gencode arch=compute_20,code=sm_20  -x cu -o  "src/lab3test.o" "../src/lab3test.cu"
../src/lab3test.cu(335): warning: variable "endIter" was declared but never referenced

../src/lab3test.cu(446): warning: variable "beta" was set but never used

../src/lab3test.cu(335): warning: variable "endIter" was declared but never referenced

../src/lab3test.cu(446): warning: variable "beta" was set but never used

Finished building: ../src/lab3test.cu
 
Building target: lab3test
Invoking: NVCC Linker
/usr/local/cuda-7.0/bin/nvcc --cudart static --relocatable-device-code=false -gencode arch=compute_20,code=compute_20 -gencode arch=compute_20,code=sm_20 -link -o  "lab3test"  ./src/lab3test.o   -lcublas -lcusparse
Finished building target: lab3test
 
16:48:47 **** Incremental Build of configuration Debug for project lab3test ****
make all 
make: Nie ma nic do zrobienia w `all'.
16:49:03 **** Incremental Build of configuration Debug for project lab3test ****
make all 
Building file: ../src/lab3test.cu
Invoking: NVCC Compiler
/usr/local/cuda-7.0/bin/nvcc -I/usr/local/cuda/samples/common/inc -G -g -lineinfo -O0 -gencode arch=compute_20,code=sm_20  -odir "src" -M -o "src/lab3test.d" "../src/lab3test.cu"
/usr/local/cuda-7.0/bin/nvcc -m64 -I/usr/local/cuda/samples/common/inc -G -g -lineinfo -O0 --compile --relocatable-device-code=false -gencode arch=compute_20,code=compute_20 -gencode arch=compute_20,code=sm_20  -x cu -o  "src/lab3test.o" "../src/lab3test.cu"
../src/lab3test.cu(335): warning: variable "endIter" was declared but never referenced

../src/lab3test.cu(447): warning: variable "beta" was set but never used

../src/lab3test.cu(335): warning: variable "endIter" was declared but never referenced

../src/lab3test.cu(447): warning: variable "beta" was set but never used

Finished building: ../src/lab3test.cu
 
Building target: lab3test
Invoking: NVCC Linker
/usr/local/cuda-7.0/bin/nvcc --cudart static --relocatable-device-code=false -gencode arch=compute_20,code=compute_20 -gencode arch=compute_20,code=sm_20 -link -o  "lab3test"  ./src/lab3test.o   -lcublas -lcusparse
Finished building target: lab3test
 
16:50:41 **** Incremental Build of configuration Debug for project lab3test ****
make all 
Building file: ../src/lab3test.cu
Invoking: NVCC Compiler
/usr/local/cuda-7.0/bin/nvcc -I/usr/local/cuda/samples/common/inc -G -g -lineinfo -O0 -gencode arch=compute_20,code=sm_20  -odir "src" -M -o "src/lab3test.d" "../src/lab3test.cu"
/usr/local/cuda-7.0/bin/nvcc -m64 -I/usr/local/cuda/samples/common/inc -G -g -lineinfo -O0 --compile --relocatable-device-code=false -gencode arch=compute_20,code=compute_20 -gencode arch=compute_20,code=sm_20  -x cu -o  "src/lab3test.o" "../src/lab3test.cu"
../src/lab3test.cu(335): warning: variable "endIter" was declared but never referenced

../src/lab3test.cu(447): warning: variable "beta" was set but never used

../src/lab3test.cu(335): warning: variable "endIter" was declared but never referenced

../src/lab3test.cu(447): warning: variable "beta" was set but never used

Finished building: ../src/lab3test.cu
 
Building target: lab3test
Invoking: NVCC Linker
/usr/local/cuda-7.0/bin/nvcc --cudart static --relocatable-device-code=false -gencode arch=compute_20,code=compute_20 -gencode arch=compute_20,code=sm_20 -link -o  "lab3test"  ./src/lab3test.o   -lcublas -lcusparse
Finished building target: lab3test
 
16:51:27 **** Incremental Build of configuration Debug for project lab3test ****
make all 
Building file: ../src/lab3test.cu
Invoking: NVCC Compiler
/usr/local/cuda-7.0/bin/nvcc -I/usr/local/cuda/samples/common/inc -G -g -lineinfo -O0 -gencode arch=compute_20,code=sm_20  -odir "src" -M -o "src/lab3test.d" "../src/lab3test.cu"
/usr/local/cuda-7.0/bin/nvcc -m64 -I/usr/local/cuda/samples/common/inc -G -g -lineinfo -O0 --compile --relocatable-device-code=false -gencode arch=compute_20,code=compute_20 -gencode arch=compute_20,code=sm_20  -x cu -o  "src/lab3test.o" "../src/lab3test.cu"
../src/lab3test.cu(335): warning: variable "endIter" was declared but never referenced

../src/lab3test.cu(447): warning: variable "beta" was set but never used

../src/lab3test.cu(335): warning: variable "endIter" was declared but never referenced

../src/lab3test.cu(447): warning: variable "beta" was set but never used

Finished building: ../src/lab3test.cu
 
Building target: lab3test
Invoking: NVCC Linker
/usr/local/cuda-7.0/bin/nvcc --cudart static --relocatable-device-code=false -gencode arch=compute_20,code=compute_20 -gencode arch=compute_20,code=sm_20 -link -o  "lab3test"  ./src/lab3test.o   -lcublas -lcusparse
Finished building target: lab3test
 
16:52:24 **** Incremental Build of configuration Debug for project lab3test ****
make all 
Building file: ../src/lab3test.cu
Invoking: NVCC Compiler
/usr/local/cuda-7.0/bin/nvcc -I/usr/local/cuda/samples/common/inc -G -g -lineinfo -O0 -gencode arch=compute_20,code=sm_20  -odir "src" -M -o "src/lab3test.d" "../src/lab3test.cu"
/usr/local/cuda-7.0/bin/nvcc -m64 -I/usr/local/cuda/samples/common/inc -G -g -lineinfo -O0 --compile --relocatable-device-code=false -gencode arch=compute_20,code=compute_20 -gencode arch=compute_20,code=sm_20  -x cu -o  "src/lab3test.o" "../src/lab3test.cu"
../src/lab3test.cu(335): warning: variable "endIter" was declared but never referenced

../src/lab3test.cu(448): warning: variable "beta" was set but never used

../src/lab3test.cu(335): warning: variable "endIter" was declared but never referenced

../src/lab3test.cu(448): warning: variable "beta" was set but never used

Finished building: ../src/lab3test.cu
 
Building target: lab3test
Invoking: NVCC Linker
/usr/local/cuda-7.0/bin/nvcc --cudart static --relocatable-device-code=false -gencode arch=compute_20,code=compute_20 -gencode arch=compute_20,code=sm_20 -link -o  "lab3test"  ./src/lab3test.o   -lcublas -lcusparse
Finished building target: lab3test
 
16:53:01 **** Incremental Build of configuration Debug for project lab3test ****
make all 
Building file: ../src/lab3test.cu
Invoking: NVCC Compiler
/usr/local/cuda-7.0/bin/nvcc -I/usr/local/cuda/samples/common/inc -G -g -lineinfo -O0 -gencode arch=compute_20,code=sm_20  -odir "src" -M -o "src/lab3test.d" "../src/lab3test.cu"
../src/lab3test.cu:558:56: warning: missing terminating " character [enabled by default]
  printf("**************** while loop ("****************");
                                                        ^
../src/lab3test.cu:558:56: warning: missing terminating " character [enabled by default]
  printf("**************** while loop ("****************");
                                                        ^
/usr/local/cuda-7.0/bin/nvcc -m64 -I/usr/local/cuda/samples/common/inc -G -g -lineinfo -O0 --compile --relocatable-device-code=false -gencode arch=compute_20,code=compute_20 -gencode arch=compute_20,code=sm_20  -x cu -o  "src/lab3test.o" "../src/lab3test.cu"
../src/lab3test.cu:558:56: warning: missing terminating " character [enabled by default]
  printf("**************** while loop ("****************");
                                                        ^
../src/lab3test.cu(335): warning: variable "endIter" was declared but never referenced

../src/lab3test.cu(558): error: missing closing quote

../src/lab3test.cu(560): error: expected a ")"

../src/lab3test.cu(581): warning: parsing restarts here after previous syntax error

../src/lab3test.cu(583): warning: variable "dot" is used before its value is set

../src/lab3test.cu(439): warning: variable "tol" was declared but never referenced

../src/lab3test.cu(440): warning: variable "max_iter" was declared but never referenced

../src/lab3test.cu(443): warning: variable "b" was declared but never referenced

../src/lab3test.cu(443): warning: variable "r0" was set but never used

../src/lab3test.cu(448): warning: variable "alpha" was set but never used

../src/lab3test.cu(448): warning: variable "beta" was set but never used

../src/lab3test.cu(602): error: this declaration has no storage class or type specifier

../src/lab3test.cu(602): error: declaration is incompatible with "cudaError_t cudaMemcpy(void *, const void *, size_t, cudaMemcpyKind)"
/usr/local/cuda-7.0/bin/..//include/cuda_runtime_api.h(3987): here

../src/lab3test.cu(602): error: identifier "x" is undefined

../src/lab3test.cu(602): error: expected a ")"

../src/lab3test.cu(606): error: expected a declaration

../src/lab3test.cu(620): warning: parsing restarts here after previous syntax error

../src/lab3test.cu(621): error: this declaration has no storage class or type specifier

../src/lab3test.cu(621): error: declaration is incompatible with "cublasStatus_t cublasDestroy_v2(cublasHandle_t)"
/usr/local/cuda-7.0/bin/..//include/cublas_api.h(132): here

../src/lab3test.cu(621): error: identifier "cublasHandle" is undefined

../src/lab3test.cu(623): error: this declaration has no storage class or type specifier

../src/lab3test.cu(623): error: declaration is incompatible with "void free(void *)"
/usr/local/cuda-7.0/bin/..//include/common_functions.h(125): here

../src/lab3test.cu(623): error: identifier "I" is undefined

../src/lab3test.cu(624): error: this declaration has no storage class or type specifier

../src/lab3test.cu(624): error: variable "free" has already been defined

../src/lab3test.cu(624): error: identifier "J" is undefined

../src/lab3test.cu(625): error: this declaration has no storage class or type specifier

../src/lab3test.cu(625): error: variable "free" has already been defined

../src/lab3test.cu(625): error: identifier "val" is undefined

../src/lab3test.cu(626): error: this declaration has no storage class or type specifier

../src/lab3test.cu(626): error: variable "free" has already been defined

../src/lab3test.cu(627): error: this declaration has no storage class or type specifier

../src/lab3test.cu(627): error: variable "free" has already been defined

../src/lab3test.cu(627): error: identifier "rhs" is undefined

../src/lab3test.cu(628): error: this declaration has no storage class or type specifier

../src/lab3test.cu(628): error: declaration is incompatible with "cudaError_t cudaFree(void *)"
/usr/local/cuda-7.0/bin/..//include/cuda_runtime_api.h(3094): here

../src/lab3test.cu(628): error: identifier "d_col" is undefined

../src/lab3test.cu(629): error: this declaration has no storage class or type specifier

../src/lab3test.cu(629): error: variable "cudaFree" has already been defined

../src/lab3test.cu(629): error: identifier "d_row" is undefined

../src/lab3test.cu(630): error: this declaration has no storage class or type specifier

../src/lab3test.cu(630): error: variable "cudaFree" has already been defined

../src/lab3test.cu(630): error: identifier "d_val" is undefined

../src/lab3test.cu(631): error: this declaration has no storage class or type specifier

../src/lab3test.cu(631): error: variable "cudaFree" has already been defined

../src/lab3test.cu(631): error: identifier "d_x" is undefined

../src/lab3test.cu(632): error: this declaration has no storage class or type specifier

../src/lab3test.cu(632): error: variable "cudaFree" has already been defined

../src/lab3test.cu(632): error: identifier "d_r" is undefined

../src/lab3test.cu(633): error: this declaration has no storage class or type specifier

../src/lab3test.cu(633): error: variable "cudaFree" has already been defined

../src/lab3test.cu(633): error: identifier "d_p" is undefined

../src/lab3test.cu(634): error: this declaration has no storage class or type specifier

../src/lab3test.cu(634): error: variable "cudaFree" has already been defined

../src/lab3test.cu(634): error: identifier "d_Ax" is undefined

../src/lab3test.cu(636): error: explicit type is missing ("int" assumed)

../src/lab3test.cu(636): error: cannot overload functions distinguished by return type alone

../src/lab3test.cu(638): error: this declaration has no storage class or type specifier

../src/lab3test.cu(638): error: declaration is incompatible with "int printf(const char *, ...)"
/usr/local/cuda-7.0/bin/..//include/common_functions.h(119): here

../src/lab3test.cu(638): error: a value of type "const char *" cannot be used to initialize an entity of type "int"

../src/lab3test.cu(638): error: expected a ")"

../src/lab3test.cu(641): error: expected a declaration

52 errors detected in the compilation of "/tmp/tmpxft_000002ba_00000000-7_lab3test.cpp1.ii".
make: *** [src/lab3test.o] Błąd 2
16:53:08 **** Incremental Build of configuration Debug for project lab3test ****
make all 
Building file: ../src/lab3test.cu
Invoking: NVCC Compiler
/usr/local/cuda-7.0/bin/nvcc -I/usr/local/cuda/samples/common/inc -G -g -lineinfo -O0 -gencode arch=compute_20,code=sm_20  -odir "src" -M -o "src/lab3test.d" "../src/lab3test.cu"
/usr/local/cuda-7.0/bin/nvcc -m64 -I/usr/local/cuda/samples/common/inc -G -g -lineinfo -O0 --compile --relocatable-device-code=false -gencode arch=compute_20,code=compute_20 -gencode arch=compute_20,code=sm_20  -x cu -o  "src/lab3test.o" "../src/lab3test.cu"
../src/lab3test.cu(335): warning: variable "endIter" was declared but never referenced

../src/lab3test.cu(448): warning: variable "beta" was set but never used

../src/lab3test.cu(335): warning: variable "endIter" was declared but never referenced

../src/lab3test.cu(448): warning: variable "beta" was set but never used

Finished building: ../src/lab3test.cu
 
Building target: lab3test
Invoking: NVCC Linker
/usr/local/cuda-7.0/bin/nvcc --cudart static --relocatable-device-code=false -gencode arch=compute_20,code=compute_20 -gencode arch=compute_20,code=sm_20 -link -o  "lab3test"  ./src/lab3test.o   -lcublas -lcusparse
Finished building target: lab3test
 
16:54:09 **** Incremental Build of configuration Debug for project lab3test ****
make all 
Building file: ../src/lab3test.cu
Invoking: NVCC Compiler
/usr/local/cuda-7.0/bin/nvcc -I/usr/local/cuda/samples/common/inc -G -g -lineinfo -O0 -gencode arch=compute_20,code=sm_20  -odir "src" -M -o "src/lab3test.d" "../src/lab3test.cu"
/usr/local/cuda-7.0/bin/nvcc -m64 -I/usr/local/cuda/samples/common/inc -G -g -lineinfo -O0 --compile --relocatable-device-code=false -gencode arch=compute_20,code=compute_20 -gencode arch=compute_20,code=sm_20  -x cu -o  "src/lab3test.o" "../src/lab3test.cu"
../src/lab3test.cu(335): warning: variable "endIter" was declared but never referenced

../src/lab3test.cu(448): warning: variable "beta" was set but never used

../src/lab3test.cu(335): warning: variable "endIter" was declared but never referenced

../src/lab3test.cu(448): warning: variable "beta" was set but never used

Finished building: ../src/lab3test.cu
 
Building target: lab3test
Invoking: NVCC Linker
/usr/local/cuda-7.0/bin/nvcc --cudart static --relocatable-device-code=false -gencode arch=compute_20,code=compute_20 -gencode arch=compute_20,code=sm_20 -link -o  "lab3test"  ./src/lab3test.o   -lcublas -lcusparse
Finished building target: lab3test
 
16:54:27 **** Incremental Build of configuration Debug for project lab3test ****
make all 
Building file: ../src/lab3test.cu
Invoking: NVCC Compiler
/usr/local/cuda-7.0/bin/nvcc -I/usr/local/cuda/samples/common/inc -G -g -lineinfo -O0 -gencode arch=compute_20,code=sm_20  -odir "src" -M -o "src/lab3test.d" "../src/lab3test.cu"
/usr/local/cuda-7.0/bin/nvcc -m64 -I/usr/local/cuda/samples/common/inc -G -g -lineinfo -O0 --compile --relocatable-device-code=false -gencode arch=compute_20,code=compute_20 -gencode arch=compute_20,code=sm_20  -x cu -o  "src/lab3test.o" "../src/lab3test.cu"
../src/lab3test.cu(335): warning: variable "endIter" was declared but never referenced

../src/lab3test.cu(448): warning: variable "beta" was set but never used

../src/lab3test.cu(335): warning: variable "endIter" was declared but never referenced

../src/lab3test.cu(448): warning: variable "beta" was set but never used

Finished building: ../src/lab3test.cu
 
Building target: lab3test
Invoking: NVCC Linker
/usr/local/cuda-7.0/bin/nvcc --cudart static --relocatable-device-code=false -gencode arch=compute_20,code=compute_20 -gencode arch=compute_20,code=sm_20 -link -o  "lab3test"  ./src/lab3test.o   -lcublas -lcusparse
Finished building target: lab3test
 
16:54:53 **** Incremental Build of configuration Debug for project lab3test ****
make all 
Building file: ../src/lab3test.cu
Invoking: NVCC Compiler
/usr/local/cuda-7.0/bin/nvcc -I/usr/local/cuda/samples/common/inc -G -g -lineinfo -O0 -gencode arch=compute_20,code=sm_20  -odir "src" -M -o "src/lab3test.d" "../src/lab3test.cu"
/usr/local/cuda-7.0/bin/nvcc -m64 -I/usr/local/cuda/samples/common/inc -G -g -lineinfo -O0 --compile --relocatable-device-code=false -gencode arch=compute_20,code=compute_20 -gencode arch=compute_20,code=sm_20  -x cu -o  "src/lab3test.o" "../src/lab3test.cu"
../src/lab3test.cu(335): warning: variable "endIter" was declared but never referenced

../src/lab3test.cu(448): warning: variable "beta" was set but never used

../src/lab3test.cu(335): warning: variable "endIter" was declared but never referenced

../src/lab3test.cu(448): warning: variable "beta" was set but never used

Finished building: ../src/lab3test.cu
 
Building target: lab3test
Invoking: NVCC Linker
/usr/local/cuda-7.0/bin/nvcc --cudart static --relocatable-device-code=false -gencode arch=compute_20,code=compute_20 -gencode arch=compute_20,code=sm_20 -link -o  "lab3test"  ./src/lab3test.o   -lcublas -lcusparse
Finished building target: lab3test
 
16:56:23 **** Incremental Build of configuration Debug for project lab3test ****
make all 
Building file: ../src/lab3test.cu
Invoking: NVCC Compiler
/usr/local/cuda-7.0/bin/nvcc -I/usr/local/cuda/samples/common/inc -G -g -lineinfo -O0 -gencode arch=compute_20,code=sm_20  -odir "src" -M -o "src/lab3test.d" "../src/lab3test.cu"
/usr/local/cuda-7.0/bin/nvcc -m64 -I/usr/local/cuda/samples/common/inc -G -g -lineinfo -O0 --compile --relocatable-device-code=false -gencode arch=compute_20,code=compute_20 -gencode arch=compute_20,code=sm_20  -x cu -o  "src/lab3test.o" "../src/lab3test.cu"
../src/lab3test.cu(335): warning: variable "endIter" was declared but never referenced

../src/lab3test.cu(448): warning: variable "beta" was set but never used

../src/lab3test.cu(335): warning: variable "endIter" was declared but never referenced

../src/lab3test.cu(448): warning: variable "beta" was set but never used

Finished building: ../src/lab3test.cu
 
Building target: lab3test
Invoking: NVCC Linker
/usr/local/cuda-7.0/bin/nvcc --cudart static --relocatable-device-code=false -gencode arch=compute_20,code=compute_20 -gencode arch=compute_20,code=sm_20 -link -o  "lab3test"  ./src/lab3test.o   -lcublas -lcusparse
Finished building target: lab3test
 
16:58:46 **** Incremental Build of configuration Debug for project lab3test ****
make all 
Building file: ../src/lab3test.cu
Invoking: NVCC Compiler
/usr/local/cuda-7.0/bin/nvcc -I/usr/local/cuda/samples/common/inc -G -g -lineinfo -O0 -gencode arch=compute_20,code=sm_20  -odir "src" -M -o "src/lab3test.d" "../src/lab3test.cu"
/usr/local/cuda-7.0/bin/nvcc -m64 -I/usr/local/cuda/samples/common/inc -G -g -lineinfo -O0 --compile --relocatable-device-code=false -gencode arch=compute_20,code=compute_20 -gencode arch=compute_20,code=sm_20  -x cu -o  "src/lab3test.o" "../src/lab3test.cu"
../src/lab3test.cu(341): warning: variable "endIter" was declared but never referenced

../src/lab3test.cu(587): error: expected a ";"

../src/lab3test.cu(454): warning: variable "beta" was set but never used

1 error detected in the compilation of "/tmp/tmpxft_000006b7_00000000-7_lab3test.cpp1.ii".
make: *** [src/lab3test.o] Błąd 2
16:58:54 **** Incremental Build of configuration Debug for project lab3test ****
make all 
Building file: ../src/lab3test.cu
Invoking: NVCC Compiler
/usr/local/cuda-7.0/bin/nvcc -I/usr/local/cuda/samples/common/inc -G -g -lineinfo -O0 -gencode arch=compute_20,code=sm_20  -odir "src" -M -o "src/lab3test.d" "../src/lab3test.cu"
/usr/local/cuda-7.0/bin/nvcc -m64 -I/usr/local/cuda/samples/common/inc -G -g -lineinfo -O0 --compile --relocatable-device-code=false -gencode arch=compute_20,code=compute_20 -gencode arch=compute_20,code=sm_20  -x cu -o  "src/lab3test.o" "../src/lab3test.cu"
../src/lab3test.cu(341): warning: variable "endIter" was declared but never referenced

../src/lab3test.cu(454): warning: variable "beta" was set but never used

../src/lab3test.cu(341): warning: variable "endIter" was declared but never referenced

../src/lab3test.cu(454): warning: variable "beta" was set but never used

Finished building: ../src/lab3test.cu
 
Building target: lab3test
Invoking: NVCC Linker
/usr/local/cuda-7.0/bin/nvcc --cudart static --relocatable-device-code=false -gencode arch=compute_20,code=compute_20 -gencode arch=compute_20,code=sm_20 -link -o  "lab3test"  ./src/lab3test.o   -lcublas -lcusparse
Finished building target: lab3test
 
16:59:12 **** Incremental Build of configuration Debug for project lab3test ****
make all 
Building file: ../src/lab3test.cu
Invoking: NVCC Compiler
/usr/local/cuda-7.0/bin/nvcc -I/usr/local/cuda/samples/common/inc -G -g -lineinfo -O0 -gencode arch=compute_20,code=sm_20  -odir "src" -M -o "src/lab3test.d" "../src/lab3test.cu"
/usr/local/cuda-7.0/bin/nvcc -m64 -I/usr/local/cuda/samples/common/inc -G -g -lineinfo -O0 --compile --relocatable-device-code=false -gencode arch=compute_20,code=compute_20 -gencode arch=compute_20,code=sm_20  -x cu -o  "src/lab3test.o" "../src/lab3test.cu"
../src/lab3test.cu(341): warning: variable "endIter" was declared but never referenced

../src/lab3test.cu(454): warning: variable "beta" was set but never used

../src/lab3test.cu(341): warning: variable "endIter" was declared but never referenced

../src/lab3test.cu(454): warning: variable "beta" was set but never used

Finished building: ../src/lab3test.cu
 
Building target: lab3test
Invoking: NVCC Linker
/usr/local/cuda-7.0/bin/nvcc --cudart static --relocatable-device-code=false -gencode arch=compute_20,code=compute_20 -gencode arch=compute_20,code=sm_20 -link -o  "lab3test"  ./src/lab3test.o   -lcublas -lcusparse
Finished building target: lab3test
 
17:04:20 **** Incremental Build of configuration Debug for project lab3test ****
make all 
Building file: ../src/lab3test.cu
Invoking: NVCC Compiler
/usr/local/cuda-7.0/bin/nvcc -I/usr/local/cuda/samples/common/inc -G -g -lineinfo -O0 -gencode arch=compute_20,code=sm_20  -odir "src" -M -o "src/lab3test.d" "../src/lab3test.cu"
/usr/local/cuda-7.0/bin/nvcc -m64 -I/usr/local/cuda/samples/common/inc -G -g -lineinfo -O0 --compile --relocatable-device-code=false -gencode arch=compute_20,code=compute_20 -gencode arch=compute_20,code=sm_20  -x cu -o  "src/lab3test.o" "../src/lab3test.cu"
../src/lab3test.cu(341): warning: variable "endIter" was declared but never referenced

../src/lab3test.cu(454): warning: variable "beta" was set but never used

../src/lab3test.cu(341): warning: variable "endIter" was declared but never referenced

../src/lab3test.cu(454): warning: variable "beta" was set but never used

Finished building: ../src/lab3test.cu
 
Building target: lab3test
Invoking: NVCC Linker
/usr/local/cuda-7.0/bin/nvcc --cudart static --relocatable-device-code=false -gencode arch=compute_20,code=compute_20 -gencode arch=compute_20,code=sm_20 -link -o  "lab3test"  ./src/lab3test.o   -lcublas -lcusparse
Finished building target: lab3test
 
17:04:35 **** Incremental Build of configuration Debug for project lab3test ****
make all 
Building file: ../src/lab3test.cu
Invoking: NVCC Compiler
/usr/local/cuda-7.0/bin/nvcc -I/usr/local/cuda/samples/common/inc -G -g -lineinfo -O0 -gencode arch=compute_20,code=sm_20  -odir "src" -M -o "src/lab3test.d" "../src/lab3test.cu"
/usr/local/cuda-7.0/bin/nvcc -m64 -I/usr/local/cuda/samples/common/inc -G -g -lineinfo -O0 --compile --relocatable-device-code=false -gencode arch=compute_20,code=compute_20 -gencode arch=compute_20,code=sm_20  -x cu -o  "src/lab3test.o" "../src/lab3test.cu"
../src/lab3test.cu(341): warning: variable "endIter" was declared but never referenced

../src/lab3test.cu(454): warning: variable "beta" was set but never used

../src/lab3test.cu(341): warning: variable "endIter" was declared but never referenced

../src/lab3test.cu(454): warning: variable "beta" was set but never used

Finished building: ../src/lab3test.cu
 
Building target: lab3test
Invoking: NVCC Linker
/usr/local/cuda-7.0/bin/nvcc --cudart static --relocatable-device-code=false -gencode arch=compute_20,code=compute_20 -gencode arch=compute_20,code=sm_20 -link -o  "lab3test"  ./src/lab3test.o   -lcublas -lcusparse
Finished building target: lab3test
 
17:04:51 **** Incremental Build of configuration Debug for project lab3test ****
make all 
Building file: ../src/lab3test.cu
Invoking: NVCC Compiler
/usr/local/cuda-7.0/bin/nvcc -I/usr/local/cuda/samples/common/inc -G -g -lineinfo -O0 -gencode arch=compute_20,code=sm_20  -odir "src" -M -o "src/lab3test.d" "../src/lab3test.cu"
/usr/local/cuda-7.0/bin/nvcc -m64 -I/usr/local/cuda/samples/common/inc -G -g -lineinfo -O0 --compile --relocatable-device-code=false -gencode arch=compute_20,code=compute_20 -gencode arch=compute_20,code=sm_20  -x cu -o  "src/lab3test.o" "../src/lab3test.cu"
../src/lab3test.cu(341): warning: variable "endIter" was declared but never referenced

../src/lab3test.cu(454): warning: variable "beta" was set but never used

../src/lab3test.cu(341): warning: variable "endIter" was declared but never referenced

../src/lab3test.cu(454): warning: variable "beta" was set but never used

Finished building: ../src/lab3test.cu
 
Building target: lab3test
Invoking: NVCC Linker
/usr/local/cuda-7.0/bin/nvcc --cudart static --relocatable-device-code=false -gencode arch=compute_20,code=compute_20 -gencode arch=compute_20,code=sm_20 -link -o  "lab3test"  ./src/lab3test.o   -lcublas -lcusparse
Finished building target: lab3test
 
17:05:40 **** Incremental Build of configuration Debug for project lab3test ****
make all 
Building file: ../src/lab3test.cu
Invoking: NVCC Compiler
/usr/local/cuda-7.0/bin/nvcc -I/usr/local/cuda/samples/common/inc -G -g -lineinfo -O0 -gencode arch=compute_20,code=sm_20  -odir "src" -M -o "src/lab3test.d" "../src/lab3test.cu"
/usr/local/cuda-7.0/bin/nvcc -m64 -I/usr/local/cuda/samples/common/inc -G -g -lineinfo -O0 --compile --relocatable-device-code=false -gencode arch=compute_20,code=compute_20 -gencode arch=compute_20,code=sm_20  -x cu -o  "src/lab3test.o" "../src/lab3test.cu"
../src/lab3test.cu(341): warning: variable "endIter" was declared but never referenced

../src/lab3test.cu(454): warning: variable "beta" was set but never used

../src/lab3test.cu(341): warning: variable "endIter" was declared but never referenced

../src/lab3test.cu(454): warning: variable "beta" was set but never used

Finished building: ../src/lab3test.cu
 
Building target: lab3test
Invoking: NVCC Linker
/usr/local/cuda-7.0/bin/nvcc --cudart static --relocatable-device-code=false -gencode arch=compute_20,code=compute_20 -gencode arch=compute_20,code=sm_20 -link -o  "lab3test"  ./src/lab3test.o   -lcublas -lcusparse
Finished building target: lab3test
 
17:05:49 **** Incremental Build of configuration Debug for project lab3test ****
make all 
Building file: ../src/lab3test.cu
Invoking: NVCC Compiler
/usr/local/cuda-7.0/bin/nvcc -I/usr/local/cuda/samples/common/inc -G -g -lineinfo -O0 -gencode arch=compute_20,code=sm_20  -odir "src" -M -o "src/lab3test.d" "../src/lab3test.cu"
/usr/local/cuda-7.0/bin/nvcc -m64 -I/usr/local/cuda/samples/common/inc -G -g -lineinfo -O0 --compile --relocatable-device-code=false -gencode arch=compute_20,code=compute_20 -gencode arch=compute_20,code=sm_20  -x cu -o  "src/lab3test.o" "../src/lab3test.cu"
../src/lab3test.cu(341): warning: variable "endIter" was declared but never referenced

../src/lab3test.cu(454): warning: variable "beta" was set but never used

../src/lab3test.cu(341): warning: variable "endIter" was declared but never referenced

../src/lab3test.cu(454): warning: variable "beta" was set but never used

Finished building: ../src/lab3test.cu
 
Building target: lab3test
Invoking: NVCC Linker
/usr/local/cuda-7.0/bin/nvcc --cudart static --relocatable-device-code=false -gencode arch=compute_20,code=compute_20 -gencode arch=compute_20,code=sm_20 -link -o  "lab3test"  ./src/lab3test.o   -lcublas -lcusparse
Finished building target: lab3test
 
17:06:08 **** Incremental Build of configuration Debug for project lab3test ****
make all 
Building file: ../src/lab3test.cu
Invoking: NVCC Compiler
/usr/local/cuda-7.0/bin/nvcc -I/usr/local/cuda/samples/common/inc -G -g -lineinfo -O0 -gencode arch=compute_20,code=sm_20  -odir "src" -M -o "src/lab3test.d" "../src/lab3test.cu"
/usr/local/cuda-7.0/bin/nvcc -m64 -I/usr/local/cuda/samples/common/inc -G -g -lineinfo -O0 --compile --relocatable-device-code=false -gencode arch=compute_20,code=compute_20 -gencode arch=compute_20,code=sm_20  -x cu -o  "src/lab3test.o" "../src/lab3test.cu"
../src/lab3test.cu(341): warning: variable "endIter" was declared but never referenced

../src/lab3test.cu(454): warning: variable "beta" was set but never used

../src/lab3test.cu(341): warning: variable "endIter" was declared but never referenced

../src/lab3test.cu(454): warning: variable "beta" was set but never used

Finished building: ../src/lab3test.cu
 
Building target: lab3test
Invoking: NVCC Linker
/usr/local/cuda-7.0/bin/nvcc --cudart static --relocatable-device-code=false -gencode arch=compute_20,code=compute_20 -gencode arch=compute_20,code=sm_20 -link -o  "lab3test"  ./src/lab3test.o   -lcublas -lcusparse
Finished building target: lab3test
 
17:06:34 **** Incremental Build of configuration Debug for project lab3test ****
make all 
Building file: ../src/lab3test.cu
Invoking: NVCC Compiler
/usr/local/cuda-7.0/bin/nvcc -I/usr/local/cuda/samples/common/inc -G -g -lineinfo -O0 -gencode arch=compute_20,code=sm_20  -odir "src" -M -o "src/lab3test.d" "../src/lab3test.cu"
/usr/local/cuda-7.0/bin/nvcc -m64 -I/usr/local/cuda/samples/common/inc -G -g -lineinfo -O0 --compile --relocatable-device-code=false -gencode arch=compute_20,code=compute_20 -gencode arch=compute_20,code=sm_20  -x cu -o  "src/lab3test.o" "../src/lab3test.cu"
../src/lab3test.cu(341): warning: variable "endIter" was declared but never referenced

../src/lab3test.cu(454): warning: variable "beta" was set but never used

../src/lab3test.cu(341): warning: variable "endIter" was declared but never referenced

../src/lab3test.cu(454): warning: variable "beta" was set but never used

Finished building: ../src/lab3test.cu
 
Building target: lab3test
Invoking: NVCC Linker
/usr/local/cuda-7.0/bin/nvcc --cudart static --relocatable-device-code=false -gencode arch=compute_20,code=compute_20 -gencode arch=compute_20,code=sm_20 -link -o  "lab3test"  ./src/lab3test.o   -lcublas -lcusparse
Finished building target: lab3test
 
17:07:13 **** Incremental Build of configuration Debug for project lab3test ****
make all 
Building file: ../src/lab3test.cu
Invoking: NVCC Compiler
/usr/local/cuda-7.0/bin/nvcc -I/usr/local/cuda/samples/common/inc -G -g -lineinfo -O0 -gencode arch=compute_20,code=sm_20  -odir "src" -M -o "src/lab3test.d" "../src/lab3test.cu"
/usr/local/cuda-7.0/bin/nvcc -m64 -I/usr/local/cuda/samples/common/inc -G -g -lineinfo -O0 --compile --relocatable-device-code=false -gencode arch=compute_20,code=compute_20 -gencode arch=compute_20,code=sm_20  -x cu -o  "src/lab3test.o" "../src/lab3test.cu"
../src/lab3test.cu(323): error: identifier "pritnf" is undefined

../src/lab3test.cu(342): warning: variable "endIter" was declared but never referenced

../src/lab3test.cu(455): warning: variable "beta" was set but never used

1 error detected in the compilation of "/tmp/tmpxft_00000e7d_00000000-7_lab3test.cpp1.ii".
make: *** [src/lab3test.o] Błąd 2
17:07:27 **** Incremental Build of configuration Debug for project lab3test ****
make all 
Building file: ../src/lab3test.cu
Invoking: NVCC Compiler
/usr/local/cuda-7.0/bin/nvcc -I/usr/local/cuda/samples/common/inc -G -g -lineinfo -O0 -gencode arch=compute_20,code=sm_20  -odir "src" -M -o "src/lab3test.d" "../src/lab3test.cu"
/usr/local/cuda-7.0/bin/nvcc -m64 -I/usr/local/cuda/samples/common/inc -G -g -lineinfo -O0 --compile --relocatable-device-code=false -gencode arch=compute_20,code=compute_20 -gencode arch=compute_20,code=sm_20  -x cu -o  "src/lab3test.o" "../src/lab3test.cu"
../src/lab3test.cu(342): warning: variable "endIter" was declared but never referenced

../src/lab3test.cu(455): warning: variable "beta" was set but never used

../src/lab3test.cu(342): warning: variable "endIter" was declared but never referenced

../src/lab3test.cu(455): warning: variable "beta" was set but never used

Finished building: ../src/lab3test.cu
 
Building target: lab3test
Invoking: NVCC Linker
/usr/local/cuda-7.0/bin/nvcc --cudart static --relocatable-device-code=false -gencode arch=compute_20,code=compute_20 -gencode arch=compute_20,code=sm_20 -link -o  "lab3test"  ./src/lab3test.o   -lcublas -lcusparse
Finished building target: lab3test
 
17:09:58 **** Incremental Build of configuration Debug for project lab3test ****
make all 
Building file: ../src/lab3test.cu
Invoking: NVCC Compiler
/usr/local/cuda-7.0/bin/nvcc -I/usr/local/cuda/samples/common/inc -G -g -lineinfo -O0 -gencode arch=compute_20,code=sm_20  -odir "src" -M -o "src/lab3test.d" "../src/lab3test.cu"
/usr/local/cuda-7.0/bin/nvcc -m64 -I/usr/local/cuda/samples/common/inc -G -g -lineinfo -O0 --compile --relocatable-device-code=false -gencode arch=compute_20,code=compute_20 -gencode arch=compute_20,code=sm_20  -x cu -o  "src/lab3test.o" "../src/lab3test.cu"
../src/lab3test.cu(455): warning: variable "beta" was set but never used

../src/lab3test.cu(455): warning: variable "beta" was set but never used

Finished building: ../src/lab3test.cu
 
Building target: lab3test
Invoking: NVCC Linker
/usr/local/cuda-7.0/bin/nvcc --cudart static --relocatable-device-code=false -gencode arch=compute_20,code=compute_20 -gencode arch=compute_20,code=sm_20 -link -o  "lab3test"  ./src/lab3test.o   -lcublas -lcusparse
Finished building target: lab3test
 
17:10:23 **** Incremental Build of configuration Debug for project lab3test ****
make all 
Building file: ../src/lab3test.cu
Invoking: NVCC Compiler
/usr/local/cuda-7.0/bin/nvcc -I/usr/local/cuda/samples/common/inc -G -g -lineinfo -O0 -gencode arch=compute_20,code=sm_20  -odir "src" -M -o "src/lab3test.d" "../src/lab3test.cu"
/usr/local/cuda-7.0/bin/nvcc -m64 -I/usr/local/cuda/samples/common/inc -G -g -lineinfo -O0 --compile --relocatable-device-code=false -gencode arch=compute_20,code=compute_20 -gencode arch=compute_20,code=sm_20  -x cu -o  "src/lab3test.o" "../src/lab3test.cu"
../src/lab3test.cu(544): error: identifier "beta" is undefined

1 error detected in the compilation of "/tmp/tmpxft_00001088_00000000-7_lab3test.cpp1.ii".
make: *** [src/lab3test.o] Błąd 2
17:10:46 **** Incremental Build of configuration Debug for project lab3test ****
make all 
Building file: ../src/lab3test.cu
Invoking: NVCC Compiler
/usr/local/cuda-7.0/bin/nvcc -I/usr/local/cuda/samples/common/inc -G -g -lineinfo -O0 -gencode arch=compute_20,code=sm_20  -odir "src" -M -o "src/lab3test.d" "../src/lab3test.cu"
/usr/local/cuda-7.0/bin/nvcc -m64 -I/usr/local/cuda/samples/common/inc -G -g -lineinfo -O0 --compile --relocatable-device-code=false -gencode arch=compute_20,code=compute_20 -gencode arch=compute_20,code=sm_20  -x cu -o  "src/lab3test.o" "../src/lab3test.cu"
../src/lab3test.cu(455): warning: variable "beta" was set but never used

../src/lab3test.cu(455): warning: variable "beta" was set but never used

Finished building: ../src/lab3test.cu
 
Building target: lab3test
Invoking: NVCC Linker
/usr/local/cuda-7.0/bin/nvcc --cudart static --relocatable-device-code=false -gencode arch=compute_20,code=compute_20 -gencode arch=compute_20,code=sm_20 -link -o  "lab3test"  ./src/lab3test.o   -lcublas -lcusparse
Finished building target: lab3test
 
17:11:17 **** Incremental Build of configuration Debug for project lab3test ****
make all 
Building file: ../src/lab3test.cu
Invoking: NVCC Compiler
/usr/local/cuda-7.0/bin/nvcc -I/usr/local/cuda/samples/common/inc -G -g -lineinfo -O0 -gencode arch=compute_20,code=sm_20  -odir "src" -M -o "src/lab3test.d" "../src/lab3test.cu"
/usr/local/cuda-7.0/bin/nvcc -m64 -I/usr/local/cuda/samples/common/inc -G -g -lineinfo -O0 --compile --relocatable-device-code=false -gencode arch=compute_20,code=compute_20 -gencode arch=compute_20,code=sm_20  -x cu -o  "src/lab3test.o" "../src/lab3test.cu"
Finished building: ../src/lab3test.cu
 
Building target: lab3test
Invoking: NVCC Linker
/usr/local/cuda-7.0/bin/nvcc --cudart static --relocatable-device-code=false -gencode arch=compute_20,code=compute_20 -gencode arch=compute_20,code=sm_20 -link -o  "lab3test"  ./src/lab3test.o   -lcublas -lcusparse
Finished building target: lab3test
 
17:14:05 **** Incremental Build of configuration Debug for project lab3test ****
make all 
Building file: ../src/lab3test.cu
Invoking: NVCC Compiler
/usr/local/cuda-7.0/bin/nvcc -I/usr/local/cuda/samples/common/inc -G -g -lineinfo -O0 -gencode arch=compute_20,code=sm_20  -odir "src" -M -o "src/lab3test.d" "../src/lab3test.cu"
../src/lab3test.cu:432:110: error: macro "checkCudaErrors" passed 3 arguments, but takes just 1
  checkCudaErrors(dot2<<<1, threadsPerBlock2, numUsedBlocks * sizeof(float)>>>(N, d_partialSum, numUsedBlocks));
                                                                                                              ^
make: *** [src/lab3test.o] Błąd 1
17:15:37 **** Incremental Build of configuration Debug for project lab3test ****
make all 
Building file: ../src/lab3test.cu
Invoking: NVCC Compiler
/usr/local/cuda-7.0/bin/nvcc -I/usr/local/cuda/samples/common/inc -G -g -lineinfo -O0 -gencode arch=compute_20,code=sm_20  -odir "src" -M -o "src/lab3test.d" "../src/lab3test.cu"
/usr/local/cuda-7.0/bin/nvcc -m64 -I/usr/local/cuda/samples/common/inc -G -g -lineinfo -O0 --compile --relocatable-device-code=false -gencode arch=compute_20,code=compute_20 -gencode arch=compute_20,code=sm_20  -x cu -o  "src/lab3test.o" "../src/lab3test.cu"
Finished building: ../src/lab3test.cu
 
Building target: lab3test
Invoking: NVCC Linker
/usr/local/cuda-7.0/bin/nvcc --cudart static --relocatable-device-code=false -gencode arch=compute_20,code=compute_20 -gencode arch=compute_20,code=sm_20 -link -o  "lab3test"  ./src/lab3test.o   -lcublas -lcusparse
Finished building target: lab3test
 
17:17:42 **** Incremental Build of configuration Debug for project lab3test ****
make all 
Building file: ../src/lab3test.cu
Invoking: NVCC Compiler
/usr/local/cuda-7.0/bin/nvcc -I/usr/local/cuda/samples/common/inc -G -g -lineinfo -O0 -gencode arch=compute_20,code=sm_20  -odir "src" -M -o "src/lab3test.d" "../src/lab3test.cu"
/usr/local/cuda-7.0/bin/nvcc -m64 -I/usr/local/cuda/samples/common/inc -G -g -lineinfo -O0 --compile --relocatable-device-code=false -gencode arch=compute_20,code=compute_20 -gencode arch=compute_20,code=sm_20  -x cu -o  "src/lab3test.o" "../src/lab3test.cu"
Finished building: ../src/lab3test.cu
 
Building target: lab3test
Invoking: NVCC Linker
/usr/local/cuda-7.0/bin/nvcc --cudart static --relocatable-device-code=false -gencode arch=compute_20,code=compute_20 -gencode arch=compute_20,code=sm_20 -link -o  "lab3test"  ./src/lab3test.o   -lcublas -lcusparse
Finished building target: lab3test
 
17:18:26 **** Incremental Build of configuration Debug for project lab3test ****
make all 
Building file: ../src/lab3test.cu
Invoking: NVCC Compiler
/usr/local/cuda-7.0/bin/nvcc -I/usr/local/cuda/samples/common/inc -G -g -lineinfo -O0 -gencode arch=compute_20,code=sm_20  -odir "src" -M -o "src/lab3test.d" "../src/lab3test.cu"
/usr/local/cuda-7.0/bin/nvcc -m64 -I/usr/local/cuda/samples/common/inc -G -g -lineinfo -O0 --compile --relocatable-device-code=false -gencode arch=compute_20,code=compute_20 -gencode arch=compute_20,code=sm_20  -x cu -o  "src/lab3test.o" "../src/lab3test.cu"
Finished building: ../src/lab3test.cu
 
Building target: lab3test
Invoking: NVCC Linker
/usr/local/cuda-7.0/bin/nvcc --cudart static --relocatable-device-code=false -gencode arch=compute_20,code=compute_20 -gencode arch=compute_20,code=sm_20 -link -o  "lab3test"  ./src/lab3test.o   -lcublas -lcusparse
Finished building target: lab3test
 
17:19:20 **** Incremental Build of configuration Debug for project lab3test ****
make all 
Building file: ../src/lab3test.cu
Invoking: NVCC Compiler
/usr/local/cuda-7.0/bin/nvcc -I/usr/local/cuda/samples/common/inc -G -g -lineinfo -O0 -gencode arch=compute_20,code=sm_20  -odir "src" -M -o "src/lab3test.d" "../src/lab3test.cu"
/usr/local/cuda-7.0/bin/nvcc -m64 -I/usr/local/cuda/samples/common/inc -G -g -lineinfo -O0 --compile --relocatable-device-code=false -gencode arch=compute_20,code=compute_20 -gencode arch=compute_20,code=sm_20  -x cu -o  "src/lab3test.o" "../src/lab3test.cu"
Finished building: ../src/lab3test.cu
 
Building target: lab3test
Invoking: NVCC Linker
/usr/local/cuda-7.0/bin/nvcc --cudart static --relocatable-device-code=false -gencode arch=compute_20,code=compute_20 -gencode arch=compute_20,code=sm_20 -link -o  "lab3test"  ./src/lab3test.o   -lcublas -lcusparse
Finished building target: lab3test
 
17:19:51 **** Incremental Build of configuration Debug for project lab3test ****
make all 
Building file: ../src/lab3test.cu
Invoking: NVCC Compiler
/usr/local/cuda-7.0/bin/nvcc -I/usr/local/cuda/samples/common/inc -G -g -lineinfo -O0 -gencode arch=compute_20,code=sm_20  -odir "src" -M -o "src/lab3test.d" "../src/lab3test.cu"
/usr/local/cuda-7.0/bin/nvcc -m64 -I/usr/local/cuda/samples/common/inc -G -g -lineinfo -O0 --compile --relocatable-device-code=false -gencode arch=compute_20,code=compute_20 -gencode arch=compute_20,code=sm_20  -x cu -o  "src/lab3test.o" "../src/lab3test.cu"
Finished building: ../src/lab3test.cu
 
Building target: lab3test
Invoking: NVCC Linker
/usr/local/cuda-7.0/bin/nvcc --cudart static --relocatable-device-code=false -gencode arch=compute_20,code=compute_20 -gencode arch=compute_20,code=sm_20 -link -o  "lab3test"  ./src/lab3test.o   -lcublas -lcusparse
Finished building target: lab3test
 
17:20:12 **** Incremental Build of configuration Debug for project lab3test ****
make all 
Building file: ../src/lab3test.cu
Invoking: NVCC Compiler
/usr/local/cuda-7.0/bin/nvcc -I/usr/local/cuda/samples/common/inc -G -g -lineinfo -O0 -gencode arch=compute_20,code=sm_20  -odir "src" -M -o "src/lab3test.d" "../src/lab3test.cu"
/usr/local/cuda-7.0/bin/nvcc -m64 -I/usr/local/cuda/samples/common/inc -G -g -lineinfo -O0 --compile --relocatable-device-code=false -gencode arch=compute_20,code=compute_20 -gencode arch=compute_20,code=sm_20  -x cu -o  "src/lab3test.o" "../src/lab3test.cu"
Finished building: ../src/lab3test.cu
 
Building target: lab3test
Invoking: NVCC Linker
/usr/local/cuda-7.0/bin/nvcc --cudart static --relocatable-device-code=false -gencode arch=compute_20,code=compute_20 -gencode arch=compute_20,code=sm_20 -link -o  "lab3test"  ./src/lab3test.o   -lcublas -lcusparse
Finished building target: lab3test
 
17:20:55 **** Incremental Build of configuration Debug for project lab3test ****
make all 
Building file: ../src/lab3test.cu
Invoking: NVCC Compiler
/usr/local/cuda-7.0/bin/nvcc -I/usr/local/cuda/samples/common/inc -G -g -lineinfo -O0 -gencode arch=compute_20,code=sm_20  -odir "src" -M -o "src/lab3test.d" "../src/lab3test.cu"
/usr/local/cuda-7.0/bin/nvcc -m64 -I/usr/local/cuda/samples/common/inc -G -g -lineinfo -O0 --compile --relocatable-device-code=false -gencode arch=compute_20,code=compute_20 -gencode arch=compute_20,code=sm_20  -x cu -o  "src/lab3test.o" "../src/lab3test.cu"
Finished building: ../src/lab3test.cu
 
Building target: lab3test
Invoking: NVCC Linker
/usr/local/cuda-7.0/bin/nvcc --cudart static --relocatable-device-code=false -gencode arch=compute_20,code=compute_20 -gencode arch=compute_20,code=sm_20 -link -o  "lab3test"  ./src/lab3test.o   -lcublas -lcusparse
Finished building target: lab3test
 
17:32:32 **** Incremental Build of configuration Debug for project lab3test ****
make all 
Building file: ../src/lab3test.cu
Invoking: NVCC Compiler
/usr/local/cuda-7.0/bin/nvcc -I/usr/local/cuda/samples/common/inc -G -g -lineinfo -O0 -gencode arch=compute_20,code=sm_20  -odir "src" -M -o "src/lab3test.d" "../src/lab3test.cu"
/usr/local/cuda-7.0/bin/nvcc -m64 -I/usr/local/cuda/samples/common/inc -G -g -lineinfo -O0 --compile --relocatable-device-code=false -gencode arch=compute_20,code=compute_20 -gencode arch=compute_20,code=sm_20  -x cu -o  "src/lab3test.o" "../src/lab3test.cu"
Finished building: ../src/lab3test.cu
 
Building target: lab3test
Invoking: NVCC Linker
/usr/local/cuda-7.0/bin/nvcc --cudart static --relocatable-device-code=false -gencode arch=compute_20,code=compute_20 -gencode arch=compute_20,code=sm_20 -link -o  "lab3test"  ./src/lab3test.o   -lcublas -lcusparse
Finished building target: lab3test
 
17:41:38 **** Incremental Build of configuration Debug for project lab3test ****
make all 
Building file: ../src/lab3test.cu
Invoking: NVCC Compiler
/usr/local/cuda-7.0/bin/nvcc -I/usr/local/cuda/samples/common/inc -G -g -lineinfo -O0 -gencode arch=compute_20,code=sm_20  -odir "src" -M -o "src/lab3test.d" "../src/lab3test.cu"
/usr/local/cuda-7.0/bin/nvcc -m64 -I/usr/local/cuda/samples/common/inc -G -g -lineinfo -O0 --compile --relocatable-device-code=false -gencode arch=compute_20,code=compute_20 -gencode arch=compute_20,code=sm_20  -x cu -o  "src/lab3test.o" "../src/lab3test.cu"
Finished building: ../src/lab3test.cu
 
Building target: lab3test
Invoking: NVCC Linker
/usr/local/cuda-7.0/bin/nvcc --cudart static --relocatable-device-code=false -gencode arch=compute_20,code=compute_20 -gencode arch=compute_20,code=sm_20 -link -o  "lab3test"  ./src/lab3test.o   -lcublas -lcusparse
Finished building target: lab3test
 
17:42:02 **** Incremental Build of configuration Debug for project lab3test ****
make all 
Building file: ../src/lab3test.cu
Invoking: NVCC Compiler
/usr/local/cuda-7.0/bin/nvcc -I/usr/local/cuda/samples/common/inc -G -g -lineinfo -O0 -gencode arch=compute_20,code=sm_20  -odir "src" -M -o "src/lab3test.d" "../src/lab3test.cu"
/usr/local/cuda-7.0/bin/nvcc -m64 -I/usr/local/cuda/samples/common/inc -G -g -lineinfo -O0 --compile --relocatable-device-code=false -gencode arch=compute_20,code=compute_20 -gencode arch=compute_20,code=sm_20  -x cu -o  "src/lab3test.o" "../src/lab3test.cu"
Finished building: ../src/lab3test.cu
 
Building target: lab3test
Invoking: NVCC Linker
/usr/local/cuda-7.0/bin/nvcc --cudart static --relocatable-device-code=false -gencode arch=compute_20,code=compute_20 -gencode arch=compute_20,code=sm_20 -link -o  "lab3test"  ./src/lab3test.o   -lcublas -lcusparse
Finished building target: lab3test
 
17:42:14 **** Incremental Build of configuration Debug for project lab3test ****
make all 
Building file: ../src/lab3test.cu
Invoking: NVCC Compiler
/usr/local/cuda-7.0/bin/nvcc -I/usr/local/cuda/samples/common/inc -G -g -lineinfo -O0 -gencode arch=compute_20,code=sm_20  -odir "src" -M -o "src/lab3test.d" "../src/lab3test.cu"
/usr/local/cuda-7.0/bin/nvcc -m64 -I/usr/local/cuda/samples/common/inc -G -g -lineinfo -O0 --compile --relocatable-device-code=false -gencode arch=compute_20,code=compute_20 -gencode arch=compute_20,code=sm_20  -x cu -o  "src/lab3test.o" "../src/lab3test.cu"
Finished building: ../src/lab3test.cu
 
Building target: lab3test
Invoking: NVCC Linker
/usr/local/cuda-7.0/bin/nvcc --cudart static --relocatable-device-code=false -gencode arch=compute_20,code=compute_20 -gencode arch=compute_20,code=sm_20 -link -o  "lab3test"  ./src/lab3test.o   -lcublas -lcusparse
Finished building target: lab3test
 
17:43:50 **** Incremental Build of configuration Debug for project lab3test ****
make all 
Building file: ../src/lab3test.cu
Invoking: NVCC Compiler
/usr/local/cuda-7.0/bin/nvcc -I/usr/local/cuda/samples/common/inc -G -g -lineinfo -O0 -gencode arch=compute_20,code=sm_20  -odir "src" -M -o "src/lab3test.d" "../src/lab3test.cu"
/usr/local/cuda-7.0/bin/nvcc -m64 -I/usr/local/cuda/samples/common/inc -G -g -lineinfo -O0 --compile --relocatable-device-code=false -gencode arch=compute_20,code=compute_20 -gencode arch=compute_20,code=sm_20  -x cu -o  "src/lab3test.o" "../src/lab3test.cu"
Finished building: ../src/lab3test.cu
 
Building target: lab3test
Invoking: NVCC Linker
/usr/local/cuda-7.0/bin/nvcc --cudart static --relocatable-device-code=false -gencode arch=compute_20,code=compute_20 -gencode arch=compute_20,code=sm_20 -link -o  "lab3test"  ./src/lab3test.o   -lcublas -lcusparse
Finished building target: lab3test
 
17:44:02 **** Incremental Build of configuration Debug for project lab3test ****
make all 
Building file: ../src/lab3test.cu
Invoking: NVCC Compiler
/usr/local/cuda-7.0/bin/nvcc -I/usr/local/cuda/samples/common/inc -G -g -lineinfo -O0 -gencode arch=compute_20,code=sm_20  -odir "src" -M -o "src/lab3test.d" "../src/lab3test.cu"
/usr/local/cuda-7.0/bin/nvcc -m64 -I/usr/local/cuda/samples/common/inc -G -g -lineinfo -O0 --compile --relocatable-device-code=false -gencode arch=compute_20,code=compute_20 -gencode arch=compute_20,code=sm_20  -x cu -o  "src/lab3test.o" "../src/lab3test.cu"
Finished building: ../src/lab3test.cu
 
Building target: lab3test
Invoking: NVCC Linker
/usr/local/cuda-7.0/bin/nvcc --cudart static --relocatable-device-code=false -gencode arch=compute_20,code=compute_20 -gencode arch=compute_20,code=sm_20 -link -o  "lab3test"  ./src/lab3test.o   -lcublas -lcusparse
Finished building target: lab3test
 
17:44:57 **** Incremental Build of configuration Debug for project lab3test ****
make all 
Building file: ../src/lab3test.cu
Invoking: NVCC Compiler
/usr/local/cuda-7.0/bin/nvcc -I/usr/local/cuda/samples/common/inc -G -g -lineinfo -O0 -gencode arch=compute_20,code=sm_20  -odir "src" -M -o "src/lab3test.d" "../src/lab3test.cu"
/usr/local/cuda-7.0/bin/nvcc -m64 -I/usr/local/cuda/samples/common/inc -G -g -lineinfo -O0 --compile --relocatable-device-code=false -gencode arch=compute_20,code=compute_20 -gencode arch=compute_20,code=sm_20  -x cu -o  "src/lab3test.o" "../src/lab3test.cu"
Finished building: ../src/lab3test.cu
 
Building target: lab3test
Invoking: NVCC Linker
/usr/local/cuda-7.0/bin/nvcc --cudart static --relocatable-device-code=false -gencode arch=compute_20,code=compute_20 -gencode arch=compute_20,code=sm_20 -link -o  "lab3test"  ./src/lab3test.o   -lcublas -lcusparse
Finished building target: lab3test
 
17:45:42 **** Incremental Build of configuration Debug for project lab3test ****
make all 
make: Nie ma nic do zrobienia w `all'.
17:58:30 **** Incremental Build of configuration Debug for project lab3test ****
make all 
Building file: ../src/lab3test.cu
Invoking: NVCC Compiler
/usr/local/cuda-7.0/bin/nvcc -I/usr/local/cuda/samples/common/inc -G -g -lineinfo -O0 -gencode arch=compute_20,code=sm_20  -odir "src" -M -o "src/lab3test.d" "../src/lab3test.cu"
/usr/local/cuda-7.0/bin/nvcc -m64 -I/usr/local/cuda/samples/common/inc -G -g -lineinfo -O0 --compile --relocatable-device-code=false -gencode arch=compute_20,code=compute_20 -gencode arch=compute_20,code=sm_20  -x cu -o  "src/lab3test.o" "../src/lab3test.cu"
Finished building: ../src/lab3test.cu
 
Building target: lab3test
Invoking: NVCC Linker
/usr/local/cuda-7.0/bin/nvcc --cudart static --relocatable-device-code=false -gencode arch=compute_20,code=compute_20 -gencode arch=compute_20,code=sm_20 -link -o  "lab3test"  ./src/lab3test.o   -lcublas -lcusparse
Finished building target: lab3test
 
17:59:05 **** Incremental Build of configuration Debug for project lab3test ****
make all 
Building file: ../src/lab3test.cu
Invoking: NVCC Compiler
/usr/local/cuda-7.0/bin/nvcc -I/usr/local/cuda/samples/common/inc -G -g -lineinfo -O0 -gencode arch=compute_20,code=sm_20  -odir "src" -M -o "src/lab3test.d" "../src/lab3test.cu"
/usr/local/cuda-7.0/bin/nvcc -m64 -I/usr/local/cuda/samples/common/inc -G -g -lineinfo -O0 --compile --relocatable-device-code=false -gencode arch=compute_20,code=compute_20 -gencode arch=compute_20,code=sm_20  -x cu -o  "src/lab3test.o" "../src/lab3test.cu"
Finished building: ../src/lab3test.cu
 
Building target: lab3test
Invoking: NVCC Linker
/usr/local/cuda-7.0/bin/nvcc --cudart static --relocatable-device-code=false -gencode arch=compute_20,code=compute_20 -gencode arch=compute_20,code=sm_20 -link -o  "lab3test"  ./src/lab3test.o   -lcublas -lcusparse
Finished building target: lab3test
 
18:05:29 **** Incremental Build of configuration Debug for project lab3test ****
make all 
Building file: ../src/lab3test.cu
Invoking: NVCC Compiler
/usr/local/cuda-7.0/bin/nvcc -I/usr/local/cuda/samples/common/inc -G -g -lineinfo -O0 -gencode arch=compute_20,code=sm_20  -odir "src" -M -o "src/lab3test.d" "../src/lab3test.cu"
/usr/local/cuda-7.0/bin/nvcc -m64 -I/usr/local/cuda/samples/common/inc -G -g -lineinfo -O0 --compile --relocatable-device-code=false -gencode arch=compute_20,code=compute_20 -gencode arch=compute_20,code=sm_20  -x cu -o  "src/lab3test.o" "../src/lab3test.cu"
Finished building: ../src/lab3test.cu
 
Building target: lab3test
Invoking: NVCC Linker
/usr/local/cuda-7.0/bin/nvcc --cudart static --relocatable-device-code=false -gencode arch=compute_20,code=compute_20 -gencode arch=compute_20,code=sm_20 -link -o  "lab3test"  ./src/lab3test.o   -lcublas -lcusparse
Finished building target: lab3test
 
18:05:43 **** Incremental Build of configuration Debug for project lab3test ****
make all 
make: Nie ma nic do zrobienia w `all'.
18:06:04 **** Incremental Build of configuration Debug for project lab3test ****
make all 
make: Nie ma nic do zrobienia w `all'.
